[2026-02-08 14:03:13,334] INFO - Starting training with config:
seed: 234
device: cuda
num_epochs: 40
batch_size: 16
num_workers: 4
lr: 0.0005
tasks:
  enable_seg: true
  enable_cls: true
data:
  use_dummy: false
  use_slide_manifest: true
  train_slide_manifest: data/processed/manifest_slides_train.csv
  val_slide_manifest: data/processed/manifest_slides_val.csv
  coords_cache_slides: 2
  cache_masks: false
  mask_level: null
  mask_max_size: 4096
  normalize: imagenet
  imagenet_mean:
  - 0.485
  - 0.456
  - 0.406
  imagenet_std:
  - 0.229
  - 0.224
  - 0.225
  train_images: data/train/images_fixed
  train_masks: data/train/masks_fixed
  train_labels: data/train/labels.csv
  val_images: data/val/images_fixed
  val_masks: data/val/masks_fixed
  val_labels: data/val/labels.csv
  test_images: data/test/images_fixed
  test_masks: data/test/masks_fixed
  test_labels: data/test/labels.csv
  dummy:
    train_samples: 8
    val_samples: 4
    test_samples: 4
    image_size: 128
aug:
  flip_p: 0.5
  affine:
    degrees: 10.0
    translate: 0.05
    scale_range:
    - 0.95
    - 1.05
    shear: 5.0
    p: 0.7
  elastic:
    alpha: 0.05
    grid_size: 4
    p: 0.3
loader:
  stratified_train: true
  stratified_val: true
  train_positive_ratio: 0.38
  train_drop_last: false
  val_positive_ratio: 0.51
model:
  backbone: mobilenet_v2
  num_classes: 1
  seg_upsample_to_input: true
  pretrained: true
  mobilenet_width_mult: 1.0
  use_light_decoder: true
  attention: se
  attention_location: decoder
  encoder_attention: null
  decoder_attention: null
  attention_reduction: 16
  decoder_attention_layers:
  - up4
loss:
  seg: bce_with_logits
  seg_weight: 1.0
  cls_weight: 1.0
  dice_weight: 0.5
  cls: bce
  weighting: fixed
  use_uncertainty: false
  uncertainty_init: 0.0
  gradnorm_alpha: 1.5
log:
  save_timing_dir: ${hydra:runtime.output_dir}
  save_dir: ${hydra:runtime.output_dir}
  save_ckpt: true
  train_log_interval: 20
  val_log_interval: 20
  params_dir: ${hydra:runtime.output_dir}
  roc_dir: ${hydra:runtime.output_dir}/roc
eval:
  ckpt: null
  save_dir: ${log.params_dir}
  save_roc: true
prepare_train:
  slides_dir: data/camelyon16/train/images
  masks_dir: data/camelyon16/train/masks
  annotations_dir: null
  manifest_path: data/processed/patch_manifest_train.csv
  patch_level: 0
  patch_size: 256
  patch_stride: 256
  tissue_level: null
  min_tissue: 0.5
  pos_threshold: 0.5
  neg_threshold: 0.0
  neg_keep_prob: 0.08
  seed: 42
  groups: Tumor
  max_patches_per_slide: null
  mask_suffix: _mask.tif
  prefer_masks: true
  progress_interval: 1000
  mask_level: null
  mask_max_size: null
  tissue_max_size: 4096
  coords_out_dir: data/processed/coords/train
  slide_manifest_path: data/processed/manifest_slides_train.csv
  write_patch_manifest: false
prepare_val:
  slides_dir: data/camelyon16/val/images
  masks_dir: data/camelyon16/val/masks
  annotations_dir: null
  manifest_path: data/processed/patch_manifest_val.csv
  patch_level: 0
  patch_size: 256
  patch_stride: 256
  tissue_level: null
  min_tissue: 0.5
  pos_threshold: 0.5
  neg_threshold: 0.0
  neg_keep_prob: 1.0
  seed: 42
  groups: Tumor
  max_patches_per_slide: null
  mask_suffix: _mask.tif
  prefer_masks: true
  progress_interval: 5000
  mask_level: null
  mask_max_size: null
  tissue_max_size: 4096
  coords_out_dir: data/processed/coords/val
  slide_manifest_path: data/processed/manifest_slides_val.csv
  write_patch_manifest: false

[2026-02-08 14:03:13,334] INFO - Loss weighting strategy: fixed
[2026-02-08 14:03:13,337] WARNING - SlideCoordsDataset does not support stratified sampling; disabling.
[2026-02-08 14:03:13,337] WARNING - SlideCoordsDataset does not support stratified sampling; disabling.
[2026-02-08 14:03:14,872] INFO - Train epoch=1 step=1/291740 loss=1.0473 seg=0.4712 cls=0.5761
[2026-02-08 14:03:15,796] INFO - Train epoch=1 step=20/291740 loss=0.6608 seg=0.4274 cls=0.2333
[2026-02-08 14:03:16,871] INFO - Train epoch=1 step=40/291740 loss=0.3936 seg=0.3507 cls=0.0428
[2026-02-08 14:03:17,937] INFO - Train epoch=1 step=60/291740 loss=0.3690 seg=0.3221 cls=0.0469
[2026-02-08 14:03:18,966] INFO - Train epoch=1 step=80/291740 loss=0.3393 seg=0.2973 cls=0.0420
[2026-02-08 14:03:19,913] INFO - Train epoch=1 step=100/291740 loss=0.3067 seg=0.2742 cls=0.0326
[2026-02-08 14:03:20,846] INFO - Train epoch=1 step=120/291740 loss=0.4984 seg=0.2527 cls=0.2456
[2026-02-08 14:03:21,773] INFO - Train epoch=1 step=140/291740 loss=0.2497 seg=0.2280 cls=0.0217
[2026-02-08 14:03:22,693] INFO - Train epoch=1 step=160/291740 loss=0.2320 seg=0.2061 cls=0.0259
[2026-02-08 14:03:23,652] INFO - Train epoch=1 step=180/291740 loss=0.2157 seg=0.1836 cls=0.0321
[2026-02-08 14:03:24,601] INFO - Train epoch=1 step=200/291740 loss=0.5138 seg=0.2313 cls=0.2825
[2026-02-08 14:03:25,525] INFO - Train epoch=1 step=220/291740 loss=0.1609 seg=0.1375 cls=0.0234
[2026-02-08 14:03:26,484] INFO - Train epoch=1 step=240/291740 loss=0.3761 seg=0.1204 cls=0.2557
[2026-02-08 14:03:27,450] INFO - Train epoch=1 step=260/291740 loss=0.1239 seg=0.1031 cls=0.0208
[2026-02-08 14:03:28,409] INFO - Train epoch=1 step=280/291740 loss=0.1391 seg=0.0893 cls=0.0497
[2026-02-08 14:03:29,358] INFO - Train epoch=1 step=300/291740 loss=0.1024 seg=0.0781 cls=0.0243
[2026-02-08 14:03:30,289] INFO - Train epoch=1 step=320/291740 loss=0.1044 seg=0.0689 cls=0.0356
[2026-02-08 14:03:31,214] INFO - Train epoch=1 step=340/291740 loss=0.0742 seg=0.0590 cls=0.0152
[2026-02-08 14:03:32,138] INFO - Train epoch=1 step=360/291740 loss=0.0645 seg=0.0512 cls=0.0134
[2026-02-08 14:03:33,087] INFO - Train epoch=1 step=380/291740 loss=0.4210 seg=0.1512 cls=0.2697
[2026-02-08 14:03:34,029] INFO - Train epoch=1 step=400/291740 loss=0.0601 seg=0.0414 cls=0.0186
[2026-02-08 14:03:34,940] INFO - Train epoch=1 step=420/291740 loss=0.4619 seg=0.1931 cls=0.2688
[2026-02-08 14:03:35,877] INFO - Train epoch=1 step=440/291740 loss=1.0721 seg=0.3770 cls=0.6951
[2026-02-08 14:03:36,823] INFO - Train epoch=1 step=460/291740 loss=0.0626 seg=0.0329 cls=0.0297
[2026-02-08 14:03:37,761] INFO - Train epoch=1 step=480/291740 loss=0.0498 seg=0.0307 cls=0.0190
[2026-02-08 14:03:38,710] INFO - Train epoch=1 step=500/291740 loss=0.3625 seg=0.0829 cls=0.2795
[2026-02-08 14:03:39,668] INFO - Train epoch=1 step=520/291740 loss=0.4515 seg=0.1531 cls=0.2984
[2026-02-08 14:03:40,627] INFO - Train epoch=1 step=540/291740 loss=0.0537 seg=0.0316 cls=0.0221
[2026-02-08 14:03:41,563] INFO - Train epoch=1 step=560/291740 loss=0.0332 seg=0.0221 cls=0.0111
[2026-02-08 14:03:42,475] INFO - Train epoch=1 step=580/291740 loss=0.0308 seg=0.0198 cls=0.0110
[2026-02-08 14:03:43,414] INFO - Train epoch=1 step=600/291740 loss=0.0348 seg=0.0188 cls=0.0160
[2026-02-08 14:03:44,313] INFO - Train epoch=1 step=620/291740 loss=0.0300 seg=0.0184 cls=0.0116
[2026-02-08 14:03:45,222] INFO - Train epoch=1 step=640/291740 loss=0.0356 seg=0.0163 cls=0.0193
[2026-02-08 14:03:46,086] INFO - Train epoch=1 step=660/291740 loss=0.0330 seg=0.0205 cls=0.0124
[2026-02-08 14:03:46,990] INFO - Train epoch=1 step=680/291740 loss=0.2896 seg=0.0153 cls=0.2743
[2026-02-08 14:03:47,927] INFO - Train epoch=1 step=700/291740 loss=0.0711 seg=0.0560 cls=0.0151
[2026-02-08 14:03:48,835] INFO - Train epoch=1 step=720/291740 loss=0.0267 seg=0.0139 cls=0.0128
[2026-02-08 14:03:49,751] INFO - Train epoch=1 step=740/291740 loss=0.0302 seg=0.0132 cls=0.0170
[2026-02-08 14:03:50,663] INFO - Train epoch=1 step=760/291740 loss=0.0254 seg=0.0138 cls=0.0116
[2026-02-08 14:03:51,583] INFO - Train epoch=1 step=780/291740 loss=0.0227 seg=0.0122 cls=0.0106
[2026-02-08 14:03:52,546] INFO - Train epoch=1 step=800/291740 loss=0.0399 seg=0.0211 cls=0.0188
[2026-02-08 14:03:53,476] INFO - Train epoch=1 step=820/291740 loss=0.3479 seg=0.0111 cls=0.3367
[2026-02-08 14:03:54,433] INFO - Train epoch=1 step=840/291740 loss=0.9065 seg=0.1744 cls=0.7321
[2026-02-08 14:03:55,411] INFO - Train epoch=1 step=860/291740 loss=0.0933 seg=0.0821 cls=0.0112
[2026-02-08 14:03:56,359] INFO - Train epoch=1 step=880/291740 loss=0.0309 seg=0.0105 cls=0.0204
[2026-02-08 14:03:57,336] INFO - Train epoch=1 step=900/291740 loss=0.0265 seg=0.0095 cls=0.0170
[2026-02-08 14:03:58,314] INFO - Train epoch=1 step=920/291740 loss=0.0200 seg=0.0094 cls=0.0106
[2026-02-08 14:03:59,261] INFO - Train epoch=1 step=940/291740 loss=0.0631 seg=0.0503 cls=0.0128
[2026-02-08 14:04:00,156] INFO - Train epoch=1 step=960/291740 loss=0.0334 seg=0.0093 cls=0.0241
[2026-02-08 14:04:01,032] INFO - Train epoch=1 step=980/291740 loss=0.0737 seg=0.0593 cls=0.0144
[2026-02-08 14:04:01,938] INFO - Train epoch=1 step=1000/291740 loss=0.0198 seg=0.0082 cls=0.0116
[2026-02-08 14:04:03,103] INFO - Train epoch=1 step=1020/291740 loss=0.2544 seg=0.0073 cls=0.2471
[2026-02-08 14:04:04,594] INFO - Train epoch=1 step=1040/291740 loss=0.0304 seg=0.0119 cls=0.0185
[2026-02-08 14:04:05,596] INFO - Train epoch=1 step=1060/291740 loss=0.4704 seg=0.1651 cls=0.3053
[2026-02-08 14:04:06,554] INFO - Train epoch=1 step=1080/291740 loss=0.0208 seg=0.0084 cls=0.0125
[2026-02-08 14:04:07,494] INFO - Train epoch=1 step=1100/291740 loss=0.0205 seg=0.0072 cls=0.0133
[2026-02-08 14:04:08,448] INFO - Train epoch=1 step=1120/291740 loss=0.0203 seg=0.0082 cls=0.0121
[2026-02-08 14:04:09,397] INFO - Train epoch=1 step=1140/291740 loss=0.0194 seg=0.0077 cls=0.0117
[2026-02-08 14:04:10,341] INFO - Train epoch=1 step=1160/291740 loss=0.0654 seg=0.0516 cls=0.0137
[2026-02-08 14:04:11,297] INFO - Train epoch=1 step=1180/291740 loss=0.0223 seg=0.0061 cls=0.0162
[2026-02-08 14:04:12,249] INFO - Train epoch=1 step=1200/291740 loss=0.0137 seg=0.0063 cls=0.0074
[2026-02-08 14:04:13,197] INFO - Train epoch=1 step=1220/291740 loss=0.0152 seg=0.0060 cls=0.0092
[2026-02-08 14:04:14,027] INFO - Train epoch=1 step=1240/291740 loss=0.0213 seg=0.0056 cls=0.0157
[2026-02-08 14:04:14,769] INFO - Train epoch=1 step=1260/291740 loss=0.0174 seg=0.0055 cls=0.0119
[2026-02-08 14:04:15,764] INFO - Train epoch=1 step=1280/291740 loss=0.2104 seg=0.1141 cls=0.0962
[2026-02-08 14:04:16,723] INFO - Train epoch=1 step=1300/291740 loss=0.0186 seg=0.0058 cls=0.0128
[2026-02-08 14:04:17,699] INFO - Train epoch=1 step=1320/291740 loss=0.0151 seg=0.0061 cls=0.0090
[2026-02-08 14:04:18,687] INFO - Train epoch=1 step=1340/291740 loss=0.0164 seg=0.0062 cls=0.0102
[2026-02-08 14:04:19,656] INFO - Train epoch=1 step=1360/291740 loss=0.0165 seg=0.0058 cls=0.0107
[2026-02-08 14:04:20,606] INFO - Train epoch=1 step=1380/291740 loss=0.0175 seg=0.0065 cls=0.0109
[2026-02-08 14:04:21,565] INFO - Train epoch=1 step=1400/291740 loss=0.0142 seg=0.0051 cls=0.0090
[2026-02-08 14:04:22,529] INFO - Train epoch=1 step=1420/291740 loss=0.0199 seg=0.0058 cls=0.0141
[2026-02-08 14:04:23,471] INFO - Train epoch=1 step=1440/291740 loss=0.0169 seg=0.0050 cls=0.0119
[2026-02-08 14:04:24,406] INFO - Train epoch=1 step=1460/291740 loss=0.0692 seg=0.0452 cls=0.0239
[2026-02-08 14:04:25,353] INFO - Train epoch=1 step=1480/291740 loss=0.0765 seg=0.0547 cls=0.0219
[2026-02-08 14:04:26,310] INFO - Train epoch=1 step=1500/291740 loss=0.0195 seg=0.0065 cls=0.0131
[2026-02-08 14:04:27,249] INFO - Train epoch=1 step=1520/291740 loss=0.0694 seg=0.0568 cls=0.0126
[2026-02-08 14:04:28,191] INFO - Train epoch=1 step=1540/291740 loss=0.0103 seg=0.0044 cls=0.0059
[2026-02-08 14:04:29,162] INFO - Train epoch=1 step=1560/291740 loss=0.0143 seg=0.0045 cls=0.0098
[2026-02-08 14:04:30,152] INFO - Train epoch=1 step=1580/291740 loss=0.0405 seg=0.0136 cls=0.0269
[2026-02-08 14:04:31,136] INFO - Train epoch=1 step=1600/291740 loss=0.0567 seg=0.0182 cls=0.0385
[2026-02-08 14:04:32,095] INFO - Train epoch=1 step=1620/291740 loss=0.0185 seg=0.0051 cls=0.0134
[2026-02-08 14:04:32,972] INFO - Train epoch=1 step=1640/291740 loss=0.0144 seg=0.0042 cls=0.0101
[2026-02-08 14:04:33,877] INFO - Train epoch=1 step=1660/291740 loss=0.0168 seg=0.0045 cls=0.0123
[2026-02-08 14:04:34,855] INFO - Train epoch=1 step=1680/291740 loss=0.0169 seg=0.0041 cls=0.0127
[2026-02-08 14:04:35,797] INFO - Train epoch=1 step=1700/291740 loss=0.0121 seg=0.0039 cls=0.0083
[2026-02-08 14:04:36,765] INFO - Train epoch=1 step=1720/291740 loss=0.0164 seg=0.0053 cls=0.0111
[2026-02-08 14:04:37,728] INFO - Train epoch=1 step=1740/291740 loss=0.0208 seg=0.0042 cls=0.0167
[2026-02-08 14:04:38,685] INFO - Train epoch=1 step=1760/291740 loss=0.0232 seg=0.0036 cls=0.0196
[2026-02-08 14:04:39,684] INFO - Train epoch=1 step=1780/291740 loss=0.0214 seg=0.0040 cls=0.0174
[2026-02-08 14:04:40,631] INFO - Train epoch=1 step=1800/291740 loss=0.0681 seg=0.0519 cls=0.0161
[2026-02-08 14:04:41,589] INFO - Train epoch=1 step=1820/291740 loss=0.0257 seg=0.0046 cls=0.0212
[2026-02-08 14:04:42,610] INFO - Train epoch=1 step=1840/291740 loss=0.0441 seg=0.0236 cls=0.0205
[2026-02-08 14:04:43,661] INFO - Train epoch=1 step=1860/291740 loss=0.0509 seg=0.0403 cls=0.0105
[2026-02-08 14:04:44,683] INFO - Train epoch=1 step=1880/291740 loss=0.0142 seg=0.0040 cls=0.0101
[2026-02-08 14:04:45,644] INFO - Train epoch=1 step=1900/291740 loss=0.1322 seg=0.0084 cls=0.1238
[2026-02-08 14:04:46,599] INFO - Train epoch=1 step=1920/291740 loss=0.3455 seg=0.0533 cls=0.2922
[2026-02-08 14:04:47,556] INFO - Train epoch=1 step=1940/291740 loss=0.0186 seg=0.0047 cls=0.0139
[2026-02-08 14:04:48,509] INFO - Train epoch=1 step=1960/291740 loss=0.0132 seg=0.0039 cls=0.0093
[2026-02-08 14:04:49,459] INFO - Train epoch=1 step=1980/291740 loss=0.2582 seg=0.0041 cls=0.2542
[2026-02-08 14:04:50,397] INFO - Train epoch=1 step=2000/291740 loss=0.0192 seg=0.0046 cls=0.0146
[2026-02-08 14:04:51,357] INFO - Train epoch=1 step=2020/291740 loss=0.0137 seg=0.0039 cls=0.0097
[2026-02-08 14:04:52,350] INFO - Train epoch=1 step=2040/291740 loss=0.0103 seg=0.0034 cls=0.0069
[2026-02-08 14:04:53,319] INFO - Train epoch=1 step=2060/291740 loss=0.0138 seg=0.0032 cls=0.0106
[2026-02-08 14:04:54,245] INFO - Train epoch=1 step=2080/291740 loss=0.0099 seg=0.0030 cls=0.0069
[2026-02-08 14:04:55,221] INFO - Train epoch=1 step=2100/291740 loss=0.0105 seg=0.0027 cls=0.0078
[2026-02-08 14:04:56,189] INFO - Train epoch=1 step=2120/291740 loss=0.0114 seg=0.0026 cls=0.0087
[2026-02-08 14:04:57,203] INFO - Train epoch=1 step=2140/291740 loss=0.0094 seg=0.0028 cls=0.0066
[2026-02-08 14:04:58,204] INFO - Train epoch=1 step=2160/291740 loss=0.0189 seg=0.0033 cls=0.0156
[2026-02-08 14:04:59,171] INFO - Train epoch=1 step=2180/291740 loss=0.0260 seg=0.0039 cls=0.0220
[2026-02-08 14:05:00,141] INFO - Train epoch=1 step=2200/291740 loss=0.0201 seg=0.0039 cls=0.0162
[2026-02-08 14:05:01,133] INFO - Train epoch=1 step=2220/291740 loss=0.4756 seg=0.1803 cls=0.2953
[2026-02-08 14:05:02,150] INFO - Train epoch=1 step=2240/291740 loss=0.0251 seg=0.0071 cls=0.0180
[2026-02-08 14:05:03,140] INFO - Train epoch=1 step=2260/291740 loss=0.0271 seg=0.0045 cls=0.0226
[2026-02-08 14:05:04,120] INFO - Train epoch=1 step=2280/291740 loss=0.0247 seg=0.0044 cls=0.0203
[2026-02-08 14:05:05,079] INFO - Train epoch=1 step=2300/291740 loss=0.0234 seg=0.0048 cls=0.0186
[2026-02-08 14:05:06,053] INFO - Train epoch=1 step=2320/291740 loss=0.0239 seg=0.0043 cls=0.0196
[2026-02-08 14:05:07,069] INFO - Train epoch=1 step=2340/291740 loss=0.0297 seg=0.0057 cls=0.0240
[2026-02-08 14:05:08,088] INFO - Train epoch=1 step=2360/291740 loss=0.0290 seg=0.0060 cls=0.0230
[2026-02-08 14:05:09,086] INFO - Train epoch=1 step=2380/291740 loss=0.0325 seg=0.0070 cls=0.0255
[2026-02-08 14:05:10,093] INFO - Train epoch=1 step=2400/291740 loss=0.8300 seg=0.3075 cls=0.5225
[2026-02-08 14:05:11,091] INFO - Train epoch=1 step=2420/291740 loss=0.0161 seg=0.0056 cls=0.0106
[2026-02-08 14:05:12,071] INFO - Train epoch=1 step=2440/291740 loss=0.1160 seg=0.0875 cls=0.0285
[2026-02-08 14:05:13,039] INFO - Train epoch=1 step=2460/291740 loss=0.4557 seg=0.1691 cls=0.2865
[2026-02-08 14:05:13,968] INFO - Train epoch=1 step=2480/291740 loss=0.0174 seg=0.0041 cls=0.0133
[2026-02-08 14:05:14,917] INFO - Train epoch=1 step=2500/291740 loss=0.0494 seg=0.0374 cls=0.0120
[2026-02-08 14:05:15,870] INFO - Train epoch=1 step=2520/291740 loss=0.0246 seg=0.0043 cls=0.0203
[2026-02-08 14:05:16,822] INFO - Train epoch=1 step=2540/291740 loss=0.0534 seg=0.0428 cls=0.0106
[2026-02-08 14:05:17,741] INFO - Train epoch=1 step=2560/291740 loss=0.0142 seg=0.0036 cls=0.0107
[2026-02-08 14:05:18,617] INFO - Train epoch=1 step=2580/291740 loss=0.0155 seg=0.0037 cls=0.0118
[2026-02-08 14:05:19,493] INFO - Train epoch=1 step=2600/291740 loss=0.6523 seg=0.0497 cls=0.6025
[2026-02-08 14:05:20,399] INFO - Train epoch=1 step=2620/291740 loss=0.4827 seg=0.1853 cls=0.2974
[2026-02-08 14:05:21,381] INFO - Train epoch=1 step=2640/291740 loss=0.4606 seg=0.1724 cls=0.2882
[2026-02-08 14:05:22,311] INFO - Train epoch=1 step=2660/291740 loss=0.0487 seg=0.0417 cls=0.0070
[2026-02-08 14:05:23,280] INFO - Train epoch=1 step=2680/291740 loss=0.0232 seg=0.0054 cls=0.0177
[2026-02-08 14:05:24,259] INFO - Train epoch=1 step=2700/291740 loss=0.0165 seg=0.0045 cls=0.0119
[2026-02-08 14:05:25,207] INFO - Train epoch=1 step=2720/291740 loss=0.0461 seg=0.0382 cls=0.0079
[2026-02-08 14:05:26,152] INFO - Train epoch=1 step=2740/291740 loss=0.0146 seg=0.0040 cls=0.0107
[2026-02-08 14:05:27,110] INFO - Train epoch=1 step=2760/291740 loss=0.1138 seg=0.0610 cls=0.0528
[2026-02-08 14:05:28,054] INFO - Train epoch=1 step=2780/291740 loss=0.0572 seg=0.0480 cls=0.0092
[2026-02-08 14:05:29,049] INFO - Train epoch=1 step=2800/291740 loss=0.5540 seg=0.1864 cls=0.3676
[2026-02-08 14:05:30,088] INFO - Train epoch=1 step=2820/291740 loss=0.8145 seg=0.1753 cls=0.6392
[2026-02-08 14:05:30,972] INFO - Train epoch=1 step=2840/291740 loss=0.0175 seg=0.0046 cls=0.0129
[2026-02-08 14:05:31,895] INFO - Train epoch=1 step=2860/291740 loss=0.0169 seg=0.0055 cls=0.0114
[2026-02-08 14:05:32,794] INFO - Train epoch=1 step=2880/291740 loss=0.0145 seg=0.0046 cls=0.0100
[2026-02-08 14:05:34,362] INFO - Train epoch=1 step=2900/291740 loss=0.0505 seg=0.0423 cls=0.0083
[2026-02-08 14:05:35,342] INFO - Train epoch=1 step=2920/291740 loss=0.0202 seg=0.0054 cls=0.0148
[2026-02-08 14:05:36,711] INFO - Train epoch=1 step=2940/291740 loss=0.0632 seg=0.0524 cls=0.0109
[2026-02-08 14:05:37,714] INFO - Train epoch=1 step=2960/291740 loss=0.0128 seg=0.0040 cls=0.0088
[2026-02-08 14:05:38,633] INFO - Train epoch=1 step=2980/291740 loss=0.0111 seg=0.0039 cls=0.0071
[2026-02-08 14:05:39,541] INFO - Train epoch=1 step=3000/291740 loss=0.0134 seg=0.0036 cls=0.0098
[2026-02-08 14:05:40,427] INFO - Train epoch=1 step=3020/291740 loss=0.0480 seg=0.0420 cls=0.0060
[2026-02-08 14:05:41,384] INFO - Train epoch=1 step=3040/291740 loss=0.0151 seg=0.0041 cls=0.0110
[2026-02-08 14:05:42,366] INFO - Train epoch=1 step=3060/291740 loss=0.0136 seg=0.0034 cls=0.0102
[2026-02-08 14:05:43,337] INFO - Train epoch=1 step=3080/291740 loss=0.0327 seg=0.0045 cls=0.0282
[2026-02-08 14:05:44,238] INFO - Train epoch=1 step=3100/291740 loss=0.0462 seg=0.0359 cls=0.0103
[2026-02-08 14:05:45,153] INFO - Train epoch=1 step=3120/291740 loss=0.0133 seg=0.0035 cls=0.0098
[2026-02-08 14:05:46,182] INFO - Train epoch=1 step=3140/291740 loss=0.0217 seg=0.0035 cls=0.0183
[2026-02-08 14:05:47,135] INFO - Train epoch=1 step=3160/291740 loss=0.0458 seg=0.0045 cls=0.0413
[2026-02-08 14:05:47,883] INFO - Train epoch=1 step=3180/291740 loss=0.0151 seg=0.0041 cls=0.0110
[2026-02-08 14:05:48,685] INFO - Train epoch=1 step=3200/291740 loss=0.0181 seg=0.0044 cls=0.0137
[2026-02-08 14:05:49,652] INFO - Train epoch=1 step=3220/291740 loss=0.0215 seg=0.0084 cls=0.0131
[2026-02-08 14:05:50,542] INFO - Train epoch=1 step=3240/291740 loss=0.0366 seg=0.0087 cls=0.0279
[2026-02-08 14:05:51,252] INFO - Train epoch=1 step=3260/291740 loss=0.0196 seg=0.0048 cls=0.0148
[2026-02-08 14:05:52,309] INFO - Train epoch=1 step=3280/291740 loss=0.0171 seg=0.0049 cls=0.0122
[2026-02-08 14:05:53,276] INFO - Train epoch=1 step=3300/291740 loss=0.0138 seg=0.0043 cls=0.0095
[2026-02-08 14:05:54,198] INFO - Train epoch=1 step=3320/291740 loss=0.0448 seg=0.0373 cls=0.0076
[2026-02-08 14:05:55,151] INFO - Train epoch=1 step=3340/291740 loss=0.0174 seg=0.0068 cls=0.0106
[2026-02-08 14:05:56,116] INFO - Train epoch=1 step=3360/291740 loss=0.0247 seg=0.0051 cls=0.0196
[2026-02-08 14:05:57,123] INFO - Train epoch=1 step=3380/291740 loss=0.0229 seg=0.0051 cls=0.0179
[2026-02-08 14:05:58,103] INFO - Train epoch=1 step=3400/291740 loss=0.0672 seg=0.0392 cls=0.0280
[2026-02-08 14:05:59,048] INFO - Train epoch=1 step=3420/291740 loss=0.0219 seg=0.0074 cls=0.0145
[2026-02-08 14:05:59,998] INFO - Train epoch=1 step=3440/291740 loss=0.3886 seg=0.1323 cls=0.2563
[2026-02-08 14:06:00,951] INFO - Train epoch=1 step=3460/291740 loss=0.5351 seg=0.1965 cls=0.3386
[2026-02-08 14:06:01,896] INFO - Train epoch=1 step=3480/291740 loss=0.4326 seg=0.1788 cls=0.2538
[2026-02-08 14:06:02,845] INFO - Train epoch=1 step=3500/291740 loss=0.0329 seg=0.0048 cls=0.0282
[2026-02-08 14:06:03,796] INFO - Train epoch=1 step=3520/291740 loss=0.0246 seg=0.0057 cls=0.0189
[2026-02-08 14:06:04,761] INFO - Train epoch=1 step=3540/291740 loss=0.5623 seg=0.2156 cls=0.3468
[2026-02-08 14:06:05,729] INFO - Train epoch=1 step=3560/291740 loss=1.0086 seg=0.3837 cls=0.6249
[2026-02-08 14:06:06,691] INFO - Train epoch=1 step=3580/291740 loss=0.0527 seg=0.0417 cls=0.0110
[2026-02-08 14:06:07,710] INFO - Train epoch=1 step=3600/291740 loss=1.4410 seg=0.5215 cls=0.9194
[2026-02-08 14:06:08,673] INFO - Train epoch=1 step=3620/291740 loss=0.4596 seg=0.1822 cls=0.2774
[2026-02-08 14:06:09,656] INFO - Train epoch=1 step=3640/291740 loss=0.0173 seg=0.0035 cls=0.0138
[2026-02-08 14:06:10,640] INFO - Train epoch=1 step=3660/291740 loss=0.5451 seg=0.2260 cls=0.3191
[2026-02-08 14:06:11,604] INFO - Train epoch=1 step=3680/291740 loss=0.0395 seg=0.0067 cls=0.0328
[2026-02-08 14:06:12,552] INFO - Train epoch=1 step=3700/291740 loss=0.0230 seg=0.0047 cls=0.0183
[2026-02-08 14:06:13,490] INFO - Train epoch=1 step=3720/291740 loss=0.0268 seg=0.0055 cls=0.0214
[2026-02-08 14:06:14,484] INFO - Train epoch=1 step=3740/291740 loss=0.0266 seg=0.0048 cls=0.0218
[2026-02-08 14:06:15,432] INFO - Train epoch=1 step=3760/291740 loss=0.2822 seg=0.0054 cls=0.2769
[2026-02-08 14:06:16,390] INFO - Train epoch=1 step=3780/291740 loss=0.0175 seg=0.0051 cls=0.0125
[2026-02-08 14:06:17,332] INFO - Train epoch=1 step=3800/291740 loss=0.9447 seg=0.3544 cls=0.5904
[2026-02-08 14:06:18,246] INFO - Train epoch=1 step=3820/291740 loss=0.0222 seg=0.0050 cls=0.0172
[2026-02-08 14:06:19,227] INFO - Train epoch=1 step=3840/291740 loss=0.0245 seg=0.0049 cls=0.0196
[2026-02-08 14:06:20,212] INFO - Train epoch=1 step=3860/291740 loss=0.0776 seg=0.0450 cls=0.0326
[2026-02-08 14:06:21,225] INFO - Train epoch=1 step=3880/291740 loss=0.0206 seg=0.0058 cls=0.0149
[2026-02-08 14:06:22,197] INFO - Train epoch=1 step=3900/291740 loss=0.0196 seg=0.0049 cls=0.0147
[2026-02-08 14:06:23,162] INFO - Train epoch=1 step=3920/291740 loss=0.2273 seg=0.0050 cls=0.2224
[2026-02-08 14:06:24,118] INFO - Train epoch=1 step=3940/291740 loss=0.0440 seg=0.0068 cls=0.0372
[2026-02-08 14:06:25,001] INFO - Train epoch=1 step=3960/291740 loss=0.0380 seg=0.0063 cls=0.0318
[2026-02-08 14:06:25,890] INFO - Train epoch=1 step=3980/291740 loss=0.0197 seg=0.0048 cls=0.0149
[2026-02-08 14:06:26,832] INFO - Train epoch=1 step=4000/291740 loss=0.0133 seg=0.0042 cls=0.0092
[2026-02-08 14:06:27,783] INFO - Train epoch=1 step=4020/291740 loss=0.0205 seg=0.0044 cls=0.0161
[2026-02-08 14:06:28,713] INFO - Train epoch=1 step=4040/291740 loss=0.0232 seg=0.0046 cls=0.0186
[2026-02-08 14:06:29,665] INFO - Train epoch=1 step=4060/291740 loss=0.0221 seg=0.0049 cls=0.0173
[2026-02-08 14:06:30,598] INFO - Train epoch=1 step=4080/291740 loss=0.8036 seg=0.2020 cls=0.6017
[2026-02-08 14:06:31,543] INFO - Train epoch=1 step=4100/291740 loss=0.0440 seg=0.0357 cls=0.0083
[2026-02-08 14:06:32,472] INFO - Train epoch=1 step=4120/291740 loss=0.0191 seg=0.0042 cls=0.0150
[2026-02-08 14:06:33,442] INFO - Train epoch=1 step=4140/291740 loss=0.0197 seg=0.0045 cls=0.0152
[2026-02-08 14:06:34,393] INFO - Train epoch=1 step=4160/291740 loss=0.0252 seg=0.0070 cls=0.0182
[2026-02-08 14:06:35,363] INFO - Train epoch=1 step=4180/291740 loss=0.0203 seg=0.0045 cls=0.0158
[2026-02-08 14:06:36,328] INFO - Train epoch=1 step=4200/291740 loss=0.0196 seg=0.0042 cls=0.0155
[2026-02-08 14:06:37,247] INFO - Train epoch=1 step=4220/291740 loss=0.0189 seg=0.0044 cls=0.0145
[2026-02-08 14:06:38,165] INFO - Train epoch=1 step=4240/291740 loss=0.0198 seg=0.0048 cls=0.0150
[2026-02-08 14:06:39,170] INFO - Train epoch=1 step=4260/291740 loss=0.3403 seg=0.0794 cls=0.2609
[2026-02-08 14:06:40,155] INFO - Train epoch=1 step=4280/291740 loss=0.6915 seg=0.1724 cls=0.5190
[2026-02-08 14:06:41,161] INFO - Train epoch=1 step=4300/291740 loss=0.0356 seg=0.0052 cls=0.0304
[2026-02-08 14:06:42,152] INFO - Train epoch=1 step=4320/291740 loss=0.0466 seg=0.0372 cls=0.0094
[2026-02-08 14:06:42,984] INFO - Train epoch=1 step=4340/291740 loss=0.0170 seg=0.0048 cls=0.0122
[2026-02-08 14:06:43,882] INFO - Train epoch=1 step=4360/291740 loss=0.0166 seg=0.0048 cls=0.0118
[2026-02-08 14:06:44,841] INFO - Train epoch=1 step=4380/291740 loss=0.0217 seg=0.0044 cls=0.0173
[2026-02-08 14:06:45,812] INFO - Train epoch=1 step=4400/291740 loss=0.2835 seg=0.0051 cls=0.2784
[2026-02-08 14:06:46,841] INFO - Train epoch=1 step=4420/291740 loss=0.0150 seg=0.0045 cls=0.0104
[2026-02-08 14:06:47,749] INFO - Train epoch=1 step=4440/291740 loss=0.0164 seg=0.0044 cls=0.0120
[2026-02-08 14:06:48,582] INFO - Train epoch=1 step=4460/291740 loss=0.0188 seg=0.0038 cls=0.0150
[2026-02-08 14:06:49,565] INFO - Train epoch=1 step=4480/291740 loss=0.0162 seg=0.0039 cls=0.0123
[2026-02-08 14:06:50,514] INFO - Train epoch=1 step=4500/291740 loss=0.2699 seg=0.0039 cls=0.2660
[2026-02-08 14:06:51,473] INFO - Train epoch=1 step=4520/291740 loss=0.0223 seg=0.0037 cls=0.0186
[2026-02-08 14:06:52,455] INFO - Train epoch=1 step=4540/291740 loss=0.0198 seg=0.0039 cls=0.0159
[2026-02-08 14:06:53,455] INFO - Train epoch=1 step=4560/291740 loss=0.0132 seg=0.0036 cls=0.0096
[2026-02-08 14:06:54,417] INFO - Train epoch=1 step=4580/291740 loss=0.0163 seg=0.0038 cls=0.0125
[2026-02-08 14:06:55,378] INFO - Train epoch=1 step=4600/291740 loss=0.0225 seg=0.0046 cls=0.0179
[2026-02-08 14:06:56,327] INFO - Train epoch=1 step=4620/291740 loss=0.0163 seg=0.0044 cls=0.0119
[2026-02-08 14:06:57,277] INFO - Train epoch=1 step=4640/291740 loss=0.5422 seg=0.2083 cls=0.3339
[2026-02-08 14:06:58,266] INFO - Train epoch=1 step=4660/291740 loss=0.0262 seg=0.0063 cls=0.0199
[2026-02-08 14:06:59,204] INFO - Train epoch=1 step=4680/291740 loss=0.4437 seg=0.1736 cls=0.2701
[2026-02-08 14:07:00,172] INFO - Train epoch=1 step=4700/291740 loss=0.0598 seg=0.0379 cls=0.0219
[2026-02-08 14:07:01,130] INFO - Train epoch=1 step=4720/291740 loss=0.2756 seg=0.0056 cls=0.2700
[2026-02-08 14:07:02,083] INFO - Train epoch=1 step=4740/291740 loss=0.4105 seg=0.1595 cls=0.2510
[2026-02-08 14:07:03,013] INFO - Train epoch=1 step=4760/291740 loss=0.2677 seg=0.0049 cls=0.2628
[2026-02-08 14:07:03,836] INFO - Train epoch=1 step=4780/291740 loss=0.0243 seg=0.0057 cls=0.0186
[2026-02-08 14:07:05,560] INFO - Train epoch=1 step=4800/291740 loss=0.0147 seg=0.0041 cls=0.0106
[2026-02-08 14:07:06,962] INFO - Train epoch=1 step=4820/291740 loss=0.0164 seg=0.0045 cls=0.0119
[2026-02-08 14:07:08,300] INFO - Train epoch=1 step=4840/291740 loss=0.0160 seg=0.0048 cls=0.0112
[2026-02-08 14:07:09,348] INFO - Train epoch=1 step=4860/291740 loss=0.0170 seg=0.0043 cls=0.0127
[2026-02-08 14:07:10,312] INFO - Train epoch=1 step=4880/291740 loss=0.4484 seg=0.1736 cls=0.2748
[2026-02-08 14:07:11,284] INFO - Train epoch=1 step=4900/291740 loss=0.0153 seg=0.0046 cls=0.0107
[2026-02-08 14:07:12,231] INFO - Train epoch=1 step=4920/291740 loss=0.0187 seg=0.0061 cls=0.0126
[2026-02-08 14:07:13,204] INFO - Train epoch=1 step=4940/291740 loss=0.2984 seg=0.0043 cls=0.2941
[2026-02-08 14:07:14,168] INFO - Train epoch=1 step=4960/291740 loss=0.0171 seg=0.0043 cls=0.0128
[2026-02-08 14:07:15,119] INFO - Train epoch=1 step=4980/291740 loss=0.0205 seg=0.0047 cls=0.0158
[2026-02-08 14:07:16,070] INFO - Train epoch=1 step=5000/291740 loss=0.0572 seg=0.0383 cls=0.0189
[2026-02-08 14:07:17,044] INFO - Train epoch=1 step=5020/291740 loss=0.0116 seg=0.0036 cls=0.0080
[2026-02-08 14:07:18,007] INFO - Train epoch=1 step=5040/291740 loss=0.0181 seg=0.0048 cls=0.0134
[2026-02-08 14:07:18,986] INFO - Train epoch=1 step=5060/291740 loss=0.2323 seg=0.0050 cls=0.2273
[2026-02-08 14:07:19,986] INFO - Train epoch=1 step=5080/291740 loss=0.0186 seg=0.0040 cls=0.0146
[2026-02-08 14:07:20,982] INFO - Train epoch=1 step=5100/291740 loss=0.0625 seg=0.0426 cls=0.0199
[2026-02-08 14:07:21,992] INFO - Train epoch=1 step=5120/291740 loss=0.5759 seg=0.2475 cls=0.3284
[2026-02-08 14:07:23,010] INFO - Train epoch=1 step=5140/291740 loss=0.0151 seg=0.0038 cls=0.0113
[2026-02-08 14:07:23,963] INFO - Train epoch=1 step=5160/291740 loss=0.0225 seg=0.0049 cls=0.0176
[2026-02-08 14:07:24,884] INFO - Train epoch=1 step=5180/291740 loss=0.0221 seg=0.0066 cls=0.0155
[2026-02-08 14:07:25,782] INFO - Train epoch=1 step=5200/291740 loss=0.4823 seg=0.2535 cls=0.2288
[2026-02-08 14:07:26,703] INFO - Train epoch=1 step=5220/291740 loss=0.0230 seg=0.0042 cls=0.0188
[2026-02-08 14:07:27,640] INFO - Train epoch=1 step=5240/291740 loss=0.0270 seg=0.0055 cls=0.0215
[2026-02-08 14:07:28,569] INFO - Train epoch=1 step=5260/291740 loss=0.5208 seg=0.0047 cls=0.5160
[2026-02-08 14:07:29,523] INFO - Train epoch=1 step=5280/291740 loss=0.0458 seg=0.0361 cls=0.0097
[2026-02-08 14:07:30,547] INFO - Train epoch=1 step=5300/291740 loss=0.0467 seg=0.0357 cls=0.0109
[2026-02-08 14:07:31,586] INFO - Train epoch=1 step=5320/291740 loss=0.0177 seg=0.0045 cls=0.0133
[2026-02-08 14:07:32,587] INFO - Train epoch=1 step=5340/291740 loss=0.4530 seg=0.1786 cls=0.2744
[2026-02-08 14:07:33,570] INFO - Train epoch=1 step=5360/291740 loss=0.0178 seg=0.0066 cls=0.0112
[2026-02-08 14:07:34,461] INFO - Train epoch=1 step=5380/291740 loss=0.0153 seg=0.0037 cls=0.0116
[2026-02-08 14:07:35,244] INFO - Train epoch=1 step=5400/291740 loss=0.0449 seg=0.0354 cls=0.0095
[2026-02-08 14:07:36,098] INFO - Train epoch=1 step=5420/291740 loss=0.4002 seg=0.1751 cls=0.2251
[2026-02-08 14:07:36,928] INFO - Train epoch=1 step=5440/291740 loss=0.0197 seg=0.0042 cls=0.0155
[2026-02-08 14:07:37,806] INFO - Train epoch=1 step=5460/291740 loss=0.0226 seg=0.0063 cls=0.0163
[2026-02-08 14:07:38,671] INFO - Train epoch=1 step=5480/291740 loss=0.0153 seg=0.0042 cls=0.0112
[2026-02-08 14:07:39,565] INFO - Train epoch=1 step=5500/291740 loss=0.0146 seg=0.0045 cls=0.0101
[2026-02-08 14:07:40,409] INFO - Train epoch=1 step=5520/291740 loss=0.0135 seg=0.0036 cls=0.0098
[2026-02-08 14:07:41,293] INFO - Train epoch=1 step=5540/291740 loss=0.0140 seg=0.0038 cls=0.0102
[2026-02-08 14:07:42,150] INFO - Train epoch=1 step=5560/291740 loss=0.0146 seg=0.0035 cls=0.0111
[2026-02-08 14:07:43,089] INFO - Train epoch=1 step=5580/291740 loss=0.0198 seg=0.0044 cls=0.0155
[2026-02-08 14:07:44,075] INFO - Train epoch=1 step=5600/291740 loss=0.0153 seg=0.0046 cls=0.0107
[2026-02-08 14:07:45,014] INFO - Train epoch=1 step=5620/291740 loss=0.0132 seg=0.0037 cls=0.0095
[2026-02-08 14:07:45,967] INFO - Train epoch=1 step=5640/291740 loss=0.0134 seg=0.0033 cls=0.0101
[2026-02-08 14:07:46,910] INFO - Train epoch=1 step=5660/291740 loss=0.0108 seg=0.0030 cls=0.0078
[2026-02-08 14:07:47,867] INFO - Train epoch=1 step=5680/291740 loss=0.3981 seg=0.0066 cls=0.3915
[2026-02-08 14:07:48,858] INFO - Train epoch=1 step=5700/291740 loss=0.0100 seg=0.0031 cls=0.0069
[2026-02-08 14:07:49,793] INFO - Train epoch=1 step=5720/291740 loss=0.0127 seg=0.0036 cls=0.0091
[2026-02-08 14:07:50,753] INFO - Train epoch=1 step=5740/291740 loss=0.0191 seg=0.0034 cls=0.0157
[2026-02-08 14:07:51,727] INFO - Train epoch=1 step=5760/291740 loss=0.1275 seg=0.0723 cls=0.0552
[2026-02-08 14:07:52,722] INFO - Train epoch=1 step=5780/291740 loss=0.5400 seg=0.2276 cls=0.3124
[2026-02-08 14:07:53,665] INFO - Train epoch=1 step=5800/291740 loss=0.0212 seg=0.0048 cls=0.0164
[2026-02-08 14:07:54,615] INFO - Train epoch=1 step=5820/291740 loss=0.0149 seg=0.0036 cls=0.0113
[2026-02-08 14:07:55,575] INFO - Train epoch=1 step=5840/291740 loss=0.0584 seg=0.0410 cls=0.0174
[2026-02-08 14:07:56,520] INFO - Train epoch=1 step=5860/291740 loss=0.0188 seg=0.0044 cls=0.0144
[2026-02-08 14:07:57,450] INFO - Train epoch=1 step=5880/291740 loss=0.0163 seg=0.0035 cls=0.0128
[2026-02-08 14:07:58,391] INFO - Train epoch=1 step=5900/291740 loss=0.0127 seg=0.0034 cls=0.0094
[2026-02-08 14:07:59,346] INFO - Train epoch=1 step=5920/291740 loss=0.0181 seg=0.0035 cls=0.0147
[2026-02-08 14:08:00,300] INFO - Train epoch=1 step=5940/291740 loss=0.0195 seg=0.0034 cls=0.0160
[2026-02-08 14:08:01,237] INFO - Train epoch=1 step=5960/291740 loss=0.0173 seg=0.0031 cls=0.0142
[2026-02-08 14:08:02,185] INFO - Train epoch=1 step=5980/291740 loss=0.0639 seg=0.0551 cls=0.0088
[2026-02-08 14:08:03,132] INFO - Train epoch=1 step=6000/291740 loss=0.0102 seg=0.0027 cls=0.0074
[2026-02-08 14:08:04,116] INFO - Train epoch=1 step=6020/291740 loss=0.0203 seg=0.0032 cls=0.0170
[2026-02-08 14:08:05,083] INFO - Train epoch=1 step=6040/291740 loss=0.2602 seg=0.0042 cls=0.2560
[2026-02-08 14:08:06,019] INFO - Train epoch=1 step=6060/291740 loss=0.0178 seg=0.0032 cls=0.0146
[2026-02-08 14:08:06,966] INFO - Train epoch=1 step=6080/291740 loss=0.0209 seg=0.0039 cls=0.0170
[2026-02-08 14:08:07,914] INFO - Train epoch=1 step=6100/291740 loss=0.0137 seg=0.0033 cls=0.0104
[2026-02-08 14:08:08,833] INFO - Train epoch=1 step=6120/291740 loss=0.0084 seg=0.0031 cls=0.0053
[2026-02-08 14:08:09,807] INFO - Train epoch=1 step=6140/291740 loss=0.0074 seg=0.0028 cls=0.0046
[2026-02-08 14:08:10,782] INFO - Train epoch=1 step=6160/291740 loss=0.0071 seg=0.0031 cls=0.0040
[2026-02-08 14:08:11,734] INFO - Train epoch=1 step=6180/291740 loss=0.4761 seg=0.1738 cls=0.3023
[2026-02-08 14:08:12,702] INFO - Train epoch=1 step=6200/291740 loss=0.0160 seg=0.0031 cls=0.0130
[2026-02-08 14:08:13,664] INFO - Train epoch=1 step=6220/291740 loss=0.0106 seg=0.0029 cls=0.0077
[2026-02-08 14:08:14,600] INFO - Train epoch=1 step=6240/291740 loss=0.5219 seg=0.1952 cls=0.3267
[2026-02-08 14:08:15,557] INFO - Train epoch=1 step=6260/291740 loss=0.0213 seg=0.0036 cls=0.0176
[2026-02-08 14:08:16,527] INFO - Train epoch=1 step=6280/291740 loss=0.0245 seg=0.0035 cls=0.0210
[2026-02-08 14:08:17,484] INFO - Train epoch=1 step=6300/291740 loss=0.5136 seg=0.1888 cls=0.3248
[2026-02-08 14:08:18,450] INFO - Train epoch=1 step=6320/291740 loss=0.0210 seg=0.0036 cls=0.0175
[2026-02-08 14:08:19,393] INFO - Train epoch=1 step=6340/291740 loss=0.0208 seg=0.0039 cls=0.0170
[2026-02-08 14:08:20,361] INFO - Train epoch=1 step=6360/291740 loss=0.0201 seg=0.0038 cls=0.0163
[2026-02-08 14:08:21,369] INFO - Train epoch=1 step=6380/291740 loss=0.0238 seg=0.0036 cls=0.0202
[2026-02-08 14:08:22,347] INFO - Train epoch=1 step=6400/291740 loss=0.0178 seg=0.0039 cls=0.0139
[2026-02-08 14:08:23,341] INFO - Train epoch=1 step=6420/291740 loss=0.0151 seg=0.0041 cls=0.0110
[2026-02-08 14:08:24,285] INFO - Train epoch=1 step=6440/291740 loss=0.0129 seg=0.0035 cls=0.0094
[2026-02-08 14:08:25,226] INFO - Train epoch=1 step=6460/291740 loss=0.0171 seg=0.0034 cls=0.0137
[2026-02-08 14:08:26,181] INFO - Train epoch=1 step=6480/291740 loss=0.0444 seg=0.0357 cls=0.0087
[2026-02-08 14:08:27,125] INFO - Train epoch=1 step=6500/291740 loss=0.4797 seg=0.1894 cls=0.2903
[2026-02-08 14:08:28,110] INFO - Train epoch=1 step=6520/291740 loss=0.0182 seg=0.0034 cls=0.0148
[2026-02-08 14:08:29,065] INFO - Train epoch=1 step=6540/291740 loss=0.0176 seg=0.0037 cls=0.0139
[2026-02-08 14:08:30,032] INFO - Train epoch=1 step=6560/291740 loss=0.2599 seg=0.0081 cls=0.2519
[2026-02-08 14:08:30,987] INFO - Train epoch=1 step=6580/291740 loss=0.0297 seg=0.0046 cls=0.0251
[2026-02-08 14:08:31,967] INFO - Train epoch=1 step=6600/291740 loss=0.0366 seg=0.0049 cls=0.0317
[2026-02-08 14:08:32,928] INFO - Train epoch=1 step=6620/291740 loss=0.0156 seg=0.0045 cls=0.0111
[2026-02-08 14:08:33,964] INFO - Train epoch=1 step=6640/291740 loss=0.0597 seg=0.0411 cls=0.0186
[2026-02-08 14:08:34,818] INFO - Train epoch=1 step=6660/291740 loss=0.0208 seg=0.0060 cls=0.0148
[2026-02-08 14:08:36,583] INFO - Train epoch=1 step=6680/291740 loss=0.0157 seg=0.0040 cls=0.0117
[2026-02-08 14:08:37,545] INFO - Train epoch=1 step=6700/291740 loss=0.0112 seg=0.0040 cls=0.0073
[2026-02-08 14:08:39,175] INFO - Train epoch=1 step=6720/291740 loss=0.0087 seg=0.0033 cls=0.0054
[2026-02-08 14:08:40,146] INFO - Train epoch=1 step=6740/291740 loss=0.0096 seg=0.0032 cls=0.0064
[2026-02-08 14:08:41,108] INFO - Train epoch=1 step=6760/291740 loss=0.0143 seg=0.0037 cls=0.0106
[2026-02-08 14:08:42,069] INFO - Train epoch=1 step=6780/291740 loss=0.2615 seg=0.0037 cls=0.2578
[2026-02-08 14:08:43,035] INFO - Train epoch=1 step=6800/291740 loss=0.0155 seg=0.0036 cls=0.0119
[2026-02-08 14:08:43,996] INFO - Train epoch=1 step=6820/291740 loss=0.0139 seg=0.0036 cls=0.0103
[2026-02-08 14:08:44,974] INFO - Train epoch=1 step=6840/291740 loss=0.0129 seg=0.0033 cls=0.0097
[2026-02-08 14:08:45,946] INFO - Train epoch=1 step=6860/291740 loss=0.0140 seg=0.0043 cls=0.0097
[2026-02-08 14:08:46,907] INFO - Train epoch=1 step=6880/291740 loss=0.0142 seg=0.0048 cls=0.0094
[2026-02-08 14:08:47,878] INFO - Train epoch=1 step=6900/291740 loss=0.0136 seg=0.0037 cls=0.0100
[2026-02-08 14:08:48,848] INFO - Train epoch=1 step=6920/291740 loss=0.4833 seg=0.1710 cls=0.3123
[2026-02-08 14:08:49,822] INFO - Train epoch=1 step=6940/291740 loss=0.0159 seg=0.0038 cls=0.0121
[2026-02-08 14:08:50,803] INFO - Train epoch=1 step=6960/291740 loss=0.0124 seg=0.0039 cls=0.0086
[2026-02-08 14:08:51,740] INFO - Train epoch=1 step=6980/291740 loss=0.0520 seg=0.0368 cls=0.0153
[2026-02-08 14:08:52,725] INFO - Train epoch=1 step=7000/291740 loss=0.0234 seg=0.0046 cls=0.0188
[2026-02-08 14:08:53,673] INFO - Train epoch=1 step=7020/291740 loss=0.0212 seg=0.0039 cls=0.0173
[2026-02-08 14:08:54,641] INFO - Train epoch=1 step=7040/291740 loss=0.0225 seg=0.0037 cls=0.0188
[2026-02-08 14:08:55,621] INFO - Train epoch=1 step=7060/291740 loss=0.0192 seg=0.0043 cls=0.0149
[2026-02-08 14:08:56,600] INFO - Train epoch=1 step=7080/291740 loss=0.0146 seg=0.0040 cls=0.0106
[2026-02-08 14:08:57,589] INFO - Train epoch=1 step=7100/291740 loss=0.0258 seg=0.0054 cls=0.0204
[2026-02-08 14:08:58,535] INFO - Train epoch=1 step=7120/291740 loss=0.0237 seg=0.0053 cls=0.0184
[2026-02-08 14:08:59,471] INFO - Train epoch=1 step=7140/291740 loss=0.0216 seg=0.0060 cls=0.0157
[2026-02-08 14:09:00,406] INFO - Train epoch=1 step=7160/291740 loss=0.0189 seg=0.0045 cls=0.0144
[2026-02-08 14:09:01,157] INFO - Train epoch=1 step=7180/291740 loss=0.0187 seg=0.0046 cls=0.0141
[2026-02-08 14:09:02,084] INFO - Train epoch=1 step=7200/291740 loss=0.0484 seg=0.0354 cls=0.0130
[2026-02-08 14:09:02,992] INFO - Train epoch=1 step=7220/291740 loss=0.3328 seg=0.0385 cls=0.2943
[2026-02-08 14:09:03,961] INFO - Train epoch=1 step=7240/291740 loss=0.0174 seg=0.0040 cls=0.0133
[2026-02-08 14:09:04,788] INFO - Train epoch=1 step=7260/291740 loss=0.4991 seg=0.1715 cls=0.3276
[2026-02-08 14:09:05,704] INFO - Train epoch=1 step=7280/291740 loss=0.0350 seg=0.0050 cls=0.0300
[2026-02-08 14:09:06,602] INFO - Train epoch=1 step=7300/291740 loss=0.0256 seg=0.0050 cls=0.0206
[2026-02-08 14:09:07,340] INFO - Train epoch=1 step=7320/291740 loss=0.0276 seg=0.0045 cls=0.0230
[2026-02-08 14:09:08,183] INFO - Train epoch=1 step=7340/291740 loss=0.0336 seg=0.0052 cls=0.0284
[2026-02-08 14:09:09,247] INFO - Train epoch=1 step=7360/291740 loss=0.0496 seg=0.0361 cls=0.0135
[2026-02-08 14:09:10,177] INFO - Train epoch=1 step=7380/291740 loss=0.0509 seg=0.0375 cls=0.0133
[2026-02-08 14:09:11,134] INFO - Train epoch=1 step=7400/291740 loss=0.0500 seg=0.0391 cls=0.0109
[2026-02-08 14:09:12,079] INFO - Train epoch=1 step=7420/291740 loss=0.0207 seg=0.0041 cls=0.0166
[2026-02-08 14:09:13,019] INFO - Train epoch=1 step=7440/291740 loss=0.2775 seg=0.0046 cls=0.2729
[2026-02-08 14:09:13,945] INFO - Train epoch=1 step=7460/291740 loss=0.0141 seg=0.0042 cls=0.0099
[2026-02-08 14:09:14,916] INFO - Train epoch=1 step=7480/291740 loss=0.0131 seg=0.0036 cls=0.0096
[2026-02-08 14:09:15,648] INFO - Train epoch=1 step=7500/291740 loss=0.0223 seg=0.0039 cls=0.0183
[2026-02-08 14:09:16,529] INFO - Train epoch=1 step=7520/291740 loss=0.0181 seg=0.0041 cls=0.0140
[2026-02-08 14:09:17,532] INFO - Train epoch=1 step=7540/291740 loss=0.0467 seg=0.0369 cls=0.0098
[2026-02-08 14:09:18,470] INFO - Train epoch=1 step=7560/291740 loss=0.0212 seg=0.0046 cls=0.0166
[2026-02-08 14:09:19,428] INFO - Train epoch=1 step=7580/291740 loss=0.0162 seg=0.0040 cls=0.0123
[2026-02-08 14:09:20,390] INFO - Train epoch=1 step=7600/291740 loss=0.0140 seg=0.0037 cls=0.0103
[2026-02-08 14:09:21,349] INFO - Train epoch=1 step=7620/291740 loss=0.0146 seg=0.0035 cls=0.0111
[2026-02-08 14:09:22,317] INFO - Train epoch=1 step=7640/291740 loss=0.4566 seg=0.2152 cls=0.2413
[2026-02-08 14:09:23,261] INFO - Train epoch=1 step=7660/291740 loss=0.0192 seg=0.0045 cls=0.0147
[2026-02-08 14:09:24,244] INFO - Train epoch=1 step=7680/291740 loss=0.0435 seg=0.0360 cls=0.0075
[2026-02-08 14:09:25,211] INFO - Train epoch=1 step=7700/291740 loss=0.0144 seg=0.0044 cls=0.0100
[2026-02-08 14:09:26,129] INFO - Train epoch=1 step=7720/291740 loss=0.0420 seg=0.0339 cls=0.0081
[2026-02-08 14:09:27,047] INFO - Train epoch=1 step=7740/291740 loss=0.0179 seg=0.0040 cls=0.0139
[2026-02-08 14:09:28,034] INFO - Train epoch=1 step=7760/291740 loss=0.0230 seg=0.0035 cls=0.0195
[2026-02-08 14:09:28,993] INFO - Train epoch=1 step=7780/291740 loss=0.0151 seg=0.0033 cls=0.0118
[2026-02-08 14:09:29,946] INFO - Train epoch=1 step=7800/291740 loss=0.0163 seg=0.0043 cls=0.0120
[2026-02-08 14:09:30,905] INFO - Train epoch=1 step=7820/291740 loss=0.0422 seg=0.0343 cls=0.0079
[2026-02-08 14:09:31,817] INFO - Train epoch=1 step=7840/291740 loss=0.0125 seg=0.0034 cls=0.0091
[2026-02-08 14:09:32,783] INFO - Train epoch=1 step=7860/291740 loss=0.0104 seg=0.0028 cls=0.0076
[2026-02-08 14:09:33,746] INFO - Train epoch=1 step=7880/291740 loss=0.0442 seg=0.0346 cls=0.0096
[2026-02-08 14:09:34,694] INFO - Train epoch=1 step=7900/291740 loss=0.0150 seg=0.0031 cls=0.0119
[2026-02-08 14:09:35,644] INFO - Train epoch=1 step=7920/291740 loss=0.0146 seg=0.0038 cls=0.0108
[2026-02-08 14:09:36,679] INFO - Train epoch=1 step=7940/291740 loss=0.0115 seg=0.0034 cls=0.0081
[2026-02-08 14:09:37,638] INFO - Train epoch=1 step=7960/291740 loss=0.0096 seg=0.0034 cls=0.0063
[2026-02-08 14:09:38,569] INFO - Train epoch=1 step=7980/291740 loss=0.0420 seg=0.0355 cls=0.0065
[2026-02-08 14:09:39,515] INFO - Train epoch=1 step=8000/291740 loss=0.0186 seg=0.0037 cls=0.0149
[2026-02-08 14:09:40,536] INFO - Train epoch=1 step=8020/291740 loss=0.0506 seg=0.0357 cls=0.0149
[2026-02-08 14:09:41,544] INFO - Train epoch=1 step=8040/291740 loss=0.0189 seg=0.0035 cls=0.0154
[2026-02-08 14:09:42,491] INFO - Train epoch=1 step=8060/291740 loss=0.0199 seg=0.0043 cls=0.0156
[2026-02-08 14:09:43,412] INFO - Train epoch=1 step=8080/291740 loss=0.4808 seg=0.1944 cls=0.2865
[2026-02-08 14:09:44,264] INFO - Train epoch=1 step=8100/291740 loss=0.0446 seg=0.0349 cls=0.0097
[2026-02-08 14:09:45,181] INFO - Train epoch=1 step=8120/291740 loss=0.0130 seg=0.0037 cls=0.0093
[2026-02-08 14:09:46,156] INFO - Train epoch=1 step=8140/291740 loss=0.0132 seg=0.0040 cls=0.0091
[2026-02-08 14:09:47,086] INFO - Train epoch=1 step=8160/291740 loss=0.0161 seg=0.0039 cls=0.0122
[2026-02-08 14:09:48,027] INFO - Train epoch=1 step=8180/291740 loss=0.0120 seg=0.0038 cls=0.0082
[2026-02-08 14:09:48,740] INFO - Train epoch=1 step=8200/291740 loss=0.4706 seg=0.1755 cls=0.2951
[2026-02-08 14:09:49,548] INFO - Train epoch=1 step=8220/291740 loss=0.0155 seg=0.0044 cls=0.0110
[2026-02-08 14:09:50,505] INFO - Train epoch=1 step=8240/291740 loss=0.0431 seg=0.0351 cls=0.0080
[2026-02-08 14:09:51,463] INFO - Train epoch=1 step=8260/291740 loss=0.0120 seg=0.0032 cls=0.0088
[2026-02-08 14:09:52,341] INFO - Train epoch=1 step=8280/291740 loss=0.0157 seg=0.0035 cls=0.0123
[2026-02-08 14:09:53,287] INFO - Train epoch=1 step=8300/291740 loss=0.0143 seg=0.0033 cls=0.0110
[2026-02-08 14:09:54,206] INFO - Train epoch=1 step=8320/291740 loss=0.0225 seg=0.0038 cls=0.0187
[2026-02-08 14:09:55,124] INFO - Train epoch=1 step=8340/291740 loss=0.0454 seg=0.0353 cls=0.0101
[2026-02-08 14:09:56,077] INFO - Train epoch=1 step=8360/291740 loss=0.0426 seg=0.0349 cls=0.0076
[2026-02-08 14:09:57,045] INFO - Train epoch=1 step=8380/291740 loss=0.0233 seg=0.0048 cls=0.0185
[2026-02-08 14:09:57,903] INFO - Train epoch=1 step=8400/291740 loss=0.0443 seg=0.0369 cls=0.0074
[2026-02-08 14:09:58,785] INFO - Train epoch=1 step=8420/291740 loss=0.0152 seg=0.0046 cls=0.0106
[2026-02-08 14:09:59,710] INFO - Train epoch=1 step=8440/291740 loss=0.0137 seg=0.0037 cls=0.0100
[2026-02-08 14:10:00,546] INFO - Train epoch=1 step=8460/291740 loss=0.0113 seg=0.0035 cls=0.0078
[2026-02-08 14:10:01,484] INFO - Train epoch=1 step=8480/291740 loss=0.0103 seg=0.0038 cls=0.0066
[2026-02-08 14:10:02,409] INFO - Train epoch=1 step=8500/291740 loss=0.0177 seg=0.0060 cls=0.0118
[2026-02-08 14:10:03,360] INFO - Train epoch=1 step=8520/291740 loss=0.0397 seg=0.0343 cls=0.0053
[2026-02-08 14:10:04,341] INFO - Train epoch=1 step=8540/291740 loss=0.0403 seg=0.0348 cls=0.0056
[2026-02-08 14:10:05,604] INFO - Train epoch=1 step=8560/291740 loss=0.0159 seg=0.0031 cls=0.0128
[2026-02-08 14:10:06,948] INFO - Train epoch=1 step=8580/291740 loss=0.0172 seg=0.0031 cls=0.0141
[2026-02-08 14:10:08,256] INFO - Train epoch=1 step=8600/291740 loss=0.0222 seg=0.0065 cls=0.0158
[2026-02-08 14:10:09,582] INFO - Train epoch=1 step=8620/291740 loss=0.0205 seg=0.0034 cls=0.0171
[2026-02-08 14:10:10,473] INFO - Train epoch=1 step=8640/291740 loss=0.0177 seg=0.0039 cls=0.0139
[2026-02-08 14:10:11,422] INFO - Train epoch=1 step=8660/291740 loss=0.0139 seg=0.0038 cls=0.0101
[2026-02-08 14:10:12,370] INFO - Train epoch=1 step=8680/291740 loss=0.0135 seg=0.0040 cls=0.0095
[2026-02-08 14:10:13,338] INFO - Train epoch=1 step=8700/291740 loss=0.0235 seg=0.0051 cls=0.0184
[2026-02-08 14:10:14,296] INFO - Train epoch=1 step=8720/291740 loss=0.0272 seg=0.0054 cls=0.0218
[2026-02-08 14:10:15,234] INFO - Train epoch=1 step=8740/291740 loss=0.0227 seg=0.0051 cls=0.0176
[2026-02-08 14:10:16,180] INFO - Train epoch=1 step=8760/291740 loss=0.3471 seg=0.0047 cls=0.3424
[2026-02-08 14:10:17,120] INFO - Train epoch=1 step=8780/291740 loss=0.0144 seg=0.0042 cls=0.0102
[2026-02-08 14:10:18,058] INFO - Train epoch=1 step=8800/291740 loss=0.0162 seg=0.0037 cls=0.0126
[2026-02-08 14:10:19,037] INFO - Train epoch=1 step=8820/291740 loss=0.7008 seg=0.1693 cls=0.5316
[2026-02-08 14:10:19,992] INFO - Train epoch=1 step=8840/291740 loss=0.4311 seg=0.1843 cls=0.2467
[2026-02-08 14:10:20,941] INFO - Train epoch=1 step=8860/291740 loss=0.0245 seg=0.0049 cls=0.0196
[2026-02-08 14:10:21,888] INFO - Train epoch=1 step=8880/291740 loss=0.0444 seg=0.0368 cls=0.0075
[2026-02-08 14:10:22,821] INFO - Train epoch=1 step=8900/291740 loss=0.0250 seg=0.0107 cls=0.0143
[2026-02-08 14:10:23,750] INFO - Train epoch=1 step=8920/291740 loss=0.0479 seg=0.0362 cls=0.0117
[2026-02-08 14:10:24,675] INFO - Train epoch=1 step=8940/291740 loss=0.0160 seg=0.0040 cls=0.0120
[2026-02-08 14:10:25,643] INFO - Train epoch=1 step=8960/291740 loss=0.5627 seg=0.2231 cls=0.3396
[2026-02-08 14:10:26,614] INFO - Train epoch=1 step=8980/291740 loss=0.0145 seg=0.0040 cls=0.0105
[2026-02-08 14:10:27,605] INFO - Train epoch=1 step=9000/291740 loss=0.0552 seg=0.0439 cls=0.0113
[2026-02-08 14:10:28,548] INFO - Train epoch=1 step=9020/291740 loss=0.0440 seg=0.0350 cls=0.0091
[2026-02-08 14:10:29,454] INFO - Train epoch=1 step=9040/291740 loss=0.2906 seg=0.0040 cls=0.2866
[2026-02-08 14:10:30,361] INFO - Train epoch=1 step=9060/291740 loss=0.0152 seg=0.0039 cls=0.0113
[2026-02-08 14:10:31,311] INFO - Train epoch=1 step=9080/291740 loss=0.0266 seg=0.0039 cls=0.0227
[2026-02-08 14:10:32,278] INFO - Train epoch=1 step=9100/291740 loss=0.0113 seg=0.0039 cls=0.0074
[2026-02-08 14:10:33,197] INFO - Train epoch=1 step=9120/291740 loss=0.0124 seg=0.0044 cls=0.0079
[2026-02-08 14:10:33,966] INFO - Train epoch=1 step=9140/291740 loss=0.0199 seg=0.0043 cls=0.0156
[2026-02-08 14:10:34,950] INFO - Train epoch=1 step=9160/291740 loss=0.0560 seg=0.0370 cls=0.0190
[2026-02-08 14:10:35,903] INFO - Train epoch=1 step=9180/291740 loss=0.6560 seg=0.2582 cls=0.3979
[2026-02-08 14:10:36,843] INFO - Train epoch=1 step=9200/291740 loss=0.9875 seg=0.3468 cls=0.6408
[2026-02-08 14:10:37,769] INFO - Train epoch=1 step=9220/291740 loss=0.4666 seg=0.1621 cls=0.3045
[2026-02-08 14:10:38,681] INFO - Train epoch=1 step=9240/291740 loss=0.0182 seg=0.0043 cls=0.0139
[2026-02-08 14:10:39,609] INFO - Train epoch=1 step=9260/291740 loss=0.4865 seg=0.1784 cls=0.3081
[2026-02-08 14:10:40,522] INFO - Train epoch=1 step=9280/291740 loss=0.0148 seg=0.0037 cls=0.0111
[2026-02-08 14:10:41,464] INFO - Train epoch=1 step=9300/291740 loss=0.0162 seg=0.0043 cls=0.0119
[2026-02-08 14:10:42,391] INFO - Train epoch=1 step=9320/291740 loss=0.0441 seg=0.0367 cls=0.0074
[2026-02-08 14:10:43,305] INFO - Train epoch=1 step=9340/291740 loss=0.0209 seg=0.0051 cls=0.0157
[2026-02-08 14:10:44,217] INFO - Train epoch=1 step=9360/291740 loss=0.0528 seg=0.0352 cls=0.0176
[2026-02-08 14:10:45,157] INFO - Train epoch=1 step=9380/291740 loss=0.0142 seg=0.0038 cls=0.0104
[2026-02-08 14:10:46,102] INFO - Train epoch=1 step=9400/291740 loss=0.0143 seg=0.0028 cls=0.0115
[2026-02-08 14:10:47,057] INFO - Train epoch=1 step=9420/291740 loss=0.0138 seg=0.0030 cls=0.0108
[2026-02-08 14:10:48,002] INFO - Train epoch=1 step=9440/291740 loss=0.0140 seg=0.0029 cls=0.0110
[2026-02-08 14:10:48,926] INFO - Train epoch=1 step=9460/291740 loss=0.0251 seg=0.0036 cls=0.0215
[2026-02-08 14:10:49,730] INFO - Train epoch=1 step=9480/291740 loss=0.0251 seg=0.0042 cls=0.0209
[2026-02-08 14:10:50,617] INFO - Train epoch=1 step=9500/291740 loss=0.0185 seg=0.0036 cls=0.0149
[2026-02-08 14:10:51,564] INFO - Train epoch=1 step=9520/291740 loss=0.0155 seg=0.0040 cls=0.0115
[2026-02-08 14:10:52,508] INFO - Train epoch=1 step=9540/291740 loss=0.0123 seg=0.0038 cls=0.0085
[2026-02-08 14:10:53,456] INFO - Train epoch=1 step=9560/291740 loss=0.0165 seg=0.0040 cls=0.0126
[2026-02-08 14:10:54,342] INFO - Train epoch=1 step=9580/291740 loss=0.0180 seg=0.0047 cls=0.0132
[2026-02-08 14:10:55,053] INFO - Train epoch=1 step=9600/291740 loss=0.0242 seg=0.0043 cls=0.0199
[2026-02-08 14:10:56,034] INFO - Train epoch=1 step=9620/291740 loss=0.0248 seg=0.0044 cls=0.0204
[2026-02-08 14:10:57,025] INFO - Train epoch=1 step=9640/291740 loss=0.4896 seg=0.2130 cls=0.2766
[2026-02-08 14:10:57,999] INFO - Train epoch=1 step=9660/291740 loss=0.0180 seg=0.0044 cls=0.0135
[2026-02-08 14:10:58,967] INFO - Train epoch=1 step=9680/291740 loss=0.0449 seg=0.0345 cls=0.0104
[2026-02-08 14:10:59,912] INFO - Train epoch=1 step=9700/291740 loss=0.0221 seg=0.0048 cls=0.0174
[2026-02-08 14:11:00,857] INFO - Train epoch=1 step=9720/291740 loss=0.0209 seg=0.0046 cls=0.0163
[2026-02-08 14:11:01,806] INFO - Train epoch=1 step=9740/291740 loss=0.0509 seg=0.0347 cls=0.0162
[2026-02-08 14:11:02,757] INFO - Train epoch=1 step=9760/291740 loss=0.0539 seg=0.0347 cls=0.0192
[2026-02-08 14:11:03,699] INFO - Train epoch=1 step=9780/291740 loss=0.0174 seg=0.0040 cls=0.0135
[2026-02-08 14:11:04,634] INFO - Train epoch=1 step=9800/291740 loss=0.0126 seg=0.0042 cls=0.0085
[2026-02-08 14:11:05,556] INFO - Train epoch=1 step=9820/291740 loss=0.5199 seg=0.2382 cls=0.2817
[2026-02-08 14:11:06,460] INFO - Train epoch=1 step=9840/291740 loss=0.0216 seg=0.0053 cls=0.0163
[2026-02-08 14:11:07,385] INFO - Train epoch=1 step=9860/291740 loss=0.0492 seg=0.0365 cls=0.0127
[2026-02-08 14:11:08,301] INFO - Train epoch=1 step=9880/291740 loss=0.0208 seg=0.0044 cls=0.0164
[2026-02-08 14:11:09,213] INFO - Train epoch=1 step=9900/291740 loss=0.0451 seg=0.0348 cls=0.0102
[2026-02-08 14:11:10,178] INFO - Train epoch=1 step=9920/291740 loss=0.2552 seg=0.0038 cls=0.2515
[2026-02-08 14:11:11,130] INFO - Train epoch=1 step=9940/291740 loss=0.4917 seg=0.1826 cls=0.3091
[2026-02-08 14:11:12,075] INFO - Train epoch=1 step=9960/291740 loss=0.0133 seg=0.0035 cls=0.0099
[2026-02-08 14:11:12,963] INFO - Train epoch=1 step=9980/291740 loss=0.0127 seg=0.0038 cls=0.0089
[2026-02-08 14:11:13,829] INFO - Train epoch=1 step=10000/291740 loss=0.0128 seg=0.0038 cls=0.0090
[2026-02-08 14:11:14,782] INFO - Train epoch=1 step=10020/291740 loss=0.0243 seg=0.0058 cls=0.0184
[2026-02-08 14:11:15,729] INFO - Train epoch=1 step=10040/291740 loss=0.0199 seg=0.0064 cls=0.0134
[2026-02-08 14:11:16,711] INFO - Train epoch=1 step=10060/291740 loss=0.5076 seg=0.2157 cls=0.2919
[2026-02-08 14:11:17,732] INFO - Train epoch=1 step=10080/291740 loss=0.0197 seg=0.0064 cls=0.0133
[2026-02-08 14:11:18,747] INFO - Train epoch=1 step=10100/291740 loss=0.2902 seg=0.0045 cls=0.2857
[2026-02-08 14:11:19,764] INFO - Train epoch=1 step=10120/291740 loss=0.3204 seg=0.0042 cls=0.3162
[2026-02-08 14:11:20,721] INFO - Train epoch=1 step=10140/291740 loss=0.0243 seg=0.0044 cls=0.0199
[2026-02-08 14:11:21,674] INFO - Train epoch=1 step=10160/291740 loss=0.3852 seg=0.1549 cls=0.2303
[2026-02-08 14:11:22,614] INFO - Train epoch=1 step=10180/291740 loss=0.0278 seg=0.0049 cls=0.0228
[2026-02-08 14:11:23,572] INFO - Train epoch=1 step=10200/291740 loss=0.2831 seg=0.0052 cls=0.2779
[2026-02-08 14:11:24,526] INFO - Train epoch=1 step=10220/291740 loss=0.0252 seg=0.0052 cls=0.0200
[2026-02-08 14:11:25,483] INFO - Train epoch=1 step=10240/291740 loss=0.0262 seg=0.0061 cls=0.0200
[2026-02-08 14:11:26,434] INFO - Train epoch=1 step=10260/291740 loss=0.0249 seg=0.0050 cls=0.0199
[2026-02-08 14:11:27,389] INFO - Train epoch=1 step=10280/291740 loss=0.0243 seg=0.0050 cls=0.0193
[2026-02-08 14:11:28,343] INFO - Train epoch=1 step=10300/291740 loss=0.0154 seg=0.0045 cls=0.0108
[2026-02-08 14:11:29,294] INFO - Train epoch=1 step=10320/291740 loss=0.0505 seg=0.0374 cls=0.0131
[2026-02-08 14:11:30,285] INFO - Train epoch=1 step=10340/291740 loss=0.0473 seg=0.0352 cls=0.0121
[2026-02-08 14:11:31,235] INFO - Train epoch=1 step=10360/291740 loss=0.0197 seg=0.0040 cls=0.0157
[2026-02-08 14:11:32,222] INFO - Train epoch=1 step=10380/291740 loss=0.0170 seg=0.0039 cls=0.0131
[2026-02-08 14:11:33,163] INFO - Train epoch=1 step=10400/291740 loss=0.0192 seg=0.0046 cls=0.0146
[2026-02-08 14:11:34,088] INFO - Train epoch=1 step=10420/291740 loss=0.0651 seg=0.0401 cls=0.0250
[2026-02-08 14:11:35,023] INFO - Train epoch=1 step=10440/291740 loss=0.0150 seg=0.0044 cls=0.0105
[2026-02-08 14:11:36,306] INFO - Train epoch=1 step=10460/291740 loss=0.0136 seg=0.0032 cls=0.0104
[2026-02-08 14:11:38,146] INFO - Train epoch=1 step=10480/291740 loss=0.0452 seg=0.0348 cls=0.0104
[2026-02-08 14:11:39,488] INFO - Train epoch=1 step=10500/291740 loss=0.0267 seg=0.0044 cls=0.0223
[2026-02-08 14:11:40,468] INFO - Train epoch=1 step=10520/291740 loss=0.5620 seg=0.0040 cls=0.5580
[2026-02-08 14:11:41,424] INFO - Train epoch=1 step=10540/291740 loss=0.0210 seg=0.0043 cls=0.0167
[2026-02-08 14:11:42,332] INFO - Train epoch=1 step=10560/291740 loss=0.0171 seg=0.0036 cls=0.0135
[2026-02-08 14:11:43,277] INFO - Train epoch=1 step=10580/291740 loss=0.5219 seg=0.0041 cls=0.5177
[2026-02-08 14:11:44,152] INFO - Train epoch=1 step=10600/291740 loss=0.0559 seg=0.0363 cls=0.0196
[2026-02-08 14:11:45,085] INFO - Train epoch=1 step=10620/291740 loss=0.0279 seg=0.0066 cls=0.0213
[2026-02-08 14:11:46,072] INFO - Train epoch=1 step=10640/291740 loss=0.4629 seg=0.1779 cls=0.2850
[2026-02-08 14:11:47,019] INFO - Train epoch=1 step=10660/291740 loss=0.0200 seg=0.0059 cls=0.0142
[2026-02-08 14:11:47,966] INFO - Train epoch=1 step=10680/291740 loss=0.3089 seg=0.0038 cls=0.3051
[2026-02-08 14:11:48,898] INFO - Train epoch=1 step=10700/291740 loss=0.2920 seg=0.0067 cls=0.2853
[2026-02-08 14:11:49,862] INFO - Train epoch=1 step=10720/291740 loss=0.0372 seg=0.0049 cls=0.0323
[2026-02-08 14:11:50,765] INFO - Train epoch=1 step=10740/291740 loss=0.0181 seg=0.0051 cls=0.0130
[2026-02-08 14:11:51,725] INFO - Train epoch=1 step=10760/291740 loss=0.0166 seg=0.0047 cls=0.0120
[2026-02-08 14:11:52,637] INFO - Train epoch=1 step=10780/291740 loss=0.0243 seg=0.0037 cls=0.0206
[2026-02-08 14:11:53,563] INFO - Train epoch=1 step=10800/291740 loss=0.0214 seg=0.0040 cls=0.0174
[2026-02-08 14:11:54,508] INFO - Train epoch=1 step=10820/291740 loss=0.0207 seg=0.0041 cls=0.0166
[2026-02-08 14:11:55,391] INFO - Train epoch=1 step=10840/291740 loss=0.0182 seg=0.0040 cls=0.0142
[2026-02-08 14:11:56,413] INFO - Train epoch=1 step=10860/291740 loss=0.0137 seg=0.0042 cls=0.0094
[2026-02-08 14:11:57,341] INFO - Train epoch=1 step=10880/291740 loss=0.0158 seg=0.0034 cls=0.0124
[2026-02-08 14:11:58,332] INFO - Train epoch=1 step=10900/291740 loss=0.0186 seg=0.0034 cls=0.0152
[2026-02-08 14:11:59,249] INFO - Train epoch=1 step=10920/291740 loss=0.0226 seg=0.0039 cls=0.0188
[2026-02-08 14:12:00,184] INFO - Train epoch=1 step=10940/291740 loss=0.0202 seg=0.0035 cls=0.0167
[2026-02-08 14:12:01,187] INFO - Train epoch=1 step=10960/291740 loss=0.0193 seg=0.0042 cls=0.0151
[2026-02-08 14:12:02,091] INFO - Train epoch=1 step=10980/291740 loss=0.0154 seg=0.0041 cls=0.0113
[2026-02-08 14:12:03,002] INFO - Train epoch=1 step=11000/291740 loss=0.0136 seg=0.0035 cls=0.0100
[2026-02-08 14:12:03,968] INFO - Train epoch=1 step=11020/291740 loss=0.0176 seg=0.0035 cls=0.0142
[2026-02-08 14:12:04,792] INFO - Train epoch=1 step=11040/291740 loss=0.0166 seg=0.0032 cls=0.0133
[2026-02-08 14:12:05,608] INFO - Train epoch=1 step=11060/291740 loss=0.0128 seg=0.0032 cls=0.0096
[2026-02-08 14:12:06,553] INFO - Train epoch=1 step=11080/291740 loss=0.0104 seg=0.0029 cls=0.0075
[2026-02-08 14:12:07,534] INFO - Train epoch=1 step=11100/291740 loss=0.0121 seg=0.0034 cls=0.0087
[2026-02-08 14:12:08,546] INFO - Train epoch=1 step=11120/291740 loss=0.0139 seg=0.0031 cls=0.0108
[2026-02-08 14:12:09,490] INFO - Train epoch=1 step=11140/291740 loss=0.0125 seg=0.0038 cls=0.0087
[2026-02-08 14:12:10,434] INFO - Train epoch=1 step=11160/291740 loss=0.0150 seg=0.0023 cls=0.0126
[2026-02-08 14:12:11,380] INFO - Train epoch=1 step=11180/291740 loss=0.0181 seg=0.0027 cls=0.0154
[2026-02-08 14:12:12,332] INFO - Train epoch=1 step=11200/291740 loss=0.0175 seg=0.0033 cls=0.0142
[2026-02-08 14:12:13,278] INFO - Train epoch=1 step=11220/291740 loss=0.0145 seg=0.0028 cls=0.0118
[2026-02-08 14:12:14,227] INFO - Train epoch=1 step=11240/291740 loss=0.0537 seg=0.0403 cls=0.0135
[2026-02-08 14:12:15,172] INFO - Train epoch=1 step=11260/291740 loss=0.0226 seg=0.0039 cls=0.0187
[2026-02-08 14:12:16,119] INFO - Train epoch=1 step=11280/291740 loss=0.0182 seg=0.0034 cls=0.0147
[2026-02-08 14:12:17,088] INFO - Train epoch=1 step=11300/291740 loss=0.0141 seg=0.0043 cls=0.0099
[2026-02-08 14:12:18,016] INFO - Train epoch=1 step=11320/291740 loss=0.0155 seg=0.0037 cls=0.0118
[2026-02-08 14:12:19,005] INFO - Train epoch=1 step=11340/291740 loss=0.0174 seg=0.0041 cls=0.0133
[2026-02-08 14:12:20,032] INFO - Train epoch=1 step=11360/291740 loss=0.0156 seg=0.0047 cls=0.0109
[2026-02-08 14:12:21,033] INFO - Train epoch=1 step=11380/291740 loss=0.0146 seg=0.0032 cls=0.0114
[2026-02-08 14:12:22,013] INFO - Train epoch=1 step=11400/291740 loss=0.0146 seg=0.0037 cls=0.0109
[2026-02-08 14:12:22,964] INFO - Train epoch=1 step=11420/291740 loss=0.0191 seg=0.0035 cls=0.0156
[2026-02-08 14:12:23,947] INFO - Train epoch=1 step=11440/291740 loss=0.0178 seg=0.0035 cls=0.0143
[2026-02-08 14:12:24,916] INFO - Train epoch=1 step=11460/291740 loss=0.1021 seg=0.0087 cls=0.0934
[2026-02-08 14:12:25,860] INFO - Train epoch=1 step=11480/291740 loss=0.0086 seg=0.0029 cls=0.0057
[2026-02-08 14:12:26,848] INFO - Train epoch=1 step=11500/291740 loss=0.0105 seg=0.0026 cls=0.0078
[2026-02-08 14:12:27,829] INFO - Train epoch=1 step=11520/291740 loss=0.5269 seg=0.1883 cls=0.3385
[2026-02-08 14:12:28,853] INFO - Train epoch=1 step=11540/291740 loss=0.0129 seg=0.0033 cls=0.0096
[2026-02-08 14:12:29,796] INFO - Train epoch=1 step=11560/291740 loss=0.0178 seg=0.0037 cls=0.0141
[2026-02-08 14:12:30,741] INFO - Train epoch=1 step=11580/291740 loss=0.0148 seg=0.0048 cls=0.0100
[2026-02-08 14:12:31,709] INFO - Train epoch=1 step=11600/291740 loss=0.0171 seg=0.0033 cls=0.0138
[2026-02-08 14:12:32,689] INFO - Train epoch=1 step=11620/291740 loss=0.0200 seg=0.0030 cls=0.0171
[2026-02-08 14:12:33,652] INFO - Train epoch=1 step=11640/291740 loss=0.0235 seg=0.0041 cls=0.0194
[2026-02-08 14:12:34,613] INFO - Train epoch=1 step=11660/291740 loss=0.0213 seg=0.0053 cls=0.0160
[2026-02-08 14:12:35,562] INFO - Train epoch=1 step=11680/291740 loss=0.2852 seg=0.0052 cls=0.2800
[2026-02-08 14:12:36,429] INFO - Train epoch=1 step=11700/291740 loss=0.2832 seg=0.0047 cls=0.2785
[2026-02-08 14:12:37,394] INFO - Train epoch=1 step=11720/291740 loss=0.2454 seg=0.0049 cls=0.2405
[2026-02-08 14:12:38,290] INFO - Train epoch=1 step=11740/291740 loss=0.5092 seg=0.2179 cls=0.2913
[2026-02-08 14:12:39,180] INFO - Train epoch=1 step=11760/291740 loss=0.0293 seg=0.0071 cls=0.0222
[2026-02-08 14:12:40,114] INFO - Train epoch=1 step=11780/291740 loss=0.0241 seg=0.0053 cls=0.0187
[2026-02-08 14:12:41,037] INFO - Train epoch=1 step=11800/291740 loss=0.0245 seg=0.0053 cls=0.0193
[2026-02-08 14:12:41,961] INFO - Train epoch=1 step=11820/291740 loss=0.0211 seg=0.0040 cls=0.0171
[2026-02-08 14:12:42,860] INFO - Train epoch=1 step=11840/291740 loss=0.0162 seg=0.0034 cls=0.0127
[2026-02-08 14:12:43,808] INFO - Train epoch=1 step=11860/291740 loss=0.0681 seg=0.0348 cls=0.0334
[2026-02-08 14:12:44,743] INFO - Train epoch=1 step=11880/291740 loss=0.0164 seg=0.0035 cls=0.0129
[2026-02-08 14:12:45,684] INFO - Train epoch=1 step=11900/291740 loss=0.0177 seg=0.0033 cls=0.0144
[2026-02-08 14:12:46,620] INFO - Train epoch=1 step=11920/291740 loss=0.0461 seg=0.0345 cls=0.0116
[2026-02-08 14:12:47,560] INFO - Train epoch=1 step=11940/291740 loss=0.0207 seg=0.0045 cls=0.0162
[2026-02-08 14:12:48,497] INFO - Train epoch=1 step=11960/291740 loss=0.0192 seg=0.0084 cls=0.0109
[2026-02-08 14:12:49,428] INFO - Train epoch=1 step=11980/291740 loss=0.0106 seg=0.0031 cls=0.0074
[2026-02-08 14:12:50,237] INFO - Train epoch=1 step=12000/291740 loss=0.0099 seg=0.0027 cls=0.0073
[2026-02-08 14:12:51,142] INFO - Train epoch=1 step=12020/291740 loss=0.0126 seg=0.0033 cls=0.0092
[2026-02-08 14:12:51,977] INFO - Train epoch=1 step=12040/291740 loss=0.0135 seg=0.0028 cls=0.0106
[2026-02-08 14:12:52,926] INFO - Train epoch=1 step=12060/291740 loss=0.0427 seg=0.0337 cls=0.0090
[2026-02-08 14:12:53,895] INFO - Train epoch=1 step=12080/291740 loss=0.3030 seg=0.0030 cls=0.3000
[2026-02-08 14:12:54,860] INFO - Train epoch=1 step=12100/291740 loss=0.2542 seg=0.0030 cls=0.2512
[2026-02-08 14:12:55,829] INFO - Train epoch=1 step=12120/291740 loss=0.0479 seg=0.0339 cls=0.0140
[2026-02-08 14:12:56,840] INFO - Train epoch=1 step=12140/291740 loss=0.0225 seg=0.0034 cls=0.0191
[2026-02-08 14:12:57,833] INFO - Train epoch=1 step=12160/291740 loss=0.0201 seg=0.0039 cls=0.0163
[2026-02-08 14:12:58,694] INFO - Train epoch=1 step=12180/291740 loss=0.0191 seg=0.0039 cls=0.0152
[2026-02-08 14:12:59,599] INFO - Train epoch=1 step=12200/291740 loss=0.0174 seg=0.0038 cls=0.0136
[2026-02-08 14:13:00,569] INFO - Train epoch=1 step=12220/291740 loss=0.0198 seg=0.0036 cls=0.0163
[2026-02-08 14:13:01,589] INFO - Train epoch=1 step=12240/291740 loss=0.0174 seg=0.0031 cls=0.0143
[2026-02-08 14:13:02,562] INFO - Train epoch=1 step=12260/291740 loss=0.0188 seg=0.0033 cls=0.0155
[2026-02-08 14:13:03,532] INFO - Train epoch=1 step=12280/291740 loss=0.0208 seg=0.0043 cls=0.0165
[2026-02-08 14:13:04,513] INFO - Train epoch=1 step=12300/291740 loss=0.0142 seg=0.0041 cls=0.0101
[2026-02-08 14:13:05,441] INFO - Train epoch=1 step=12320/291740 loss=0.0432 seg=0.0348 cls=0.0084
[2026-02-08 14:13:06,756] INFO - Train epoch=1 step=12340/291740 loss=0.4725 seg=0.1749 cls=0.2976
[2026-02-08 14:13:08,001] INFO - Train epoch=1 step=12360/291740 loss=0.7645 seg=0.1770 cls=0.5875
[2026-02-08 14:13:09,146] INFO - Train epoch=1 step=12380/291740 loss=0.0133 seg=0.0041 cls=0.0092
[2026-02-08 14:13:09,976] INFO - Train epoch=1 step=12400/291740 loss=0.0162 seg=0.0042 cls=0.0120
[2026-02-08 14:13:10,858] INFO - Train epoch=1 step=12420/291740 loss=0.0163 seg=0.0037 cls=0.0126
[2026-02-08 14:13:12,005] INFO - Train epoch=1 step=12440/291740 loss=0.0173 seg=0.0036 cls=0.0137
[2026-02-08 14:13:12,957] INFO - Train epoch=1 step=12460/291740 loss=0.0145 seg=0.0033 cls=0.0112
[2026-02-08 14:13:13,892] INFO - Train epoch=1 step=12480/291740 loss=0.0134 seg=0.0031 cls=0.0102
[2026-02-08 14:13:14,842] INFO - Train epoch=1 step=12500/291740 loss=0.0249 seg=0.0162 cls=0.0088
[2026-02-08 14:13:15,802] INFO - Train epoch=1 step=12520/291740 loss=0.0121 seg=0.0033 cls=0.0088
[2026-02-08 14:13:16,798] INFO - Train epoch=1 step=12540/291740 loss=0.0209 seg=0.0034 cls=0.0175
[2026-02-08 14:13:17,758] INFO - Train epoch=1 step=12560/291740 loss=0.0446 seg=0.0341 cls=0.0105
[2026-02-08 14:13:18,746] INFO - Train epoch=1 step=12580/291740 loss=0.0146 seg=0.0034 cls=0.0112
[2026-02-08 14:13:19,725] INFO - Train epoch=1 step=12600/291740 loss=0.0208 seg=0.0035 cls=0.0174
[2026-02-08 14:13:20,737] INFO - Train epoch=1 step=12620/291740 loss=0.0200 seg=0.0043 cls=0.0157
[2026-02-08 14:13:21,704] INFO - Train epoch=1 step=12640/291740 loss=0.5286 seg=0.2154 cls=0.3132
[2026-02-08 14:13:22,691] INFO - Train epoch=1 step=12660/291740 loss=0.0205 seg=0.0041 cls=0.0165
[2026-02-08 14:13:23,650] INFO - Train epoch=1 step=12680/291740 loss=0.0205 seg=0.0040 cls=0.0165
[2026-02-08 14:13:24,587] INFO - Train epoch=1 step=12700/291740 loss=0.0358 seg=0.0129 cls=0.0229
[2026-02-08 14:13:25,528] INFO - Train epoch=1 step=12720/291740 loss=0.0389 seg=0.0339 cls=0.0049
[2026-02-08 14:13:26,474] INFO - Train epoch=1 step=12740/291740 loss=0.0112 seg=0.0032 cls=0.0081
[2026-02-08 14:13:27,405] INFO - Train epoch=1 step=12760/291740 loss=0.1777 seg=0.0197 cls=0.1580
[2026-02-08 14:13:28,365] INFO - Train epoch=1 step=12780/291740 loss=0.0497 seg=0.0359 cls=0.0138
[2026-02-08 14:13:29,288] INFO - Train epoch=1 step=12800/291740 loss=0.0493 seg=0.0349 cls=0.0144
[2026-02-08 14:13:30,242] INFO - Train epoch=1 step=12820/291740 loss=0.0595 seg=0.0384 cls=0.0210
[2026-02-08 14:13:31,195] INFO - Train epoch=1 step=12840/291740 loss=0.0274 seg=0.0045 cls=0.0229
[2026-02-08 14:13:32,144] INFO - Train epoch=1 step=12860/291740 loss=0.5558 seg=0.2202 cls=0.3356
[2026-02-08 14:13:33,117] INFO - Train epoch=1 step=12880/291740 loss=0.0214 seg=0.0039 cls=0.0176
[2026-02-08 14:13:34,021] INFO - Train epoch=1 step=12900/291740 loss=0.0820 seg=0.0384 cls=0.0436
[2026-02-08 14:13:34,960] INFO - Train epoch=1 step=12920/291740 loss=0.0192 seg=0.0041 cls=0.0150
[2026-02-08 14:13:35,929] INFO - Train epoch=1 step=12940/291740 loss=0.0156 seg=0.0041 cls=0.0115
[2026-02-08 14:13:36,873] INFO - Train epoch=1 step=12960/291740 loss=0.0193 seg=0.0039 cls=0.0154
[2026-02-08 14:13:37,828] INFO - Train epoch=1 step=12980/291740 loss=0.0144 seg=0.0037 cls=0.0106
[2026-02-08 14:13:38,759] INFO - Train epoch=1 step=13000/291740 loss=0.0121 seg=0.0035 cls=0.0086
[2026-02-08 14:13:39,691] INFO - Train epoch=1 step=13020/291740 loss=0.0162 seg=0.0036 cls=0.0126
[2026-02-08 14:13:40,633] INFO - Train epoch=1 step=13040/291740 loss=0.0446 seg=0.0355 cls=0.0091
[2026-02-08 14:13:41,554] INFO - Train epoch=1 step=13060/291740 loss=0.5369 seg=0.2113 cls=0.3256
[2026-02-08 14:13:42,463] INFO - Train epoch=1 step=13080/291740 loss=0.4639 seg=0.1856 cls=0.2783
[2026-02-08 14:13:43,390] INFO - Train epoch=1 step=13100/291740 loss=0.0222 seg=0.0066 cls=0.0155
[2026-02-08 14:13:44,330] INFO - Train epoch=1 step=13120/291740 loss=0.4705 seg=0.1804 cls=0.2901
[2026-02-08 14:13:45,282] INFO - Train epoch=1 step=13140/291740 loss=0.0143 seg=0.0040 cls=0.0102
[2026-02-08 14:13:46,262] INFO - Train epoch=1 step=13160/291740 loss=0.0236 seg=0.0046 cls=0.0190
[2026-02-08 14:13:47,231] INFO - Train epoch=1 step=13180/291740 loss=0.0190 seg=0.0047 cls=0.0143
[2026-02-08 14:13:48,159] INFO - Train epoch=1 step=13200/291740 loss=0.0150 seg=0.0037 cls=0.0113
[2026-02-08 14:13:49,132] INFO - Train epoch=1 step=13220/291740 loss=0.0146 seg=0.0036 cls=0.0110
[2026-02-08 14:13:50,107] INFO - Train epoch=1 step=13240/291740 loss=0.0128 seg=0.0033 cls=0.0094
[2026-02-08 14:13:51,067] INFO - Train epoch=1 step=13260/291740 loss=0.0165 seg=0.0034 cls=0.0131
[2026-02-08 14:13:52,051] INFO - Train epoch=1 step=13280/291740 loss=0.0139 seg=0.0033 cls=0.0106
[2026-02-08 14:13:53,002] INFO - Train epoch=1 step=13300/291740 loss=0.0171 seg=0.0040 cls=0.0131
[2026-02-08 14:13:53,965] INFO - Train epoch=1 step=13320/291740 loss=0.0211 seg=0.0040 cls=0.0171
[2026-02-08 14:13:54,905] INFO - Train epoch=1 step=13340/291740 loss=0.0187 seg=0.0037 cls=0.0150
[2026-02-08 14:13:55,852] INFO - Train epoch=1 step=13360/291740 loss=0.0173 seg=0.0042 cls=0.0131
[2026-02-08 14:13:56,759] INFO - Train epoch=1 step=13380/291740 loss=0.0174 seg=0.0035 cls=0.0139
[2026-02-08 14:13:57,703] INFO - Train epoch=1 step=13400/291740 loss=0.0165 seg=0.0038 cls=0.0127
[2026-02-08 14:13:58,699] INFO - Train epoch=1 step=13420/291740 loss=0.0164 seg=0.0037 cls=0.0127
[2026-02-08 14:13:59,680] INFO - Train epoch=1 step=13440/291740 loss=0.0158 seg=0.0044 cls=0.0114
[2026-02-08 14:14:00,642] INFO - Train epoch=1 step=13460/291740 loss=0.0144 seg=0.0041 cls=0.0102
[2026-02-08 14:14:01,587] INFO - Train epoch=1 step=13480/291740 loss=0.0144 seg=0.0036 cls=0.0109
[2026-02-08 14:14:02,529] INFO - Train epoch=1 step=13500/291740 loss=0.0183 seg=0.0039 cls=0.0144
[2026-02-08 14:14:03,489] INFO - Train epoch=1 step=13520/291740 loss=0.0478 seg=0.0355 cls=0.0124
[2026-02-08 14:14:04,466] INFO - Train epoch=1 step=13540/291740 loss=0.0295 seg=0.0048 cls=0.0248
[2026-02-08 14:14:05,306] INFO - Train epoch=1 step=13560/291740 loss=0.0152 seg=0.0043 cls=0.0109
[2026-02-08 14:14:06,178] INFO - Train epoch=1 step=13580/291740 loss=0.0133 seg=0.0035 cls=0.0098
[2026-02-08 14:14:07,164] INFO - Train epoch=1 step=13600/291740 loss=0.0180 seg=0.0035 cls=0.0145
[2026-02-08 14:14:08,165] INFO - Train epoch=1 step=13620/291740 loss=0.4605 seg=0.1895 cls=0.2709
[2026-02-08 14:14:09,205] INFO - Train epoch=1 step=13640/291740 loss=0.4536 seg=0.1837 cls=0.2699
[2026-02-08 14:14:10,168] INFO - Train epoch=1 step=13660/291740 loss=0.0181 seg=0.0036 cls=0.0145
[2026-02-08 14:14:11,106] INFO - Train epoch=1 step=13680/291740 loss=0.0136 seg=0.0037 cls=0.0099
[2026-02-08 14:14:12,027] INFO - Train epoch=1 step=13700/291740 loss=0.0129 seg=0.0035 cls=0.0094
[2026-02-08 14:14:12,931] INFO - Train epoch=1 step=13720/291740 loss=0.0499 seg=0.0340 cls=0.0159
[2026-02-08 14:14:13,826] INFO - Train epoch=1 step=13740/291740 loss=0.0110 seg=0.0033 cls=0.0077
[2026-02-08 14:14:14,748] INFO - Train epoch=1 step=13760/291740 loss=0.0196 seg=0.0093 cls=0.0103
[2026-02-08 14:14:15,716] INFO - Train epoch=1 step=13780/291740 loss=0.0225 seg=0.0068 cls=0.0157
[2026-02-08 14:14:16,635] INFO - Train epoch=1 step=13800/291740 loss=0.4215 seg=0.1460 cls=0.2755
[2026-02-08 14:14:17,568] INFO - Train epoch=1 step=13820/291740 loss=0.0266 seg=0.0056 cls=0.0209
[2026-02-08 14:14:18,552] INFO - Train epoch=1 step=13840/291740 loss=0.0163 seg=0.0047 cls=0.0116
[2026-02-08 14:14:19,551] INFO - Train epoch=1 step=13860/291740 loss=0.0197 seg=0.0048 cls=0.0149
[2026-02-08 14:14:20,543] INFO - Train epoch=1 step=13880/291740 loss=0.0272 seg=0.0059 cls=0.0213
[2026-02-08 14:14:21,523] INFO - Train epoch=1 step=13900/291740 loss=0.0365 seg=0.0057 cls=0.0308
[2026-02-08 14:14:22,562] INFO - Train epoch=1 step=13920/291740 loss=0.2014 seg=0.0435 cls=0.1579
[2026-02-08 14:14:23,534] INFO - Train epoch=1 step=13940/291740 loss=0.0177 seg=0.0047 cls=0.0130
[2026-02-08 14:14:24,490] INFO - Train epoch=1 step=13960/291740 loss=0.0225 seg=0.0039 cls=0.0186
[2026-02-08 14:14:25,497] INFO - Train epoch=1 step=13980/291740 loss=0.0140 seg=0.0037 cls=0.0103
[2026-02-08 14:14:26,439] INFO - Train epoch=1 step=14000/291740 loss=0.0203 seg=0.0045 cls=0.0158
[2026-02-08 14:14:27,346] INFO - Train epoch=1 step=14020/291740 loss=0.0335 seg=0.0042 cls=0.0293
[2026-02-08 14:14:28,281] INFO - Train epoch=1 step=14040/291740 loss=0.0176 seg=0.0047 cls=0.0129
[2026-02-08 14:14:29,258] INFO - Train epoch=1 step=14060/291740 loss=0.9195 seg=0.3259 cls=0.5936
[2026-02-08 14:14:30,195] INFO - Train epoch=1 step=14080/291740 loss=0.3120 seg=0.0036 cls=0.3084
[2026-02-08 14:14:31,104] INFO - Train epoch=1 step=14100/291740 loss=0.0175 seg=0.0044 cls=0.0131
[2026-02-08 14:14:32,031] INFO - Train epoch=1 step=14120/291740 loss=0.0227 seg=0.0053 cls=0.0174
[2026-02-08 14:14:32,993] INFO - Train epoch=1 step=14140/291740 loss=0.2930 seg=0.0050 cls=0.2880
[2026-02-08 14:14:33,909] INFO - Train epoch=1 step=14160/291740 loss=0.0471 seg=0.0354 cls=0.0117
[2026-02-08 14:14:34,873] INFO - Train epoch=1 step=14180/291740 loss=0.0141 seg=0.0032 cls=0.0109
[2026-02-08 14:14:35,865] INFO - Train epoch=1 step=14200/291740 loss=0.0201 seg=0.0039 cls=0.0162
[2026-02-08 14:14:37,112] INFO - Train epoch=1 step=14220/291740 loss=0.0122 seg=0.0035 cls=0.0087
[2026-02-08 14:14:38,041] INFO - Train epoch=1 step=14240/291740 loss=0.3010 seg=0.0040 cls=0.2970
[2026-02-08 14:14:39,346] INFO - Train epoch=1 step=14260/291740 loss=0.0337 seg=0.0104 cls=0.0232
[2026-02-08 14:14:40,726] INFO - Train epoch=1 step=14280/291740 loss=0.0198 seg=0.0070 cls=0.0128
[2026-02-08 14:14:41,700] INFO - Train epoch=1 step=14300/291740 loss=0.0474 seg=0.0367 cls=0.0107
[2026-02-08 14:14:42,672] INFO - Train epoch=1 step=14320/291740 loss=0.0141 seg=0.0036 cls=0.0105
[2026-02-08 14:14:44,047] INFO - Train epoch=1 step=14340/291740 loss=0.0119 seg=0.0036 cls=0.0083
[2026-02-08 14:14:45,016] INFO - Train epoch=1 step=14360/291740 loss=0.0123 seg=0.0031 cls=0.0091
[2026-02-08 14:14:45,971] INFO - Train epoch=1 step=14380/291740 loss=0.0116 seg=0.0031 cls=0.0085
[2026-02-08 14:14:46,937] INFO - Train epoch=1 step=14400/291740 loss=0.0476 seg=0.0356 cls=0.0120
[2026-02-08 14:14:47,902] INFO - Train epoch=1 step=14420/291740 loss=0.4827 seg=0.1829 cls=0.2998
[2026-02-08 14:14:48,874] INFO - Train epoch=1 step=14440/291740 loss=0.0432 seg=0.0342 cls=0.0091
[2026-02-08 14:14:49,818] INFO - Train epoch=1 step=14460/291740 loss=0.0186 seg=0.0036 cls=0.0150
[2026-02-08 14:14:50,773] INFO - Train epoch=1 step=14480/291740 loss=0.0859 seg=0.0693 cls=0.0166
[2026-02-08 14:14:51,732] INFO - Train epoch=1 step=14500/291740 loss=0.0144 seg=0.0037 cls=0.0107
[2026-02-08 14:14:52,750] INFO - Train epoch=1 step=14520/291740 loss=0.0137 seg=0.0030 cls=0.0107
[2026-02-08 14:14:53,654] INFO - Train epoch=1 step=14540/291740 loss=0.2638 seg=0.0034 cls=0.2605
[2026-02-08 14:14:54,604] INFO - Train epoch=1 step=14560/291740 loss=0.3684 seg=0.1688 cls=0.1996
[2026-02-08 14:14:55,551] INFO - Train epoch=1 step=14580/291740 loss=0.0193 seg=0.0037 cls=0.0157
[2026-02-08 14:14:56,513] INFO - Train epoch=1 step=14600/291740 loss=0.0175 seg=0.0047 cls=0.0129
[2026-02-08 14:14:57,477] INFO - Train epoch=1 step=14620/291740 loss=0.0124 seg=0.0036 cls=0.0087
[2026-02-08 14:14:58,386] INFO - Train epoch=1 step=14640/291740 loss=0.0109 seg=0.0033 cls=0.0077
[2026-02-08 14:14:59,294] INFO - Train epoch=1 step=14660/291740 loss=0.0126 seg=0.0029 cls=0.0096
[2026-02-08 14:15:00,318] INFO - Train epoch=1 step=14680/291740 loss=0.0186 seg=0.0041 cls=0.0145
[2026-02-08 14:15:01,147] INFO - Train epoch=1 step=14700/291740 loss=0.0196 seg=0.0037 cls=0.0160
[2026-02-08 14:15:02,069] INFO - Train epoch=1 step=14720/291740 loss=0.0140 seg=0.0035 cls=0.0105
[2026-02-08 14:15:03,019] INFO - Train epoch=1 step=14740/291740 loss=0.4622 seg=0.1632 cls=0.2990
[2026-02-08 14:15:03,972] INFO - Train epoch=1 step=14760/291740 loss=0.0225 seg=0.0046 cls=0.0179
[2026-02-08 14:15:04,903] INFO - Train epoch=1 step=14780/291740 loss=0.0185 seg=0.0038 cls=0.0147
[2026-02-08 14:15:05,858] INFO - Train epoch=1 step=14800/291740 loss=0.0253 seg=0.0047 cls=0.0206
[2026-02-08 14:15:06,811] INFO - Train epoch=1 step=14820/291740 loss=0.0250 seg=0.0040 cls=0.0210
[2026-02-08 14:15:07,749] INFO - Train epoch=1 step=14840/291740 loss=0.0440 seg=0.0340 cls=0.0100
[2026-02-08 14:15:08,675] INFO - Train epoch=1 step=14860/291740 loss=0.0190 seg=0.0048 cls=0.0142
[2026-02-08 14:15:09,606] INFO - Train epoch=1 step=14880/291740 loss=0.0235 seg=0.0047 cls=0.0189
[2026-02-08 14:15:10,557] INFO - Train epoch=1 step=14900/291740 loss=0.4653 seg=0.1725 cls=0.2928
[2026-02-08 14:15:11,534] INFO - Train epoch=1 step=14920/291740 loss=0.0144 seg=0.0036 cls=0.0108
[2026-02-08 14:15:12,466] INFO - Train epoch=1 step=14940/291740 loss=0.0148 seg=0.0032 cls=0.0117
[2026-02-08 14:15:13,400] INFO - Train epoch=1 step=14960/291740 loss=0.2996 seg=0.0049 cls=0.2946
[2026-02-08 14:15:14,361] INFO - Train epoch=1 step=14980/291740 loss=0.0200 seg=0.0035 cls=0.0164
[2026-02-08 14:15:15,311] INFO - Train epoch=1 step=15000/291740 loss=0.0139 seg=0.0034 cls=0.0105
[2026-02-08 14:15:16,282] INFO - Train epoch=1 step=15020/291740 loss=0.0137 seg=0.0031 cls=0.0106
[2026-02-08 14:15:17,281] INFO - Train epoch=1 step=15040/291740 loss=0.0320 seg=0.0033 cls=0.0288
[2026-02-08 14:15:18,212] INFO - Train epoch=1 step=15060/291740 loss=0.4416 seg=0.1897 cls=0.2520
[2026-02-08 14:15:19,176] INFO - Train epoch=1 step=15080/291740 loss=0.0230 seg=0.0044 cls=0.0187
[2026-02-08 14:15:20,083] INFO - Train epoch=1 step=15100/291740 loss=0.0161 seg=0.0036 cls=0.0125
[2026-02-08 14:15:20,989] INFO - Train epoch=1 step=15120/291740 loss=0.0158 seg=0.0036 cls=0.0122
[2026-02-08 14:15:21,965] INFO - Train epoch=1 step=15140/291740 loss=0.0269 seg=0.0048 cls=0.0221
[2026-02-08 14:15:22,949] INFO - Train epoch=1 step=15160/291740 loss=0.2489 seg=0.0046 cls=0.2443
[2026-02-08 14:15:23,887] INFO - Train epoch=1 step=15180/291740 loss=0.2873 seg=0.0059 cls=0.2814
[2026-02-08 14:15:24,811] INFO - Train epoch=1 step=15200/291740 loss=0.0210 seg=0.0039 cls=0.0171
[2026-02-08 14:15:25,775] INFO - Train epoch=1 step=15220/291740 loss=0.0267 seg=0.0046 cls=0.0221
[2026-02-08 14:15:26,728] INFO - Train epoch=1 step=15240/291740 loss=0.4120 seg=0.1597 cls=0.2522
[2026-02-08 14:15:27,673] INFO - Train epoch=1 step=15260/291740 loss=0.0174 seg=0.0041 cls=0.0132
[2026-02-08 14:15:28,626] INFO - Train epoch=1 step=15280/291740 loss=0.0124 seg=0.0039 cls=0.0085
[2026-02-08 14:15:29,587] INFO - Train epoch=1 step=15300/291740 loss=0.0095 seg=0.0033 cls=0.0062
[2026-02-08 14:15:30,544] INFO - Train epoch=1 step=15320/291740 loss=0.0098 seg=0.0031 cls=0.0067
[2026-02-08 14:15:31,483] INFO - Train epoch=1 step=15340/291740 loss=0.0119 seg=0.0031 cls=0.0088
[2026-02-08 14:15:32,430] INFO - Train epoch=1 step=15360/291740 loss=0.0438 seg=0.0337 cls=0.0100
[2026-02-08 14:15:33,373] INFO - Train epoch=1 step=15380/291740 loss=0.0171 seg=0.0035 cls=0.0137
[2026-02-08 14:15:34,323] INFO - Train epoch=1 step=15400/291740 loss=0.0167 seg=0.0039 cls=0.0128
[2026-02-08 14:15:35,266] INFO - Train epoch=1 step=15420/291740 loss=0.0134 seg=0.0035 cls=0.0099
[2026-02-08 14:15:36,099] INFO - Train epoch=1 step=15440/291740 loss=0.0203 seg=0.0033 cls=0.0170
[2026-02-08 14:15:37,016] INFO - Train epoch=1 step=15460/291740 loss=0.0247 seg=0.0031 cls=0.0216
[2026-02-08 14:15:37,991] INFO - Train epoch=1 step=15480/291740 loss=0.0171 seg=0.0030 cls=0.0141
[2026-02-08 14:15:38,960] INFO - Train epoch=1 step=15500/291740 loss=0.0186 seg=0.0028 cls=0.0158
[2026-02-08 14:15:39,955] INFO - Train epoch=1 step=15520/291740 loss=0.0221 seg=0.0035 cls=0.0186
[2026-02-08 14:15:40,924] INFO - Train epoch=1 step=15540/291740 loss=0.0231 seg=0.0039 cls=0.0193
[2026-02-08 14:15:41,870] INFO - Train epoch=1 step=15560/291740 loss=0.0177 seg=0.0044 cls=0.0133
[2026-02-08 14:15:42,817] INFO - Train epoch=1 step=15580/291740 loss=0.0151 seg=0.0033 cls=0.0118
[2026-02-08 14:15:43,782] INFO - Train epoch=1 step=15600/291740 loss=0.2797 seg=0.0036 cls=0.2760
[2026-02-08 14:15:44,790] INFO - Train epoch=1 step=15620/291740 loss=0.0509 seg=0.0356 cls=0.0153
[2026-02-08 14:15:45,733] INFO - Train epoch=1 step=15640/291740 loss=0.2752 seg=0.0044 cls=0.2708
[2026-02-08 14:15:46,735] INFO - Train epoch=1 step=15660/291740 loss=0.0167 seg=0.0040 cls=0.0127
[2026-02-08 14:15:47,712] INFO - Train epoch=1 step=15680/291740 loss=0.0139 seg=0.0034 cls=0.0105
[2026-02-08 14:15:48,717] INFO - Train epoch=1 step=15700/291740 loss=0.0171 seg=0.0039 cls=0.0131
[2026-02-08 14:15:49,680] INFO - Train epoch=1 step=15720/291740 loss=0.0150 seg=0.0038 cls=0.0111
[2026-02-08 14:15:50,653] INFO - Train epoch=1 step=15740/291740 loss=0.4704 seg=0.1712 cls=0.2992
[2026-02-08 14:15:51,570] INFO - Train epoch=1 step=15760/291740 loss=0.0235 seg=0.0046 cls=0.0189
[2026-02-08 14:15:52,525] INFO - Train epoch=1 step=15780/291740 loss=0.0222 seg=0.0049 cls=0.0173
[2026-02-08 14:15:53,498] INFO - Train epoch=1 step=15800/291740 loss=0.4120 seg=0.1587 cls=0.2533
[2026-02-08 14:15:54,461] INFO - Train epoch=1 step=15820/291740 loss=0.3154 seg=0.0364 cls=0.2790
[2026-02-08 14:15:55,415] INFO - Train epoch=1 step=15840/291740 loss=0.4795 seg=0.1724 cls=0.3071
[2026-02-08 14:15:56,373] INFO - Train epoch=1 step=15860/291740 loss=0.4453 seg=0.1842 cls=0.2611
[2026-02-08 14:15:57,332] INFO - Train epoch=1 step=15880/291740 loss=0.0271 seg=0.0040 cls=0.0231
[2026-02-08 14:15:58,298] INFO - Train epoch=1 step=15900/291740 loss=0.0176 seg=0.0043 cls=0.0133
[2026-02-08 14:15:59,245] INFO - Train epoch=1 step=15920/291740 loss=0.2525 seg=0.0040 cls=0.2486
[2026-02-08 14:16:00,170] INFO - Train epoch=1 step=15940/291740 loss=0.2345 seg=0.1168 cls=0.1177
[2026-02-08 14:16:01,129] INFO - Train epoch=1 step=15960/291740 loss=0.0250 seg=0.0045 cls=0.0204
[2026-02-08 14:16:02,085] INFO - Train epoch=1 step=15980/291740 loss=0.0192 seg=0.0042 cls=0.0149
[2026-02-08 14:16:03,040] INFO - Train epoch=1 step=16000/291740 loss=0.0180 seg=0.0040 cls=0.0140
[2026-02-08 14:16:04,002] INFO - Train epoch=1 step=16020/291740 loss=0.0309 seg=0.0047 cls=0.0262
[2026-02-08 14:16:04,956] INFO - Train epoch=1 step=16040/291740 loss=0.0278 seg=0.0044 cls=0.0235
[2026-02-08 14:16:05,909] INFO - Train epoch=1 step=16060/291740 loss=0.2908 seg=0.0042 cls=0.2866
[2026-02-08 14:16:06,879] INFO - Train epoch=1 step=16080/291740 loss=0.1146 seg=0.0353 cls=0.0793
[2026-02-08 14:16:08,201] INFO - Train epoch=1 step=16100/291740 loss=0.0161 seg=0.0039 cls=0.0121
[2026-02-08 14:16:09,093] INFO - Train epoch=1 step=16120/291740 loss=0.0207 seg=0.0048 cls=0.0159
[2026-02-08 14:16:10,063] INFO - Train epoch=1 step=16140/291740 loss=0.9475 seg=0.3553 cls=0.5922
[2026-02-08 14:16:11,724] INFO - Train epoch=1 step=16160/291740 loss=0.0465 seg=0.0358 cls=0.0106
[2026-02-08 14:16:12,680] INFO - Train epoch=1 step=16180/291740 loss=0.0178 seg=0.0049 cls=0.0129
[2026-02-08 14:16:13,620] INFO - Train epoch=1 step=16200/291740 loss=0.5964 seg=0.0043 cls=0.5921
[2026-02-08 14:16:14,565] INFO - Train epoch=1 step=16220/291740 loss=0.0172 seg=0.0037 cls=0.0135
[2026-02-08 14:16:15,866] INFO - Train epoch=1 step=16240/291740 loss=0.0570 seg=0.0353 cls=0.0217
[2026-02-08 14:16:16,837] INFO - Train epoch=1 step=16260/291740 loss=0.0199 seg=0.0035 cls=0.0164
[2026-02-08 14:16:17,845] INFO - Train epoch=1 step=16280/291740 loss=0.4668 seg=0.1780 cls=0.2888
[2026-02-08 14:16:18,819] INFO - Train epoch=1 step=16300/291740 loss=0.0477 seg=0.0355 cls=0.0122
[2026-02-08 14:16:19,795] INFO - Train epoch=1 step=16320/291740 loss=0.0177 seg=0.0036 cls=0.0141
[2026-02-08 14:16:20,771] INFO - Train epoch=1 step=16340/291740 loss=0.0552 seg=0.0040 cls=0.0511
[2026-02-08 14:16:21,713] INFO - Train epoch=1 step=16360/291740 loss=0.0180 seg=0.0037 cls=0.0143
[2026-02-08 14:16:22,628] INFO - Train epoch=1 step=16380/291740 loss=0.0217 seg=0.0041 cls=0.0176
[2026-02-08 14:16:23,566] INFO - Train epoch=1 step=16400/291740 loss=0.0146 seg=0.0033 cls=0.0113
[2026-02-08 14:16:24,515] INFO - Train epoch=1 step=16420/291740 loss=0.2771 seg=0.0039 cls=0.2732
[2026-02-08 14:16:25,478] INFO - Train epoch=1 step=16440/291740 loss=0.0162 seg=0.0041 cls=0.0121
[2026-02-08 14:16:26,411] INFO - Train epoch=1 step=16460/291740 loss=0.2576 seg=0.0040 cls=0.2536
[2026-02-08 14:16:27,300] INFO - Train epoch=1 step=16480/291740 loss=0.0164 seg=0.0042 cls=0.0123
[2026-02-08 14:16:28,221] INFO - Train epoch=1 step=16500/291740 loss=0.0165 seg=0.0052 cls=0.0113
[2026-02-08 14:16:29,153] INFO - Train epoch=1 step=16520/291740 loss=0.0234 seg=0.0052 cls=0.0182
[2026-02-08 14:16:30,139] INFO - Train epoch=1 step=16540/291740 loss=0.0191 seg=0.0049 cls=0.0142
[2026-02-08 14:16:31,133] INFO - Train epoch=1 step=16560/291740 loss=0.3726 seg=0.1528 cls=0.2197
[2026-02-08 14:16:32,164] INFO - Train epoch=1 step=16580/291740 loss=0.0211 seg=0.0048 cls=0.0163
[2026-02-08 14:16:33,165] INFO - Train epoch=1 step=16600/291740 loss=0.0202 seg=0.0035 cls=0.0167
[2026-02-08 14:16:34,090] INFO - Train epoch=1 step=16620/291740 loss=0.2814 seg=0.0032 cls=0.2782
[2026-02-08 14:16:34,992] INFO - Train epoch=1 step=16640/291740 loss=0.0474 seg=0.0339 cls=0.0135
[2026-02-08 14:16:35,899] INFO - Train epoch=1 step=16660/291740 loss=0.0113 seg=0.0030 cls=0.0083
[2026-02-08 14:16:36,848] INFO - Train epoch=1 step=16680/291740 loss=0.0127 seg=0.0030 cls=0.0097
[2026-02-08 14:16:37,820] INFO - Train epoch=1 step=16700/291740 loss=0.0174 seg=0.0037 cls=0.0137
[2026-02-08 14:16:38,754] INFO - Train epoch=1 step=16720/291740 loss=0.0131 seg=0.0033 cls=0.0098
[2026-02-08 14:16:39,696] INFO - Train epoch=1 step=16740/291740 loss=0.6710 seg=0.2207 cls=0.4504
[2026-02-08 14:16:40,625] INFO - Train epoch=1 step=16760/291740 loss=0.0461 seg=0.0340 cls=0.0121
[2026-02-08 14:16:41,590] INFO - Train epoch=1 step=16780/291740 loss=0.0121 seg=0.0031 cls=0.0090
[2026-02-08 14:16:42,578] INFO - Train epoch=1 step=16800/291740 loss=0.0455 seg=0.0344 cls=0.0111
[2026-02-08 14:16:43,539] INFO - Train epoch=1 step=16820/291740 loss=0.0134 seg=0.0031 cls=0.0103
[2026-02-08 14:16:44,508] INFO - Train epoch=1 step=16840/291740 loss=0.0177 seg=0.0054 cls=0.0123
[2026-02-08 14:16:45,476] INFO - Train epoch=1 step=16860/291740 loss=0.0254 seg=0.0039 cls=0.0215
[2026-02-08 14:16:46,428] INFO - Train epoch=1 step=16880/291740 loss=0.0192 seg=0.0035 cls=0.0157
[2026-02-08 14:16:47,378] INFO - Train epoch=1 step=16900/291740 loss=0.0156 seg=0.0031 cls=0.0125
[2026-02-08 14:16:48,293] INFO - Train epoch=1 step=16920/291740 loss=0.0174 seg=0.0036 cls=0.0138
[2026-02-08 14:16:49,250] INFO - Train epoch=1 step=16940/291740 loss=0.0128 seg=0.0031 cls=0.0097
[2026-02-08 14:16:50,222] INFO - Train epoch=1 step=16960/291740 loss=0.6219 seg=0.0336 cls=0.5883
[2026-02-08 14:16:51,173] INFO - Train epoch=1 step=16980/291740 loss=0.0121 seg=0.0023 cls=0.0099
[2026-02-08 14:16:52,132] INFO - Train epoch=1 step=17000/291740 loss=0.0193 seg=0.0036 cls=0.0157
[2026-02-08 14:16:53,080] INFO - Train epoch=1 step=17020/291740 loss=0.0133 seg=0.0035 cls=0.0097
[2026-02-08 14:16:54,041] INFO - Train epoch=1 step=17040/291740 loss=0.0097 seg=0.0029 cls=0.0068
[2026-02-08 14:16:55,047] INFO - Train epoch=1 step=17060/291740 loss=0.5412 seg=0.1878 cls=0.3533
[2026-02-08 14:16:56,054] INFO - Train epoch=1 step=17080/291740 loss=0.0095 seg=0.0026 cls=0.0070
[2026-02-08 14:16:57,062] INFO - Train epoch=1 step=17100/291740 loss=0.0112 seg=0.0028 cls=0.0084
[2026-02-08 14:16:58,043] INFO - Train epoch=1 step=17120/291740 loss=0.0187 seg=0.0026 cls=0.0161
[2026-02-08 14:16:59,060] INFO - Train epoch=1 step=17140/291740 loss=0.0340 seg=0.0034 cls=0.0306
[2026-02-08 14:17:00,016] INFO - Train epoch=1 step=17160/291740 loss=0.0177 seg=0.0028 cls=0.0148
[2026-02-08 14:17:00,980] INFO - Train epoch=1 step=17180/291740 loss=0.0125 seg=0.0031 cls=0.0094
[2026-02-08 14:17:01,731] INFO - Train epoch=1 step=17200/291740 loss=0.0429 seg=0.0339 cls=0.0090
[2026-02-08 14:17:02,545] INFO - Train epoch=1 step=17220/291740 loss=0.0106 seg=0.0028 cls=0.0078
[2026-02-08 14:17:03,579] INFO - Train epoch=1 step=17240/291740 loss=0.4742 seg=0.1862 cls=0.2880
[2026-02-08 14:17:04,559] INFO - Train epoch=1 step=17260/291740 loss=0.0141 seg=0.0031 cls=0.0110
[2026-02-08 14:17:05,472] INFO - Train epoch=1 step=17280/291740 loss=0.0180 seg=0.0033 cls=0.0147
[2026-02-08 14:17:06,497] INFO - Train epoch=1 step=17300/291740 loss=0.0149 seg=0.0037 cls=0.0112
[2026-02-08 14:17:07,491] INFO - Train epoch=1 step=17320/291740 loss=0.0127 seg=0.0030 cls=0.0096
[2026-02-08 14:17:08,462] INFO - Train epoch=1 step=17340/291740 loss=0.0118 seg=0.0029 cls=0.0089
[2026-02-08 14:17:09,375] INFO - Train epoch=1 step=17360/291740 loss=0.0103 seg=0.0030 cls=0.0073
[2026-02-08 14:17:10,344] INFO - Train epoch=1 step=17380/291740 loss=0.0185 seg=0.0035 cls=0.0150
[2026-02-08 14:17:11,284] INFO - Train epoch=1 step=17400/291740 loss=0.0234 seg=0.0030 cls=0.0203
[2026-02-08 14:17:12,219] INFO - Train epoch=1 step=17420/291740 loss=0.0163 seg=0.0035 cls=0.0128
[2026-02-08 14:17:13,154] INFO - Train epoch=1 step=17440/291740 loss=0.0176 seg=0.0031 cls=0.0145
[2026-02-08 14:17:14,078] INFO - Train epoch=1 step=17460/291740 loss=0.0142 seg=0.0035 cls=0.0107
[2026-02-08 14:17:15,010] INFO - Train epoch=1 step=17480/291740 loss=0.0499 seg=0.0346 cls=0.0154
[2026-02-08 14:17:15,973] INFO - Train epoch=1 step=17500/291740 loss=0.0451 seg=0.0049 cls=0.0402
[2026-02-08 14:17:16,945] INFO - Train epoch=1 step=17520/291740 loss=0.0292 seg=0.0073 cls=0.0219
[2026-02-08 14:17:17,946] INFO - Train epoch=1 step=17540/291740 loss=0.0177 seg=0.0045 cls=0.0133
[2026-02-08 14:17:18,907] INFO - Train epoch=1 step=17560/291740 loss=0.1023 seg=0.0524 cls=0.0498
[2026-02-08 14:17:19,846] INFO - Train epoch=1 step=17580/291740 loss=0.0127 seg=0.0032 cls=0.0095
[2026-02-08 14:17:20,799] INFO - Train epoch=1 step=17600/291740 loss=0.4520 seg=0.1686 cls=0.2834
[2026-02-08 14:17:21,774] INFO - Train epoch=1 step=17620/291740 loss=0.0166 seg=0.0039 cls=0.0127
[2026-02-08 14:17:22,765] INFO - Train epoch=1 step=17640/291740 loss=0.0199 seg=0.0049 cls=0.0150
[2026-02-08 14:17:23,748] INFO - Train epoch=1 step=17660/291740 loss=0.0147 seg=0.0036 cls=0.0111
[2026-02-08 14:17:24,694] INFO - Train epoch=1 step=17680/291740 loss=0.4626 seg=0.1601 cls=0.3025
[2026-02-08 14:17:25,647] INFO - Train epoch=1 step=17700/291740 loss=0.0148 seg=0.0032 cls=0.0117
[2026-02-08 14:17:26,608] INFO - Train epoch=1 step=17720/291740 loss=0.3928 seg=0.1802 cls=0.2126
[2026-02-08 14:17:27,558] INFO - Train epoch=1 step=17740/291740 loss=0.0252 seg=0.0029 cls=0.0223
[2026-02-08 14:17:28,519] INFO - Train epoch=1 step=17760/291740 loss=0.0153 seg=0.0028 cls=0.0126
[2026-02-08 14:17:29,493] INFO - Train epoch=1 step=17780/291740 loss=0.0221 seg=0.0029 cls=0.0193
[2026-02-08 14:17:30,513] INFO - Train epoch=1 step=17800/291740 loss=0.0204 seg=0.0027 cls=0.0177
[2026-02-08 14:17:31,532] INFO - Train epoch=1 step=17820/291740 loss=0.0892 seg=0.0571 cls=0.0321
[2026-02-08 14:17:32,444] INFO - Train epoch=1 step=17840/291740 loss=0.0608 seg=0.0343 cls=0.0265
[2026-02-08 14:17:33,384] INFO - Train epoch=1 step=17860/291740 loss=0.0156 seg=0.0031 cls=0.0125
[2026-02-08 14:17:34,371] INFO - Train epoch=1 step=17880/291740 loss=0.0147 seg=0.0035 cls=0.0113
[2026-02-08 14:17:35,330] INFO - Train epoch=1 step=17900/291740 loss=0.0152 seg=0.0036 cls=0.0116
[2026-02-08 14:17:36,281] INFO - Train epoch=1 step=17920/291740 loss=0.0129 seg=0.0036 cls=0.0093
[2026-02-08 14:17:37,224] INFO - Train epoch=1 step=17940/291740 loss=0.0488 seg=0.0339 cls=0.0149
[2026-02-08 14:17:38,171] INFO - Train epoch=1 step=17960/291740 loss=0.0123 seg=0.0038 cls=0.0085
[2026-02-08 14:17:39,422] INFO - Train epoch=1 step=17980/291740 loss=0.4985 seg=0.1815 cls=0.3171
[2026-02-08 14:17:40,223] INFO - Train epoch=1 step=18000/291740 loss=0.0524 seg=0.0349 cls=0.0176
[2026-02-08 14:17:41,413] INFO - Train epoch=1 step=18020/291740 loss=0.0173 seg=0.0045 cls=0.0128
[2026-02-08 14:17:42,407] INFO - Train epoch=1 step=18040/291740 loss=0.0567 seg=0.0355 cls=0.0212
[2026-02-08 14:17:43,428] INFO - Train epoch=1 step=18060/291740 loss=0.0200 seg=0.0038 cls=0.0161
[2026-02-08 14:17:44,787] INFO - Train epoch=1 step=18080/291740 loss=0.0520 seg=0.0361 cls=0.0159
[2026-02-08 14:17:45,774] INFO - Train epoch=1 step=18100/291740 loss=0.7222 seg=0.2264 cls=0.4958
[2026-02-08 14:17:47,175] INFO - Train epoch=1 step=18120/291740 loss=0.0251 seg=0.0043 cls=0.0208
[2026-02-08 14:17:48,105] INFO - Train epoch=1 step=18140/291740 loss=0.0148 seg=0.0035 cls=0.0114
[2026-02-08 14:17:49,116] INFO - Train epoch=1 step=18160/291740 loss=0.0126 seg=0.0034 cls=0.0092
[2026-02-08 14:17:50,108] INFO - Train epoch=1 step=18180/291740 loss=0.0114 seg=0.0030 cls=0.0083
[2026-02-08 14:17:51,097] INFO - Train epoch=1 step=18200/291740 loss=0.0128 seg=0.0033 cls=0.0095
[2026-02-08 14:17:52,130] INFO - Train epoch=1 step=18220/291740 loss=0.0129 seg=0.0032 cls=0.0097
[2026-02-08 14:17:53,130] INFO - Train epoch=1 step=18240/291740 loss=0.0186 seg=0.0039 cls=0.0147
[2026-02-08 14:17:54,122] INFO - Train epoch=1 step=18260/291740 loss=0.2769 seg=0.0034 cls=0.2735
[2026-02-08 14:17:55,014] INFO - Train epoch=1 step=18280/291740 loss=0.0205 seg=0.0035 cls=0.0169
[2026-02-08 14:17:55,970] INFO - Train epoch=1 step=18300/291740 loss=0.4739 seg=0.2137 cls=0.2602
[2026-02-08 14:17:56,930] INFO - Train epoch=1 step=18320/291740 loss=0.0507 seg=0.0351 cls=0.0156
[2026-02-08 14:17:57,869] INFO - Train epoch=1 step=18340/291740 loss=0.0220 seg=0.0046 cls=0.0174
[2026-02-08 14:17:58,840] INFO - Train epoch=1 step=18360/291740 loss=0.0155 seg=0.0043 cls=0.0112
[2026-02-08 14:17:59,835] INFO - Train epoch=1 step=18380/291740 loss=0.0221 seg=0.0044 cls=0.0177
[2026-02-08 14:18:00,771] INFO - Train epoch=1 step=18400/291740 loss=0.0208 seg=0.0041 cls=0.0167
[2026-02-08 14:18:01,756] INFO - Train epoch=1 step=18420/291740 loss=0.0181 seg=0.0041 cls=0.0140
[2026-02-08 14:18:02,686] INFO - Train epoch=1 step=18440/291740 loss=0.0203 seg=0.0035 cls=0.0169
[2026-02-08 14:18:03,627] INFO - Train epoch=1 step=18460/291740 loss=0.0166 seg=0.0034 cls=0.0132
[2026-02-08 14:18:04,583] INFO - Train epoch=1 step=18480/291740 loss=0.5269 seg=0.1972 cls=0.3297
[2026-02-08 14:18:05,555] INFO - Train epoch=1 step=18500/291740 loss=0.0169 seg=0.0034 cls=0.0136
[2026-02-08 14:18:06,562] INFO - Train epoch=1 step=18520/291740 loss=0.4908 seg=0.1783 cls=0.3125
[2026-02-08 14:18:07,549] INFO - Train epoch=1 step=18540/291740 loss=0.0204 seg=0.0042 cls=0.0162
[2026-02-08 14:18:08,519] INFO - Train epoch=1 step=18560/291740 loss=0.0204 seg=0.0047 cls=0.0157
[2026-02-08 14:18:09,489] INFO - Train epoch=1 step=18580/291740 loss=0.0153 seg=0.0042 cls=0.0111
[2026-02-08 14:18:10,432] INFO - Train epoch=1 step=18600/291740 loss=0.0164 seg=0.0042 cls=0.0122
[2026-02-08 14:18:11,416] INFO - Train epoch=1 step=18620/291740 loss=0.0145 seg=0.0044 cls=0.0102
[2026-02-08 14:18:12,371] INFO - Train epoch=1 step=18640/291740 loss=0.0139 seg=0.0035 cls=0.0105
[2026-02-08 14:18:13,328] INFO - Train epoch=1 step=18660/291740 loss=0.0466 seg=0.0346 cls=0.0120
[2026-02-08 14:18:14,306] INFO - Train epoch=1 step=18680/291740 loss=0.0467 seg=0.0345 cls=0.0122
[2026-02-08 14:18:15,273] INFO - Train epoch=1 step=18700/291740 loss=0.0186 seg=0.0037 cls=0.0150
[2026-02-08 14:18:16,234] INFO - Train epoch=1 step=18720/291740 loss=0.0203 seg=0.0042 cls=0.0160
[2026-02-08 14:18:17,207] INFO - Train epoch=1 step=18740/291740 loss=0.0216 seg=0.0057 cls=0.0160
[2026-02-08 14:18:18,159] INFO - Train epoch=1 step=18760/291740 loss=0.0168 seg=0.0046 cls=0.0121
[2026-02-08 14:18:19,103] INFO - Train epoch=1 step=18780/291740 loss=0.0459 seg=0.0353 cls=0.0107
[2026-02-08 14:18:20,089] INFO - Train epoch=1 step=18800/291740 loss=0.0142 seg=0.0041 cls=0.0102
[2026-02-08 14:18:21,051] INFO - Train epoch=1 step=18820/291740 loss=0.0218 seg=0.0042 cls=0.0176
[2026-02-08 14:18:21,983] INFO - Train epoch=1 step=18840/291740 loss=0.2906 seg=0.0130 cls=0.2776
[2026-02-08 14:18:22,931] INFO - Train epoch=1 step=18860/291740 loss=0.0212 seg=0.0037 cls=0.0175
[2026-02-08 14:18:23,876] INFO - Train epoch=1 step=18880/291740 loss=0.4651 seg=0.1701 cls=0.2950
[2026-02-08 14:18:24,818] INFO - Train epoch=1 step=18900/291740 loss=0.0149 seg=0.0037 cls=0.0112
[2026-02-08 14:18:25,815] INFO - Train epoch=1 step=18920/291740 loss=0.0238 seg=0.0048 cls=0.0190
[2026-02-08 14:18:26,765] INFO - Train epoch=1 step=18940/291740 loss=0.0208 seg=0.0045 cls=0.0163
[2026-02-08 14:18:27,706] INFO - Train epoch=1 step=18960/291740 loss=0.0195 seg=0.0039 cls=0.0156
[2026-02-08 14:18:28,664] INFO - Train epoch=1 step=18980/291740 loss=0.0168 seg=0.0058 cls=0.0110
[2026-02-08 14:18:29,618] INFO - Train epoch=1 step=19000/291740 loss=1.0355 seg=0.4126 cls=0.6230
[2026-02-08 14:18:30,632] INFO - Train epoch=1 step=19020/291740 loss=0.0122 seg=0.0037 cls=0.0085
[2026-02-08 14:18:31,558] INFO - Train epoch=1 step=19040/291740 loss=0.4873 seg=0.1789 cls=0.3084
[2026-02-08 14:18:32,473] INFO - Train epoch=1 step=19060/291740 loss=0.0156 seg=0.0034 cls=0.0121
[2026-02-08 14:18:33,425] INFO - Train epoch=1 step=19080/291740 loss=0.0142 seg=0.0034 cls=0.0108
[2026-02-08 14:18:34,354] INFO - Train epoch=1 step=19100/291740 loss=0.0470 seg=0.0344 cls=0.0126
[2026-02-08 14:18:35,296] INFO - Train epoch=1 step=19120/291740 loss=0.3266 seg=0.0378 cls=0.2887
[2026-02-08 14:18:36,211] INFO - Train epoch=1 step=19140/291740 loss=0.0127 seg=0.0037 cls=0.0090
[2026-02-08 14:18:37,198] INFO - Train epoch=1 step=19160/291740 loss=0.2643 seg=0.0039 cls=0.2604
[2026-02-08 14:18:38,112] INFO - Train epoch=1 step=19180/291740 loss=0.0479 seg=0.0350 cls=0.0129
[2026-02-08 14:18:39,058] INFO - Train epoch=1 step=19200/291740 loss=0.0154 seg=0.0032 cls=0.0122
[2026-02-08 14:18:40,007] INFO - Train epoch=1 step=19220/291740 loss=0.2749 seg=0.0034 cls=0.2715
[2026-02-08 14:18:40,975] INFO - Train epoch=1 step=19240/291740 loss=0.4890 seg=0.1854 cls=0.3036
[2026-02-08 14:18:41,929] INFO - Train epoch=1 step=19260/291740 loss=0.2298 seg=0.0038 cls=0.2260
[2026-02-08 14:18:42,936] INFO - Train epoch=1 step=19280/291740 loss=0.0312 seg=0.0049 cls=0.0263
[2026-02-08 14:18:43,947] INFO - Train epoch=1 step=19300/291740 loss=0.4706 seg=0.1843 cls=0.2863
[2026-02-08 14:18:44,973] INFO - Train epoch=1 step=19320/291740 loss=0.5326 seg=0.1906 cls=0.3420
