[2026-02-08 17:48:52,679] INFO - Starting training with config:
seed: 234
device: cuda
num_epochs: 20
batch_size: 16
num_workers: 3
lr: 0.0005
tasks:
  enable_seg: true
  enable_cls: true
data:
  use_dummy: false
  use_slide_manifest: true
  train_slide_manifest: data/processed/manifest_slides_train.csv
  val_slide_manifest: data/processed/manifest_slides_val.csv
  coords_cache_slides: 2
  cache_masks: false
  mask_level: null
  mask_max_size: 4096
  normalize: imagenet
  imagenet_mean:
  - 0.485
  - 0.456
  - 0.406
  imagenet_std:
  - 0.229
  - 0.224
  - 0.225
  train_images: data/train/images_fixed
  train_masks: data/train/masks_fixed
  train_labels: data/train/labels.csv
  val_images: data/val/images_fixed
  val_masks: data/val/masks_fixed
  val_labels: data/val/labels.csv
  test_images: data/test/images_fixed
  test_masks: data/test/masks_fixed
  test_labels: data/test/labels.csv
  dummy:
    train_samples: 8
    val_samples: 4
    test_samples: 4
    image_size: 128
aug:
  flip_p: 0.5
  affine:
    degrees: 10.0
    translate: 0.05
    scale_range:
    - 0.95
    - 1.05
    shear: 5.0
    p: 0.7
  elastic:
    alpha: 0.05
    grid_size: 4
    p: 0.3
loader:
  stratified_train: false
  stratified_val: false
  slide_weighted_sampling: true
  slide_samples_per_epoch: 300000
  slide_weighted_replacement: true
  val_slide_weighted_sampling: true
  val_slide_samples_per_epoch: 120000
  val_slide_weighted_replacement: true
  train_positive_ratio: 0.38
  train_drop_last: false
  val_positive_ratio: 0.51
model:
  backbone: mobilenet_v2
  num_classes: 1
  seg_upsample_to_input: true
  pretrained: true
  mobilenet_width_mult: 1.0
  use_light_decoder: true
  attention: se
  attention_location: decoder
  encoder_attention: null
  decoder_attention: null
  attention_reduction: 16
  decoder_attention_layers:
  - up4
loss:
  seg: bce_with_logits
  seg_weight: 1.0
  cls_weight: 1.0
  dice_weight: 0.5
  cls: bce
  weighting: fixed
  use_uncertainty: false
  uncertainty_init: 0.0
  gradnorm_alpha: 1.5
log:
  save_timing_dir: ${hydra:runtime.output_dir}
  save_dir: ${hydra:runtime.output_dir}
  save_ckpt: true
  train_log_interval: 40
  val_log_interval: 40
  params_dir: ${hydra:runtime.output_dir}
  roc_dir: ${hydra:runtime.output_dir}/roc
eval:
  ckpt: null
  save_dir: ${log.params_dir}
  save_roc: true
prepare_train:
  slides_dir: data/camelyon16/train/images
  masks_dir: data/camelyon16/train/masks
  annotations_dir: null
  manifest_path: data/processed/patch_manifest_train.csv
  patch_level: 0
  patch_size: 256
  patch_stride: 256
  tissue_level: null
  min_tissue: 0.5
  pos_threshold: 0.5
  neg_threshold: 0.0
  neg_keep_prob: 0.2
  seed: 42
  groups: Tumor
  max_patches_per_slide: 2000
  mask_suffix: _mask.tif
  prefer_masks: true
  progress_interval: 5000
  mask_level: null
  mask_max_size: null
  tissue_max_size: 4096
  coords_out_dir: data/processed/coords/train
  slide_manifest_path: data/processed/manifest_slides_train.csv
  write_patch_manifest: false
prepare_val:
  slides_dir: data/camelyon16/val/images
  masks_dir: data/camelyon16/val/masks
  annotations_dir: null
  manifest_path: data/processed/patch_manifest_val.csv
  patch_level: 0
  patch_size: 256
  patch_stride: 256
  tissue_level: null
  min_tissue: 0.5
  pos_threshold: 0.5
  neg_threshold: 0.0
  neg_keep_prob: 0.2
  seed: 42
  groups: Tumor
  max_patches_per_slide: 2000
  mask_suffix: _mask.tif
  prefer_masks: true
  progress_interval: 5000
  mask_level: null
  mask_max_size: null
  tissue_max_size: 4096
  coords_out_dir: data/processed/coords/val
  slide_manifest_path: data/processed/manifest_slides_val.csv
  write_patch_manifest: false

[2026-02-08 17:48:52,679] INFO - Loss weighting strategy: fixed
[2026-02-08 17:48:52,701] INFO - Using weighted sampling for SlideCoordsDataset: samples_per_epoch=300000 pool=429921 pos=349577 neg=80344
[2026-02-08 17:48:52,706] INFO - Using weighted sampling for SlideCoordsDataset (val): samples_per_epoch=120000 pool=106107 pos=89376 neg=16731
[2026-02-08 17:48:54,082] INFO - Train epoch=1 step=1/18750 loss=1.2827 seg=0.6036 cls=0.6791
[2026-02-08 17:48:56,659] INFO - Train epoch=1 step=40/18750 loss=0.9248 seg=0.4465 cls=0.4783
[2026-02-08 17:48:58,999] INFO - Train epoch=1 step=80/18750 loss=1.0033 seg=0.4664 cls=0.5369
[2026-02-08 17:49:01,223] INFO - Train epoch=1 step=120/18750 loss=1.0229 seg=0.4923 cls=0.5306
[2026-02-08 17:49:03,290] INFO - Train epoch=1 step=160/18750 loss=1.0731 seg=0.4725 cls=0.6006
[2026-02-08 17:49:05,413] INFO - Train epoch=1 step=200/18750 loss=0.6722 seg=0.2727 cls=0.3995
[2026-02-08 17:49:07,495] INFO - Train epoch=1 step=240/18750 loss=0.9092 seg=0.4277 cls=0.4815
[2026-02-08 17:49:09,573] INFO - Train epoch=1 step=280/18750 loss=0.8063 seg=0.3547 cls=0.4517
[2026-02-08 17:49:11,585] INFO - Train epoch=1 step=320/18750 loss=1.2754 seg=0.6774 cls=0.5980
[2026-02-08 17:49:13,657] INFO - Train epoch=1 step=360/18750 loss=0.9619 seg=0.4524 cls=0.5095
[2026-02-08 17:49:15,692] INFO - Train epoch=1 step=400/18750 loss=0.8695 seg=0.4836 cls=0.3859
[2026-02-08 17:49:17,764] INFO - Train epoch=1 step=440/18750 loss=0.8431 seg=0.2890 cls=0.5541
[2026-02-08 17:49:19,793] INFO - Train epoch=1 step=480/18750 loss=0.8528 seg=0.4739 cls=0.3789
[2026-02-08 17:49:21,865] INFO - Train epoch=1 step=520/18750 loss=0.8149 seg=0.2909 cls=0.5241
[2026-02-08 17:49:23,844] INFO - Train epoch=1 step=560/18750 loss=1.0253 seg=0.4579 cls=0.5674
[2026-02-08 17:49:25,850] INFO - Train epoch=1 step=600/18750 loss=1.1287 seg=0.4962 cls=0.6325
[2026-02-08 17:49:27,860] INFO - Train epoch=1 step=640/18750 loss=0.8475 seg=0.4773 cls=0.3702
[2026-02-08 17:49:29,853] INFO - Train epoch=1 step=680/18750 loss=0.8598 seg=0.3073 cls=0.5525
[2026-02-08 17:49:31,834] INFO - Train epoch=1 step=720/18750 loss=0.7546 seg=0.4412 cls=0.3134
[2026-02-08 17:49:33,880] INFO - Train epoch=1 step=760/18750 loss=0.8451 seg=0.3456 cls=0.4995
[2026-02-08 17:49:36,450] INFO - Train epoch=1 step=800/18750 loss=0.9808 seg=0.3715 cls=0.6092
[2026-02-08 17:49:38,543] INFO - Train epoch=1 step=840/18750 loss=0.7527 seg=0.3278 cls=0.4249
[2026-02-08 17:49:40,592] INFO - Train epoch=1 step=880/18750 loss=0.8030 seg=0.3658 cls=0.4373
[2026-02-08 17:49:42,673] INFO - Train epoch=1 step=920/18750 loss=0.7111 seg=0.2720 cls=0.4391
[2026-02-08 17:49:44,770] INFO - Train epoch=1 step=960/18750 loss=0.5651 seg=0.2009 cls=0.3642
[2026-02-08 17:49:46,808] INFO - Train epoch=1 step=1000/18750 loss=1.1126 seg=0.4418 cls=0.6707
[2026-02-08 17:49:48,882] INFO - Train epoch=1 step=1040/18750 loss=0.5620 seg=0.2518 cls=0.3102
[2026-02-08 17:49:51,030] INFO - Train epoch=1 step=1080/18750 loss=0.6018 seg=0.3142 cls=0.2877
[2026-02-08 17:49:53,080] INFO - Train epoch=1 step=1120/18750 loss=0.7157 seg=0.3030 cls=0.4127
[2026-02-08 17:49:55,182] INFO - Train epoch=1 step=1160/18750 loss=0.8995 seg=0.4779 cls=0.4217
[2026-02-08 17:49:57,263] INFO - Train epoch=1 step=1200/18750 loss=0.7339 seg=0.1969 cls=0.5369
[2026-02-08 17:49:59,300] INFO - Train epoch=1 step=1240/18750 loss=0.6063 seg=0.2316 cls=0.3747
[2026-02-08 17:50:01,313] INFO - Train epoch=1 step=1280/18750 loss=0.8716 seg=0.3291 cls=0.5425
[2026-02-08 17:50:03,359] INFO - Train epoch=1 step=1320/18750 loss=0.7941 seg=0.3120 cls=0.4820
[2026-02-08 17:50:05,396] INFO - Train epoch=1 step=1360/18750 loss=0.5721 seg=0.1957 cls=0.3764
[2026-02-08 17:50:07,400] INFO - Train epoch=1 step=1400/18750 loss=0.6183 seg=0.1930 cls=0.4252
[2026-02-08 17:50:09,440] INFO - Train epoch=1 step=1440/18750 loss=0.9083 seg=0.4409 cls=0.4674
[2026-02-08 17:50:11,409] INFO - Train epoch=1 step=1480/18750 loss=0.8323 seg=0.4921 cls=0.3403
[2026-02-08 17:50:13,442] INFO - Train epoch=1 step=1520/18750 loss=0.6713 seg=0.3500 cls=0.3213
[2026-02-08 17:50:15,451] INFO - Train epoch=1 step=1560/18750 loss=0.9349 seg=0.3736 cls=0.5612
[2026-02-08 17:50:17,491] INFO - Train epoch=1 step=1600/18750 loss=0.7804 seg=0.5375 cls=0.2428
[2026-02-08 17:50:19,470] INFO - Train epoch=1 step=1640/18750 loss=1.0608 seg=0.5222 cls=0.5386
[2026-02-08 17:50:21,444] INFO - Train epoch=1 step=1680/18750 loss=0.7792 seg=0.3516 cls=0.4276
[2026-02-08 17:50:23,483] INFO - Train epoch=1 step=1720/18750 loss=0.5484 seg=0.1772 cls=0.3712
[2026-02-08 17:50:25,480] INFO - Train epoch=1 step=1760/18750 loss=0.7680 seg=0.3330 cls=0.4350
[2026-02-08 17:50:27,507] INFO - Train epoch=1 step=1800/18750 loss=0.6728 seg=0.1861 cls=0.4867
[2026-02-08 17:50:29,486] INFO - Train epoch=1 step=1840/18750 loss=0.8006 seg=0.3019 cls=0.4987
[2026-02-08 17:50:31,453] INFO - Train epoch=1 step=1880/18750 loss=1.1374 seg=0.6120 cls=0.5254
[2026-02-08 17:50:33,480] INFO - Train epoch=1 step=1920/18750 loss=0.6092 seg=0.2397 cls=0.3696
[2026-02-08 17:50:35,469] INFO - Train epoch=1 step=1960/18750 loss=0.8639 seg=0.4422 cls=0.4216
[2026-02-08 17:50:37,448] INFO - Train epoch=1 step=2000/18750 loss=0.6905 seg=0.2625 cls=0.4280
[2026-02-08 17:50:39,457] INFO - Train epoch=1 step=2040/18750 loss=0.5540 seg=0.1831 cls=0.3709
[2026-02-08 17:50:41,473] INFO - Train epoch=1 step=2080/18750 loss=0.8375 seg=0.2873 cls=0.5502
[2026-02-08 17:50:43,451] INFO - Train epoch=1 step=2120/18750 loss=0.8173 seg=0.4563 cls=0.3610
[2026-02-08 17:50:45,489] INFO - Train epoch=1 step=2160/18750 loss=0.6372 seg=0.2605 cls=0.3768
[2026-02-08 17:50:47,449] INFO - Train epoch=1 step=2200/18750 loss=0.7149 seg=0.3765 cls=0.3384
[2026-02-08 17:50:50,030] INFO - Train epoch=1 step=2240/18750 loss=0.5204 seg=0.2739 cls=0.2465
[2026-02-08 17:50:52,329] INFO - Train epoch=1 step=2280/18750 loss=0.8729 seg=0.4877 cls=0.3852
[2026-02-08 17:50:54,361] INFO - Train epoch=1 step=2320/18750 loss=0.6433 seg=0.2858 cls=0.3574
[2026-02-08 17:50:56,461] INFO - Train epoch=1 step=2360/18750 loss=0.7643 seg=0.3319 cls=0.4324
[2026-02-08 17:50:58,544] INFO - Train epoch=1 step=2400/18750 loss=0.5229 seg=0.2243 cls=0.2986
[2026-02-08 17:51:00,552] INFO - Train epoch=1 step=2440/18750 loss=1.0555 seg=0.2508 cls=0.8047
[2026-02-08 17:51:02,559] INFO - Train epoch=1 step=2480/18750 loss=0.5938 seg=0.2246 cls=0.3692
[2026-02-08 17:51:04,510] INFO - Train epoch=1 step=2520/18750 loss=0.7968 seg=0.2821 cls=0.5147
[2026-02-08 17:51:06,566] INFO - Train epoch=1 step=2560/18750 loss=0.8084 seg=0.2715 cls=0.5368
[2026-02-08 17:51:08,632] INFO - Train epoch=1 step=2600/18750 loss=1.0184 seg=0.4665 cls=0.5520
[2026-02-08 17:51:10,678] INFO - Train epoch=1 step=2640/18750 loss=1.0910 seg=0.5369 cls=0.5541
[2026-02-08 17:51:12,739] INFO - Train epoch=1 step=2680/18750 loss=0.7635 seg=0.3912 cls=0.3723
[2026-02-08 17:51:14,748] INFO - Train epoch=1 step=2720/18750 loss=0.8081 seg=0.4448 cls=0.3633
[2026-02-08 17:51:16,821] INFO - Train epoch=1 step=2760/18750 loss=0.7673 seg=0.3662 cls=0.4010
[2026-02-08 17:51:18,828] INFO - Train epoch=1 step=2800/18750 loss=0.8739 seg=0.3734 cls=0.5005
[2026-02-08 17:51:20,868] INFO - Train epoch=1 step=2840/18750 loss=0.4994 seg=0.1736 cls=0.3258
[2026-02-08 17:51:22,919] INFO - Train epoch=1 step=2880/18750 loss=0.6125 seg=0.1827 cls=0.4298
[2026-02-08 17:51:24,947] INFO - Train epoch=1 step=2920/18750 loss=0.8271 seg=0.3436 cls=0.4836
[2026-02-08 17:51:27,001] INFO - Train epoch=1 step=2960/18750 loss=0.7381 seg=0.3463 cls=0.3919
[2026-02-08 17:51:29,004] INFO - Train epoch=1 step=3000/18750 loss=0.8679 seg=0.4418 cls=0.4261
[2026-02-08 17:51:31,043] INFO - Train epoch=1 step=3040/18750 loss=1.0897 seg=0.4945 cls=0.5951
[2026-02-08 17:51:33,044] INFO - Train epoch=1 step=3080/18750 loss=0.5189 seg=0.2478 cls=0.2711
[2026-02-08 17:51:35,041] INFO - Train epoch=1 step=3120/18750 loss=0.6214 seg=0.3070 cls=0.3143
[2026-02-08 17:51:37,069] INFO - Train epoch=1 step=3160/18750 loss=0.7192 seg=0.3253 cls=0.3939
[2026-02-08 17:51:38,976] INFO - Train epoch=1 step=3200/18750 loss=0.8374 seg=0.3759 cls=0.4615
[2026-02-08 17:51:40,961] INFO - Train epoch=1 step=3240/18750 loss=0.7067 seg=0.3634 cls=0.3433
[2026-02-08 17:51:42,932] INFO - Train epoch=1 step=3280/18750 loss=0.6730 seg=0.2872 cls=0.3858
[2026-02-08 17:51:44,914] INFO - Train epoch=1 step=3320/18750 loss=0.5240 seg=0.3199 cls=0.2041
[2026-02-08 17:51:46,893] INFO - Train epoch=1 step=3360/18750 loss=0.5504 seg=0.2305 cls=0.3199
[2026-02-08 17:51:48,822] INFO - Train epoch=1 step=3400/18750 loss=0.9723 seg=0.4540 cls=0.5183
[2026-02-08 17:51:50,739] INFO - Train epoch=1 step=3440/18750 loss=1.1983 seg=0.6461 cls=0.5522
[2026-02-08 17:51:52,764] INFO - Train epoch=1 step=3480/18750 loss=0.6868 seg=0.4395 cls=0.2473
[2026-02-08 17:51:54,722] INFO - Train epoch=1 step=3520/18750 loss=0.8209 seg=0.3382 cls=0.4827
[2026-02-08 17:51:56,670] INFO - Train epoch=1 step=3560/18750 loss=0.7336 seg=0.4206 cls=0.3130
[2026-02-08 17:51:58,684] INFO - Train epoch=1 step=3600/18750 loss=0.7244 seg=0.3949 cls=0.3295
[2026-02-08 17:52:01,036] INFO - Train epoch=1 step=3640/18750 loss=0.8796 seg=0.4281 cls=0.4514
[2026-02-08 17:52:03,374] INFO - Train epoch=1 step=3680/18750 loss=0.6314 seg=0.3228 cls=0.3087
[2026-02-08 17:52:05,646] INFO - Train epoch=1 step=3720/18750 loss=0.5296 seg=0.2106 cls=0.3191
[2026-02-08 17:52:07,706] INFO - Train epoch=1 step=3760/18750 loss=0.6185 seg=0.3178 cls=0.3007
[2026-02-08 17:52:09,823] INFO - Train epoch=1 step=3800/18750 loss=1.3000 seg=0.4866 cls=0.8134
[2026-02-08 17:52:11,876] INFO - Train epoch=1 step=3840/18750 loss=0.6816 seg=0.2672 cls=0.4144
[2026-02-08 17:52:13,928] INFO - Train epoch=1 step=3880/18750 loss=0.7749 seg=0.3254 cls=0.4495
[2026-02-08 17:52:15,994] INFO - Train epoch=1 step=3920/18750 loss=0.9033 seg=0.3222 cls=0.5810
[2026-02-08 17:52:18,086] INFO - Train epoch=1 step=3960/18750 loss=0.5053 seg=0.2400 cls=0.2653
[2026-02-08 17:52:20,177] INFO - Train epoch=1 step=4000/18750 loss=0.5007 seg=0.3090 cls=0.1917
[2026-02-08 17:52:22,264] INFO - Train epoch=1 step=4040/18750 loss=0.7926 seg=0.3578 cls=0.4348
[2026-02-08 17:52:24,277] INFO - Train epoch=1 step=4080/18750 loss=0.8185 seg=0.3756 cls=0.4429
[2026-02-08 17:52:26,299] INFO - Train epoch=1 step=4120/18750 loss=1.0233 seg=0.3639 cls=0.6593
[2026-02-08 17:52:28,341] INFO - Train epoch=1 step=4160/18750 loss=1.1275 seg=0.4682 cls=0.6593
[2026-02-08 17:52:30,405] INFO - Train epoch=1 step=4200/18750 loss=0.7520 seg=0.2949 cls=0.4571
[2026-02-08 17:52:32,438] INFO - Train epoch=1 step=4240/18750 loss=0.6699 seg=0.3085 cls=0.3614
[2026-02-08 17:52:34,478] INFO - Train epoch=1 step=4280/18750 loss=1.0556 seg=0.5627 cls=0.4929
[2026-02-08 17:52:36,556] INFO - Train epoch=1 step=4320/18750 loss=0.8526 seg=0.3816 cls=0.4711
[2026-02-08 17:52:38,530] INFO - Train epoch=1 step=4360/18750 loss=0.8493 seg=0.4466 cls=0.4028
[2026-02-08 17:52:40,566] INFO - Train epoch=1 step=4400/18750 loss=0.5485 seg=0.1490 cls=0.3995
[2026-02-08 17:52:42,569] INFO - Train epoch=1 step=4440/18750 loss=0.7054 seg=0.3375 cls=0.3679
[2026-02-08 17:52:44,601] INFO - Train epoch=1 step=4480/18750 loss=0.7729 seg=0.3945 cls=0.3783
[2026-02-08 17:52:46,576] INFO - Train epoch=1 step=4520/18750 loss=0.8461 seg=0.4228 cls=0.4232
[2026-02-08 17:52:48,577] INFO - Train epoch=1 step=4560/18750 loss=0.7820 seg=0.3757 cls=0.4062
[2026-02-08 17:52:50,635] INFO - Train epoch=1 step=4600/18750 loss=0.7274 seg=0.3574 cls=0.3700
[2026-02-08 17:52:52,695] INFO - Train epoch=1 step=4640/18750 loss=0.7525 seg=0.3221 cls=0.4304
[2026-02-08 17:52:54,681] INFO - Train epoch=1 step=4680/18750 loss=0.8009 seg=0.4636 cls=0.3372
[2026-02-08 17:52:56,684] INFO - Train epoch=1 step=4720/18750 loss=0.9909 seg=0.4048 cls=0.5861
[2026-02-08 17:52:58,616] INFO - Train epoch=1 step=4760/18750 loss=0.5023 seg=0.2022 cls=0.3002
[2026-02-08 17:53:00,729] INFO - Train epoch=1 step=4800/18750 loss=0.5003 seg=0.2718 cls=0.2285
[2026-02-08 17:53:02,733] INFO - Train epoch=1 step=4840/18750 loss=0.4805 seg=0.2701 cls=0.2104
[2026-02-08 17:53:04,741] INFO - Train epoch=1 step=4880/18750 loss=0.7131 seg=0.3446 cls=0.3684
[2026-02-08 17:53:06,738] INFO - Train epoch=1 step=4920/18750 loss=0.5653 seg=0.1633 cls=0.4020
[2026-02-08 17:53:08,685] INFO - Train epoch=1 step=4960/18750 loss=0.6582 seg=0.2476 cls=0.4106
[2026-02-08 17:53:10,683] INFO - Train epoch=1 step=5000/18750 loss=0.7551 seg=0.3004 cls=0.4547
[2026-02-08 17:53:12,614] INFO - Train epoch=1 step=5040/18750 loss=0.5537 seg=0.2348 cls=0.3189
[2026-02-08 17:53:14,930] INFO - Train epoch=1 step=5080/18750 loss=1.0364 seg=0.6396 cls=0.3968
[2026-02-08 17:53:17,213] INFO - Train epoch=1 step=5120/18750 loss=0.6842 seg=0.3960 cls=0.2881
[2026-02-08 17:53:19,552] INFO - Train epoch=1 step=5160/18750 loss=0.9018 seg=0.4208 cls=0.4810
[2026-02-08 17:53:21,650] INFO - Train epoch=1 step=5200/18750 loss=0.7096 seg=0.2358 cls=0.4738
[2026-02-08 17:53:23,745] INFO - Train epoch=1 step=5240/18750 loss=0.8143 seg=0.4344 cls=0.3799
[2026-02-08 17:53:25,838] INFO - Train epoch=1 step=5280/18750 loss=1.0145 seg=0.3638 cls=0.6507
[2026-02-08 17:53:27,897] INFO - Train epoch=1 step=5320/18750 loss=1.1896 seg=0.4076 cls=0.7820
[2026-02-08 17:53:30,004] INFO - Train epoch=1 step=5360/18750 loss=0.7543 seg=0.3572 cls=0.3971
[2026-02-08 17:53:32,095] INFO - Train epoch=1 step=5400/18750 loss=0.9063 seg=0.4432 cls=0.4632
[2026-02-08 17:53:34,180] INFO - Train epoch=1 step=5440/18750 loss=0.7184 seg=0.3077 cls=0.4107
[2026-02-08 17:53:36,319] INFO - Train epoch=1 step=5480/18750 loss=0.9669 seg=0.3909 cls=0.5760
[2026-02-08 17:53:38,381] INFO - Train epoch=1 step=5520/18750 loss=0.9852 seg=0.4523 cls=0.5329
[2026-02-08 17:53:40,444] INFO - Train epoch=1 step=5560/18750 loss=0.7872 seg=0.2982 cls=0.4890
[2026-02-08 17:53:42,538] INFO - Train epoch=1 step=5600/18750 loss=1.0694 seg=0.4608 cls=0.6086
[2026-02-08 17:53:44,579] INFO - Train epoch=1 step=5640/18750 loss=0.7549 seg=0.3415 cls=0.4133
[2026-02-08 17:53:46,635] INFO - Train epoch=1 step=5680/18750 loss=0.6665 seg=0.3338 cls=0.3327
[2026-02-08 17:53:48,697] INFO - Train epoch=1 step=5720/18750 loss=1.2880 seg=0.6689 cls=0.6191
[2026-02-08 17:53:50,727] INFO - Train epoch=1 step=5760/18750 loss=0.5881 seg=0.2105 cls=0.3776
[2026-02-08 17:53:52,752] INFO - Train epoch=1 step=5800/18750 loss=0.9807 seg=0.3407 cls=0.6400
[2026-02-08 17:53:54,754] INFO - Train epoch=1 step=5840/18750 loss=0.9103 seg=0.2835 cls=0.6268
[2026-02-08 17:53:56,766] INFO - Train epoch=1 step=5880/18750 loss=0.7543 seg=0.4300 cls=0.3243
[2026-02-08 17:53:58,811] INFO - Train epoch=1 step=5920/18750 loss=0.7225 seg=0.3162 cls=0.4063
[2026-02-08 17:54:00,710] INFO - Train epoch=1 step=5960/18750 loss=0.9315 seg=0.4954 cls=0.4361
[2026-02-08 17:54:02,719] INFO - Train epoch=1 step=6000/18750 loss=0.7083 seg=0.3435 cls=0.3649
[2026-02-08 17:54:04,679] INFO - Train epoch=1 step=6040/18750 loss=0.7247 seg=0.3413 cls=0.3834
[2026-02-08 17:54:06,695] INFO - Train epoch=1 step=6080/18750 loss=0.6485 seg=0.4048 cls=0.2437
[2026-02-08 17:54:08,677] INFO - Train epoch=1 step=6120/18750 loss=0.7687 seg=0.2819 cls=0.4868
[2026-02-08 17:54:10,675] INFO - Train epoch=1 step=6160/18750 loss=0.6250 seg=0.3734 cls=0.2516
[2026-02-08 17:54:12,714] INFO - Train epoch=1 step=6200/18750 loss=0.5859 seg=0.1541 cls=0.4318
[2026-02-08 17:54:14,646] INFO - Train epoch=1 step=6240/18750 loss=0.6421 seg=0.3402 cls=0.3019
[2026-02-08 17:54:16,716] INFO - Train epoch=1 step=6280/18750 loss=0.5791 seg=0.1999 cls=0.3792
[2026-02-08 17:54:18,714] INFO - Train epoch=1 step=6320/18750 loss=0.5904 seg=0.3244 cls=0.2660
[2026-02-08 17:54:20,732] INFO - Train epoch=1 step=6360/18750 loss=0.9183 seg=0.3552 cls=0.5631
[2026-02-08 17:54:22,694] INFO - Train epoch=1 step=6400/18750 loss=0.6493 seg=0.4060 cls=0.2433
[2026-02-08 17:54:24,650] INFO - Train epoch=1 step=6440/18750 loss=0.4627 seg=0.2397 cls=0.2230
[2026-02-08 17:54:26,708] INFO - Train epoch=1 step=6480/18750 loss=0.5032 seg=0.1765 cls=0.3268
[2026-02-08 17:54:29,123] INFO - Train epoch=1 step=6520/18750 loss=0.5330 seg=0.3112 cls=0.2219
[2026-02-08 17:54:31,473] INFO - Train epoch=1 step=6560/18750 loss=0.7224 seg=0.2014 cls=0.5210
[2026-02-08 17:54:33,795] INFO - Train epoch=1 step=6600/18750 loss=0.6039 seg=0.2882 cls=0.3157
[2026-02-08 17:54:35,885] INFO - Train epoch=1 step=6640/18750 loss=1.0142 seg=0.4430 cls=0.5712
[2026-02-08 17:54:37,963] INFO - Train epoch=1 step=6680/18750 loss=0.6290 seg=0.2854 cls=0.3435
[2026-02-08 17:54:39,996] INFO - Train epoch=1 step=6720/18750 loss=0.8931 seg=0.4599 cls=0.4333
[2026-02-08 17:54:42,035] INFO - Train epoch=1 step=6760/18750 loss=0.4293 seg=0.1794 cls=0.2498
[2026-02-08 17:54:44,105] INFO - Train epoch=1 step=6800/18750 loss=0.7346 seg=0.2546 cls=0.4800
[2026-02-08 17:54:46,141] INFO - Train epoch=1 step=6840/18750 loss=0.5283 seg=0.1278 cls=0.4005
[2026-02-08 17:54:48,201] INFO - Train epoch=1 step=6880/18750 loss=0.6412 seg=0.2927 cls=0.3485
[2026-02-08 17:54:50,287] INFO - Train epoch=1 step=6920/18750 loss=0.8351 seg=0.4349 cls=0.4002
[2026-02-08 17:54:52,406] INFO - Train epoch=1 step=6960/18750 loss=0.8136 seg=0.3535 cls=0.4600
[2026-02-08 17:54:54,468] INFO - Train epoch=1 step=7000/18750 loss=0.6108 seg=0.3166 cls=0.2942
[2026-02-08 17:54:56,481] INFO - Train epoch=1 step=7040/18750 loss=0.5503 seg=0.3622 cls=0.1880
[2026-02-08 17:54:58,512] INFO - Train epoch=1 step=7080/18750 loss=0.5575 seg=0.2813 cls=0.2762
[2026-02-08 17:55:00,604] INFO - Train epoch=1 step=7120/18750 loss=1.2290 seg=0.5977 cls=0.6313
[2026-02-08 17:55:02,619] INFO - Train epoch=1 step=7160/18750 loss=0.7076 seg=0.3723 cls=0.3353
[2026-02-08 17:55:04,686] INFO - Train epoch=1 step=7200/18750 loss=0.9278 seg=0.3808 cls=0.5470
[2026-02-08 17:55:06,763] INFO - Train epoch=1 step=7240/18750 loss=0.5788 seg=0.2936 cls=0.2852
[2026-02-08 17:55:08,788] INFO - Train epoch=1 step=7280/18750 loss=0.4183 seg=0.1514 cls=0.2669
[2026-02-08 17:55:10,797] INFO - Train epoch=1 step=7320/18750 loss=0.8508 seg=0.3442 cls=0.5066
[2026-02-08 17:55:12,834] INFO - Train epoch=1 step=7360/18750 loss=0.4861 seg=0.2607 cls=0.2254
[2026-02-08 17:55:14,837] INFO - Train epoch=1 step=7400/18750 loss=0.9583 seg=0.3819 cls=0.5764
[2026-02-08 17:55:16,837] INFO - Train epoch=1 step=7440/18750 loss=0.6577 seg=0.2660 cls=0.3917
[2026-02-08 17:55:18,866] INFO - Train epoch=1 step=7480/18750 loss=0.5206 seg=0.3273 cls=0.1933
[2026-02-08 17:55:20,819] INFO - Train epoch=1 step=7520/18750 loss=0.9177 seg=0.3635 cls=0.5542
[2026-02-08 17:55:22,801] INFO - Train epoch=1 step=7560/18750 loss=0.6279 seg=0.2692 cls=0.3586
[2026-02-08 17:55:24,796] INFO - Train epoch=1 step=7600/18750 loss=0.7652 seg=0.3377 cls=0.4275
[2026-02-08 17:55:26,727] INFO - Train epoch=1 step=7640/18750 loss=1.0765 seg=0.4720 cls=0.6045
[2026-02-08 17:55:28,703] INFO - Train epoch=1 step=7680/18750 loss=0.7461 seg=0.2248 cls=0.5213
[2026-02-08 17:55:30,686] INFO - Train epoch=1 step=7720/18750 loss=0.5610 seg=0.2083 cls=0.3527
[2026-02-08 17:55:32,605] INFO - Train epoch=1 step=7760/18750 loss=0.6263 seg=0.2763 cls=0.3500
[2026-02-08 17:55:34,535] INFO - Train epoch=1 step=7800/18750 loss=0.6200 seg=0.2507 cls=0.3692
[2026-02-08 17:55:36,565] INFO - Train epoch=1 step=7840/18750 loss=0.8245 seg=0.3548 cls=0.4696
[2026-02-08 17:55:38,542] INFO - Train epoch=1 step=7880/18750 loss=0.5658 seg=0.2049 cls=0.3609
[2026-02-08 17:55:40,492] INFO - Train epoch=1 step=7920/18750 loss=0.6931 seg=0.2971 cls=0.3960
[2026-02-08 17:55:42,492] INFO - Train epoch=1 step=7960/18750 loss=1.2901 seg=0.5040 cls=0.7861
[2026-02-08 17:55:45,187] INFO - Train epoch=1 step=8000/18750 loss=0.4736 seg=0.2493 cls=0.2244
[2026-02-08 17:55:47,509] INFO - Train epoch=1 step=8040/18750 loss=0.8514 seg=0.4842 cls=0.3672
[2026-02-08 17:55:49,589] INFO - Train epoch=1 step=8080/18750 loss=0.7960 seg=0.4317 cls=0.3643
[2026-02-08 17:55:51,667] INFO - Train epoch=1 step=8120/18750 loss=0.4951 seg=0.2302 cls=0.2648
[2026-02-08 17:55:53,714] INFO - Train epoch=1 step=8160/18750 loss=0.7255 seg=0.3824 cls=0.3432
[2026-02-08 17:55:55,803] INFO - Train epoch=1 step=8200/18750 loss=0.6417 seg=0.3620 cls=0.2797
[2026-02-08 17:55:57,852] INFO - Train epoch=1 step=8240/18750 loss=0.4681 seg=0.1686 cls=0.2994
[2026-02-08 17:55:59,895] INFO - Train epoch=1 step=8280/18750 loss=0.6274 seg=0.2441 cls=0.3833
[2026-02-08 17:56:01,924] INFO - Train epoch=1 step=8320/18750 loss=0.8764 seg=0.4661 cls=0.4103
[2026-02-08 17:56:03,970] INFO - Train epoch=1 step=8360/18750 loss=0.6070 seg=0.2590 cls=0.3481
[2026-02-08 17:56:06,015] INFO - Train epoch=1 step=8400/18750 loss=0.7186 seg=0.4320 cls=0.2866
[2026-02-08 17:56:08,017] INFO - Train epoch=1 step=8440/18750 loss=0.6990 seg=0.4295 cls=0.2695
[2026-02-08 17:56:10,119] INFO - Train epoch=1 step=8480/18750 loss=0.6878 seg=0.3555 cls=0.3323
[2026-02-08 17:56:12,158] INFO - Train epoch=1 step=8520/18750 loss=0.8654 seg=0.3331 cls=0.5324
[2026-02-08 17:56:14,187] INFO - Train epoch=1 step=8560/18750 loss=0.7844 seg=0.3953 cls=0.3891
[2026-02-08 17:56:16,244] INFO - Train epoch=1 step=8600/18750 loss=0.6757 seg=0.2598 cls=0.4159
[2026-02-08 17:56:18,296] INFO - Train epoch=1 step=8640/18750 loss=0.9182 seg=0.2900 cls=0.6283
[2026-02-08 17:56:20,319] INFO - Train epoch=1 step=8680/18750 loss=0.8089 seg=0.3927 cls=0.4162
[2026-02-08 17:56:22,342] INFO - Train epoch=1 step=8720/18750 loss=1.4219 seg=0.6298 cls=0.7921
[2026-02-08 17:56:24,356] INFO - Train epoch=1 step=8760/18750 loss=0.8558 seg=0.4932 cls=0.3626
[2026-02-08 17:56:26,354] INFO - Train epoch=1 step=8800/18750 loss=0.7405 seg=0.3456 cls=0.3950
[2026-02-08 17:56:28,322] INFO - Train epoch=1 step=8840/18750 loss=0.7232 seg=0.3382 cls=0.3850
[2026-02-08 17:56:30,323] INFO - Train epoch=1 step=8880/18750 loss=0.7827 seg=0.3717 cls=0.4110
[2026-02-08 17:56:32,274] INFO - Train epoch=1 step=8920/18750 loss=0.6882 seg=0.3609 cls=0.3274
[2026-02-08 17:56:34,365] INFO - Train epoch=1 step=8960/18750 loss=0.7734 seg=0.3538 cls=0.4196
[2026-02-08 17:56:36,308] INFO - Train epoch=1 step=9000/18750 loss=0.6740 seg=0.3513 cls=0.3227
[2026-02-08 17:56:38,314] INFO - Train epoch=1 step=9040/18750 loss=0.6453 seg=0.2687 cls=0.3767
[2026-02-08 17:56:40,360] INFO - Train epoch=1 step=9080/18750 loss=0.6493 seg=0.2813 cls=0.3680
[2026-02-08 17:56:42,285] INFO - Train epoch=1 step=9120/18750 loss=1.0554 seg=0.5508 cls=0.5046
[2026-02-08 17:56:44,312] INFO - Train epoch=1 step=9160/18750 loss=0.8377 seg=0.2979 cls=0.5397
[2026-02-08 17:56:46,315] INFO - Train epoch=1 step=9200/18750 loss=0.8588 seg=0.3921 cls=0.4667
[2026-02-08 17:56:48,251] INFO - Train epoch=1 step=9240/18750 loss=0.7501 seg=0.3999 cls=0.3502
[2026-02-08 17:56:50,250] INFO - Train epoch=1 step=9280/18750 loss=0.6453 seg=0.4369 cls=0.2084
[2026-02-08 17:56:52,210] INFO - Train epoch=1 step=9320/18750 loss=0.7322 seg=0.2337 cls=0.4985
[2026-02-08 17:56:54,186] INFO - Train epoch=1 step=9360/18750 loss=0.6496 seg=0.2788 cls=0.3708
[2026-02-08 17:56:56,398] INFO - Train epoch=1 step=9400/18750 loss=0.5779 seg=0.3558 cls=0.2221
[2026-02-08 17:56:58,443] INFO - Train epoch=1 step=9440/18750 loss=0.8779 seg=0.2766 cls=0.6014
[2026-02-08 17:57:00,757] INFO - Train epoch=1 step=9480/18750 loss=0.8055 seg=0.3202 cls=0.4853
[2026-02-08 17:57:03,048] INFO - Train epoch=1 step=9520/18750 loss=0.8046 seg=0.3350 cls=0.4696
[2026-02-08 17:57:05,160] INFO - Train epoch=1 step=9560/18750 loss=1.0606 seg=0.4476 cls=0.6131
[2026-02-08 17:57:07,203] INFO - Train epoch=1 step=9600/18750 loss=1.0925 seg=0.6335 cls=0.4590
[2026-02-08 17:57:09,298] INFO - Train epoch=1 step=9640/18750 loss=0.8129 seg=0.4186 cls=0.3943
[2026-02-08 17:57:11,397] INFO - Train epoch=1 step=9680/18750 loss=0.5693 seg=0.2404 cls=0.3288
[2026-02-08 17:57:13,446] INFO - Train epoch=1 step=9720/18750 loss=0.4775 seg=0.2248 cls=0.2527
[2026-02-08 17:57:15,469] INFO - Train epoch=1 step=9760/18750 loss=0.6771 seg=0.3050 cls=0.3721
[2026-02-08 17:57:17,544] INFO - Train epoch=1 step=9800/18750 loss=0.6753 seg=0.3773 cls=0.2980
[2026-02-08 17:57:19,627] INFO - Train epoch=1 step=9840/18750 loss=0.6908 seg=0.3252 cls=0.3656
[2026-02-08 17:57:21,647] INFO - Train epoch=1 step=9880/18750 loss=0.8937 seg=0.4193 cls=0.4744
[2026-02-08 17:57:23,712] INFO - Train epoch=1 step=9920/18750 loss=0.6857 seg=0.2784 cls=0.4073
[2026-02-08 17:57:25,781] INFO - Train epoch=1 step=9960/18750 loss=0.6155 seg=0.2581 cls=0.3574
[2026-02-08 17:57:27,816] INFO - Train epoch=1 step=10000/18750 loss=1.0029 seg=0.3583 cls=0.6446
[2026-02-08 17:57:29,931] INFO - Train epoch=1 step=10040/18750 loss=0.9401 seg=0.3441 cls=0.5959
[2026-02-08 17:57:31,926] INFO - Train epoch=1 step=10080/18750 loss=0.5223 seg=0.2403 cls=0.2820
[2026-02-08 17:57:33,931] INFO - Train epoch=1 step=10120/18750 loss=0.5563 seg=0.2309 cls=0.3254
[2026-02-08 17:57:36,008] INFO - Train epoch=1 step=10160/18750 loss=0.6225 seg=0.3895 cls=0.2329
[2026-02-08 17:57:37,992] INFO - Train epoch=1 step=10200/18750 loss=0.8922 seg=0.4689 cls=0.4233
[2026-02-08 17:57:39,996] INFO - Train epoch=1 step=10240/18750 loss=0.8201 seg=0.3850 cls=0.4350
[2026-02-08 17:57:42,022] INFO - Train epoch=1 step=10280/18750 loss=0.6971 seg=0.4018 cls=0.2953
[2026-02-08 17:57:43,946] INFO - Train epoch=1 step=10320/18750 loss=0.8707 seg=0.3851 cls=0.4856
[2026-02-08 17:57:46,106] INFO - Train epoch=1 step=10360/18750 loss=0.7684 seg=0.3955 cls=0.3730
[2026-02-08 17:57:48,071] INFO - Train epoch=1 step=10400/18750 loss=0.6231 seg=0.3180 cls=0.3051
[2026-02-08 17:57:50,067] INFO - Train epoch=1 step=10440/18750 loss=0.6705 seg=0.2570 cls=0.4135
[2026-02-08 17:57:52,068] INFO - Train epoch=1 step=10480/18750 loss=0.7518 seg=0.2285 cls=0.5233
[2026-02-08 17:57:54,049] INFO - Train epoch=1 step=10520/18750 loss=0.6599 seg=0.3085 cls=0.3514
[2026-02-08 17:57:56,024] INFO - Train epoch=1 step=10560/18750 loss=0.7801 seg=0.3689 cls=0.4113
[2026-02-08 17:57:58,025] INFO - Train epoch=1 step=10600/18750 loss=0.5057 seg=0.2235 cls=0.2822
[2026-02-08 17:58:00,006] INFO - Train epoch=1 step=10640/18750 loss=0.7151 seg=0.3342 cls=0.3809
[2026-02-08 17:58:02,005] INFO - Train epoch=1 step=10680/18750 loss=0.7595 seg=0.3608 cls=0.3986
[2026-02-08 17:58:03,994] INFO - Train epoch=1 step=10720/18750 loss=0.6580 seg=0.2566 cls=0.4013
[2026-02-08 17:58:05,941] INFO - Train epoch=1 step=10760/18750 loss=1.3770 seg=0.5846 cls=0.7924
[2026-02-08 17:58:07,957] INFO - Train epoch=1 step=10800/18750 loss=0.7802 seg=0.3241 cls=0.4562
[2026-02-08 17:58:09,946] INFO - Train epoch=1 step=10840/18750 loss=1.1603 seg=0.5332 cls=0.6272
[2026-02-08 17:58:12,205] INFO - Train epoch=1 step=10880/18750 loss=0.6767 seg=0.3486 cls=0.3280
[2026-02-08 17:58:14,315] INFO - Train epoch=1 step=10920/18750 loss=0.7738 seg=0.4085 cls=0.3652
[2026-02-08 17:58:16,590] INFO - Train epoch=1 step=10960/18750 loss=0.5749 seg=0.2193 cls=0.3556
[2026-02-08 17:58:18,693] INFO - Train epoch=1 step=11000/18750 loss=0.6073 seg=0.1959 cls=0.4115
[2026-02-08 17:58:20,715] INFO - Train epoch=1 step=11040/18750 loss=0.6706 seg=0.2940 cls=0.3766
[2026-02-08 17:58:22,798] INFO - Train epoch=1 step=11080/18750 loss=0.8363 seg=0.3711 cls=0.4652
[2026-02-08 17:58:24,836] INFO - Train epoch=1 step=11120/18750 loss=0.5692 seg=0.2734 cls=0.2958
[2026-02-08 17:58:26,873] INFO - Train epoch=1 step=11160/18750 loss=0.7262 seg=0.2739 cls=0.4522
[2026-02-08 17:58:28,930] INFO - Train epoch=1 step=11200/18750 loss=1.2401 seg=0.5380 cls=0.7021
[2026-02-08 17:58:31,025] INFO - Train epoch=1 step=11240/18750 loss=0.4582 seg=0.2234 cls=0.2348
[2026-02-08 17:58:33,097] INFO - Train epoch=1 step=11280/18750 loss=0.6735 seg=0.3206 cls=0.3528
[2026-02-08 17:58:35,202] INFO - Train epoch=1 step=11320/18750 loss=0.6176 seg=0.2851 cls=0.3325
[2026-02-08 17:58:37,262] INFO - Train epoch=1 step=11360/18750 loss=0.9310 seg=0.4968 cls=0.4342
[2026-02-08 17:58:39,373] INFO - Train epoch=1 step=11400/18750 loss=0.6051 seg=0.3174 cls=0.2877
[2026-02-08 17:58:41,461] INFO - Train epoch=1 step=11440/18750 loss=0.6847 seg=0.3511 cls=0.3336
[2026-02-08 17:58:43,514] INFO - Train epoch=1 step=11480/18750 loss=1.0980 seg=0.5964 cls=0.5016
[2026-02-08 17:58:45,589] INFO - Train epoch=1 step=11520/18750 loss=0.6550 seg=0.2644 cls=0.3906
[2026-02-08 17:58:47,675] INFO - Train epoch=1 step=11560/18750 loss=0.9410 seg=0.4628 cls=0.4782
[2026-02-08 17:58:49,670] INFO - Train epoch=1 step=11600/18750 loss=0.5917 seg=0.2484 cls=0.3433
[2026-02-08 17:58:51,707] INFO - Train epoch=1 step=11640/18750 loss=0.8800 seg=0.3369 cls=0.5430
[2026-02-08 17:58:53,755] INFO - Train epoch=1 step=11680/18750 loss=0.4996 seg=0.2200 cls=0.2796
[2026-02-08 17:58:55,831] INFO - Train epoch=1 step=11720/18750 loss=0.6590 seg=0.3388 cls=0.3202
[2026-02-08 17:58:57,768] INFO - Train epoch=1 step=11760/18750 loss=1.1077 seg=0.4556 cls=0.6521
[2026-02-08 17:58:59,778] INFO - Train epoch=1 step=11800/18750 loss=0.4936 seg=0.2860 cls=0.2076
[2026-02-08 17:59:01,762] INFO - Train epoch=1 step=11840/18750 loss=1.1279 seg=0.4311 cls=0.6968
[2026-02-08 17:59:03,733] INFO - Train epoch=1 step=11880/18750 loss=0.6995 seg=0.3016 cls=0.3979
[2026-02-08 17:59:05,689] INFO - Train epoch=1 step=11920/18750 loss=1.1809 seg=0.6157 cls=0.5652
[2026-02-08 17:59:07,672] INFO - Train epoch=1 step=11960/18750 loss=0.5165 seg=0.3340 cls=0.1825
[2026-02-08 17:59:09,655] INFO - Train epoch=1 step=12000/18750 loss=0.7599 seg=0.4499 cls=0.3100
[2026-02-08 17:59:11,653] INFO - Train epoch=1 step=12040/18750 loss=0.8092 seg=0.4887 cls=0.3205
[2026-02-08 17:59:13,647] INFO - Train epoch=1 step=12080/18750 loss=0.4483 seg=0.1498 cls=0.2985
[2026-02-08 17:59:15,615] INFO - Train epoch=1 step=12120/18750 loss=0.5981 seg=0.2929 cls=0.3052
[2026-02-08 17:59:17,626] INFO - Train epoch=1 step=12160/18750 loss=0.6836 seg=0.3135 cls=0.3701
[2026-02-08 17:59:19,577] INFO - Train epoch=1 step=12200/18750 loss=0.6938 seg=0.2380 cls=0.4558
[2026-02-08 17:59:21,630] INFO - Train epoch=1 step=12240/18750 loss=0.6199 seg=0.2609 cls=0.3590
[2026-02-08 17:59:23,581] INFO - Train epoch=1 step=12280/18750 loss=0.6145 seg=0.1903 cls=0.4242
[2026-02-08 17:59:25,937] INFO - Train epoch=1 step=12320/18750 loss=1.1024 seg=0.4893 cls=0.6131
[2026-02-08 17:59:28,021] INFO - Train epoch=1 step=12360/18750 loss=0.6618 seg=0.3091 cls=0.3527
[2026-02-08 17:59:30,372] INFO - Train epoch=1 step=12400/18750 loss=0.5172 seg=0.2948 cls=0.2224
[2026-02-08 17:59:32,492] INFO - Train epoch=1 step=12440/18750 loss=0.5161 seg=0.2574 cls=0.2587
[2026-02-08 17:59:34,620] INFO - Train epoch=1 step=12480/18750 loss=0.6557 seg=0.2954 cls=0.3603
[2026-02-08 17:59:36,641] INFO - Train epoch=1 step=12520/18750 loss=0.4179 seg=0.1690 cls=0.2490
[2026-02-08 17:59:38,812] INFO - Train epoch=1 step=12560/18750 loss=0.7315 seg=0.4046 cls=0.3268
[2026-02-08 17:59:40,819] INFO - Train epoch=1 step=12600/18750 loss=0.6027 seg=0.1044 cls=0.4983
[2026-02-08 17:59:42,819] INFO - Train epoch=1 step=12640/18750 loss=1.0157 seg=0.5417 cls=0.4741
[2026-02-08 17:59:44,903] INFO - Train epoch=1 step=12680/18750 loss=0.6578 seg=0.2645 cls=0.3933
[2026-02-08 17:59:46,931] INFO - Train epoch=1 step=12720/18750 loss=0.8218 seg=0.3277 cls=0.4941
[2026-02-08 17:59:48,984] INFO - Train epoch=1 step=12760/18750 loss=0.9639 seg=0.5558 cls=0.4081
[2026-02-08 17:59:50,993] INFO - Train epoch=1 step=12800/18750 loss=0.8495 seg=0.3812 cls=0.4683
[2026-02-08 17:59:53,016] INFO - Train epoch=1 step=12840/18750 loss=0.8609 seg=0.3854 cls=0.4755
[2026-02-08 17:59:55,049] INFO - Train epoch=1 step=12880/18750 loss=0.7671 seg=0.3750 cls=0.3921
[2026-02-08 17:59:57,058] INFO - Train epoch=1 step=12920/18750 loss=0.7499 seg=0.3455 cls=0.4044
[2026-02-08 17:59:59,069] INFO - Train epoch=1 step=12960/18750 loss=0.5135 seg=0.3100 cls=0.2035
[2026-02-08 18:00:01,080] INFO - Train epoch=1 step=13000/18750 loss=0.8724 seg=0.4244 cls=0.4480
[2026-02-08 18:00:03,110] INFO - Train epoch=1 step=13040/18750 loss=0.7232 seg=0.4186 cls=0.3047
[2026-02-08 18:00:05,168] INFO - Train epoch=1 step=13080/18750 loss=0.5980 seg=0.2379 cls=0.3601
[2026-02-08 18:00:07,123] INFO - Train epoch=1 step=13120/18750 loss=0.7922 seg=0.3366 cls=0.4556
[2026-02-08 18:00:09,109] INFO - Train epoch=1 step=13160/18750 loss=0.5433 seg=0.2021 cls=0.3412
[2026-02-08 18:00:11,077] INFO - Train epoch=1 step=13200/18750 loss=0.4969 seg=0.2422 cls=0.2547
[2026-02-08 18:00:13,062] INFO - Train epoch=1 step=13240/18750 loss=0.5677 seg=0.2112 cls=0.3565
[2026-02-08 18:00:15,057] INFO - Train epoch=1 step=13280/18750 loss=0.7205 seg=0.3394 cls=0.3811
[2026-02-08 18:00:17,031] INFO - Train epoch=1 step=13320/18750 loss=0.5680 seg=0.2744 cls=0.2935
[2026-02-08 18:00:19,057] INFO - Train epoch=1 step=13360/18750 loss=0.6838 seg=0.2816 cls=0.4022
[2026-02-08 18:00:21,026] INFO - Train epoch=1 step=13400/18750 loss=0.6216 seg=0.2585 cls=0.3631
[2026-02-08 18:00:22,971] INFO - Train epoch=1 step=13440/18750 loss=0.8666 seg=0.2872 cls=0.5794
[2026-02-08 18:00:24,939] INFO - Train epoch=1 step=13480/18750 loss=0.9631 seg=0.3292 cls=0.6340
[2026-02-08 18:00:26,951] INFO - Train epoch=1 step=13520/18750 loss=0.5834 seg=0.2512 cls=0.3322
[2026-02-08 18:00:28,906] INFO - Train epoch=1 step=13560/18750 loss=0.6180 seg=0.2884 cls=0.3296
[2026-02-08 18:00:30,872] INFO - Train epoch=1 step=13600/18750 loss=0.6405 seg=0.3734 cls=0.2671
[2026-02-08 18:00:32,844] INFO - Train epoch=1 step=13640/18750 loss=0.7340 seg=0.4384 cls=0.2956
[2026-02-08 18:00:34,780] INFO - Train epoch=1 step=13680/18750 loss=0.5278 seg=0.2268 cls=0.3010
[2026-02-08 18:00:36,781] INFO - Train epoch=1 step=13720/18750 loss=0.6526 seg=0.2933 cls=0.3593
[2026-02-08 18:00:39,436] INFO - Train epoch=1 step=13760/18750 loss=0.4547 seg=0.3247 cls=0.1300
[2026-02-08 18:00:41,507] INFO - Train epoch=1 step=13800/18750 loss=0.4970 seg=0.1356 cls=0.3614
[2026-02-08 18:00:43,839] INFO - Train epoch=1 step=13840/18750 loss=0.5477 seg=0.2814 cls=0.2663
[2026-02-08 18:00:45,847] INFO - Train epoch=1 step=13880/18750 loss=0.6651 seg=0.2102 cls=0.4549
[2026-02-08 18:00:47,886] INFO - Train epoch=1 step=13920/18750 loss=0.7474 seg=0.3550 cls=0.3924
[2026-02-08 18:00:49,944] INFO - Train epoch=1 step=13960/18750 loss=1.0763 seg=0.5582 cls=0.5180
[2026-02-08 18:00:51,959] INFO - Train epoch=1 step=14000/18750 loss=0.5540 seg=0.2498 cls=0.3042
[2026-02-08 18:00:54,031] INFO - Train epoch=1 step=14040/18750 loss=0.8494 seg=0.3718 cls=0.4777
[2026-02-08 18:00:56,029] INFO - Train epoch=1 step=14080/18750 loss=0.7037 seg=0.2826 cls=0.4211
[2026-02-08 18:00:58,163] INFO - Train epoch=1 step=14120/18750 loss=0.6060 seg=0.3097 cls=0.2963
[2026-02-08 18:01:00,246] INFO - Train epoch=1 step=14160/18750 loss=0.7878 seg=0.3078 cls=0.4800
[2026-02-08 18:01:02,293] INFO - Train epoch=1 step=14200/18750 loss=0.7450 seg=0.3543 cls=0.3907
[2026-02-08 18:01:04,396] INFO - Train epoch=1 step=14240/18750 loss=0.6930 seg=0.3095 cls=0.3834
[2026-02-08 18:01:06,426] INFO - Train epoch=1 step=14280/18750 loss=0.7761 seg=0.4563 cls=0.3198
[2026-02-08 18:01:08,486] INFO - Train epoch=1 step=14320/18750 loss=0.7835 seg=0.3257 cls=0.4578
[2026-02-08 18:01:10,527] INFO - Train epoch=1 step=14360/18750 loss=0.7773 seg=0.5414 cls=0.2358
[2026-02-08 18:01:12,533] INFO - Train epoch=1 step=14400/18750 loss=0.6498 seg=0.3001 cls=0.3498
[2026-02-08 18:01:14,505] INFO - Train epoch=1 step=14440/18750 loss=0.5589 seg=0.3914 cls=0.1674
[2026-02-08 18:01:16,502] INFO - Train epoch=1 step=14480/18750 loss=0.6841 seg=0.4073 cls=0.2768
[2026-02-08 18:01:18,497] INFO - Train epoch=1 step=14520/18750 loss=0.5273 seg=0.1957 cls=0.3316
[2026-02-08 18:01:20,543] INFO - Train epoch=1 step=14560/18750 loss=0.8872 seg=0.4175 cls=0.4698
[2026-02-08 18:01:22,536] INFO - Train epoch=1 step=14600/18750 loss=0.5017 seg=0.2547 cls=0.2471
[2026-02-08 18:01:24,492] INFO - Train epoch=1 step=14640/18750 loss=0.5022 seg=0.2790 cls=0.2232
[2026-02-08 18:01:26,530] INFO - Train epoch=1 step=14680/18750 loss=0.9794 seg=0.3839 cls=0.5955
[2026-02-08 18:01:28,483] INFO - Train epoch=1 step=14720/18750 loss=0.5008 seg=0.2059 cls=0.2949
[2026-02-08 18:01:30,507] INFO - Train epoch=1 step=14760/18750 loss=0.7433 seg=0.3855 cls=0.3579
[2026-02-08 18:01:32,388] INFO - Train epoch=1 step=14800/18750 loss=1.1928 seg=0.4240 cls=0.7688
[2026-02-08 18:01:34,370] INFO - Train epoch=1 step=14840/18750 loss=0.5337 seg=0.1835 cls=0.3502
[2026-02-08 18:01:36,372] INFO - Train epoch=1 step=14880/18750 loss=0.6209 seg=0.2518 cls=0.3691
[2026-02-08 18:01:38,294] INFO - Train epoch=1 step=14920/18750 loss=0.5777 seg=0.3073 cls=0.2703
[2026-02-08 18:01:40,311] INFO - Train epoch=1 step=14960/18750 loss=0.7819 seg=0.3312 cls=0.4506
[2026-02-08 18:01:42,258] INFO - Train epoch=1 step=15000/18750 loss=0.5060 seg=0.1616 cls=0.3444
[2026-02-08 18:01:44,237] INFO - Train epoch=1 step=15040/18750 loss=0.9375 seg=0.4094 cls=0.5281
[2026-02-08 18:01:46,216] INFO - Train epoch=1 step=15080/18750 loss=0.7481 seg=0.3224 cls=0.4257
[2026-02-08 18:01:48,193] INFO - Train epoch=1 step=15120/18750 loss=0.5685 seg=0.2344 cls=0.3341
[2026-02-08 18:01:50,171] INFO - Train epoch=1 step=15160/18750 loss=0.8608 seg=0.3172 cls=0.5436
[2026-02-08 18:01:52,884] INFO - Train epoch=1 step=15200/18750 loss=0.6949 seg=0.2693 cls=0.4255
[2026-02-08 18:01:54,968] INFO - Train epoch=1 step=15240/18750 loss=0.8637 seg=0.4076 cls=0.4561
[2026-02-08 18:01:57,333] INFO - Train epoch=1 step=15280/18750 loss=0.6497 seg=0.3508 cls=0.2989
[2026-02-08 18:01:59,467] INFO - Train epoch=1 step=15320/18750 loss=0.5682 seg=0.3418 cls=0.2264
[2026-02-08 18:02:01,529] INFO - Train epoch=1 step=15360/18750 loss=0.6323 seg=0.3020 cls=0.3303
[2026-02-08 18:02:03,588] INFO - Train epoch=1 step=15400/18750 loss=0.6254 seg=0.2960 cls=0.3294
[2026-02-08 18:02:05,660] INFO - Train epoch=1 step=15440/18750 loss=0.9510 seg=0.5087 cls=0.4423
[2026-02-08 18:02:07,695] INFO - Train epoch=1 step=15480/18750 loss=1.0690 seg=0.5211 cls=0.5479
[2026-02-08 18:02:09,751] INFO - Train epoch=1 step=15520/18750 loss=0.4679 seg=0.1551 cls=0.3128
[2026-02-08 18:02:11,803] INFO - Train epoch=1 step=15560/18750 loss=0.3528 seg=0.1686 cls=0.1842
[2026-02-08 18:02:13,881] INFO - Train epoch=1 step=15600/18750 loss=0.7319 seg=0.2885 cls=0.4434
[2026-02-08 18:02:15,947] INFO - Train epoch=1 step=15640/18750 loss=0.5567 seg=0.2182 cls=0.3386
[2026-02-08 18:02:18,032] INFO - Train epoch=1 step=15680/18750 loss=0.6599 seg=0.3230 cls=0.3369
[2026-02-08 18:02:20,095] INFO - Train epoch=1 step=15720/18750 loss=0.4590 seg=0.2092 cls=0.2498
[2026-02-08 18:02:22,191] INFO - Train epoch=1 step=15760/18750 loss=0.8113 seg=0.3502 cls=0.4611
[2026-02-08 18:02:24,260] INFO - Train epoch=1 step=15800/18750 loss=0.5488 seg=0.2024 cls=0.3464
[2026-02-08 18:02:26,302] INFO - Train epoch=1 step=15840/18750 loss=0.5995 seg=0.3116 cls=0.2879
[2026-02-08 18:02:28,401] INFO - Train epoch=1 step=15880/18750 loss=0.7186 seg=0.3412 cls=0.3775
[2026-02-08 18:02:30,431] INFO - Train epoch=1 step=15920/18750 loss=0.5389 seg=0.1554 cls=0.3835
[2026-02-08 18:02:32,465] INFO - Train epoch=1 step=15960/18750 loss=0.5665 seg=0.2067 cls=0.3598
[2026-02-08 18:02:34,534] INFO - Train epoch=1 step=16000/18750 loss=0.5655 seg=0.1814 cls=0.3841
[2026-02-08 18:02:36,530] INFO - Train epoch=1 step=16040/18750 loss=0.7473 seg=0.3829 cls=0.3644
[2026-02-08 18:02:38,492] INFO - Train epoch=1 step=16080/18750 loss=0.4432 seg=0.2682 cls=0.1750
[2026-02-08 18:02:40,476] INFO - Train epoch=1 step=16120/18750 loss=0.9415 seg=0.4878 cls=0.4536
[2026-02-08 18:02:42,531] INFO - Train epoch=1 step=16160/18750 loss=0.7513 seg=0.3395 cls=0.4118
[2026-02-08 18:02:44,514] INFO - Train epoch=1 step=16200/18750 loss=0.6296 seg=0.1794 cls=0.4502
[2026-02-08 18:02:46,463] INFO - Train epoch=1 step=16240/18750 loss=0.6497 seg=0.3217 cls=0.3281
[2026-02-08 18:02:48,443] INFO - Train epoch=1 step=16280/18750 loss=0.8006 seg=0.2917 cls=0.5089
[2026-02-08 18:02:50,394] INFO - Train epoch=1 step=16320/18750 loss=0.6755 seg=0.2860 cls=0.3895
[2026-02-08 18:02:52,347] INFO - Train epoch=1 step=16360/18750 loss=0.6435 seg=0.2742 cls=0.3693
[2026-02-08 18:02:54,325] INFO - Train epoch=1 step=16400/18750 loss=0.8873 seg=0.2863 cls=0.6010
[2026-02-08 18:02:56,285] INFO - Train epoch=1 step=16440/18750 loss=0.6850 seg=0.3609 cls=0.3241
[2026-02-08 18:02:58,244] INFO - Train epoch=1 step=16480/18750 loss=0.8835 seg=0.4772 cls=0.4063
[2026-02-08 18:03:00,252] INFO - Train epoch=1 step=16520/18750 loss=0.4413 seg=0.2316 cls=0.2097
[2026-02-08 18:03:02,189] INFO - Train epoch=1 step=16560/18750 loss=0.7590 seg=0.3831 cls=0.3759
[2026-02-08 18:03:04,544] INFO - Train epoch=1 step=16600/18750 loss=1.4579 seg=0.6212 cls=0.8366
[2026-02-08 18:03:06,837] INFO - Train epoch=1 step=16640/18750 loss=0.4422 seg=0.1318 cls=0.3104
[2026-02-08 18:03:08,880] INFO - Train epoch=1 step=16680/18750 loss=0.4992 seg=0.2591 cls=0.2400
[2026-02-08 18:03:11,381] INFO - Train epoch=1 step=16720/18750 loss=0.7779 seg=0.3189 cls=0.4590
[2026-02-08 18:03:13,361] INFO - Train epoch=1 step=16760/18750 loss=0.5921 seg=0.3183 cls=0.2738
[2026-02-08 18:03:15,425] INFO - Train epoch=1 step=16800/18750 loss=0.5908 seg=0.3397 cls=0.2511
[2026-02-08 18:03:17,525] INFO - Train epoch=1 step=16840/18750 loss=0.7544 seg=0.3576 cls=0.3968
[2026-02-08 18:03:19,597] INFO - Train epoch=1 step=16880/18750 loss=0.6271 seg=0.4086 cls=0.2185
[2026-02-08 18:03:21,663] INFO - Train epoch=1 step=16920/18750 loss=1.2975 seg=0.5414 cls=0.7561
[2026-02-08 18:03:23,742] INFO - Train epoch=1 step=16960/18750 loss=1.0998 seg=0.4913 cls=0.6085
[2026-02-08 18:03:25,808] INFO - Train epoch=1 step=17000/18750 loss=0.8025 seg=0.3717 cls=0.4308
[2026-02-08 18:03:27,879] INFO - Train epoch=1 step=17040/18750 loss=0.8086 seg=0.3852 cls=0.4234
[2026-02-08 18:03:29,969] INFO - Train epoch=1 step=17080/18750 loss=0.5299 seg=0.1836 cls=0.3463
[2026-02-08 18:03:32,019] INFO - Train epoch=1 step=17120/18750 loss=0.8334 seg=0.3951 cls=0.4383
[2026-02-08 18:03:34,056] INFO - Train epoch=1 step=17160/18750 loss=0.7774 seg=0.2879 cls=0.4894
[2026-02-08 18:03:36,093] INFO - Train epoch=1 step=17200/18750 loss=0.6339 seg=0.2854 cls=0.3485
[2026-02-08 18:03:38,132] INFO - Train epoch=1 step=17240/18750 loss=0.6034 seg=0.3088 cls=0.2946
[2026-02-08 18:03:40,171] INFO - Train epoch=1 step=17280/18750 loss=0.7528 seg=0.4077 cls=0.3451
[2026-02-08 18:03:42,223] INFO - Train epoch=1 step=17320/18750 loss=0.4573 seg=0.2292 cls=0.2281
[2026-02-08 18:03:44,279] INFO - Train epoch=1 step=17360/18750 loss=1.1323 seg=0.5702 cls=0.5621
[2026-02-08 18:03:46,290] INFO - Train epoch=1 step=17400/18750 loss=1.0396 seg=0.4594 cls=0.5802
[2026-02-08 18:03:48,308] INFO - Train epoch=1 step=17440/18750 loss=0.7487 seg=0.3458 cls=0.4029
[2026-02-08 18:03:50,361] INFO - Train epoch=1 step=17480/18750 loss=0.6514 seg=0.3069 cls=0.3445
[2026-02-08 18:03:52,404] INFO - Train epoch=1 step=17520/18750 loss=0.6510 seg=0.2918 cls=0.3593
[2026-02-08 18:03:54,425] INFO - Train epoch=1 step=17560/18750 loss=0.5577 seg=0.2628 cls=0.2949
[2026-02-08 18:03:56,376] INFO - Train epoch=1 step=17600/18750 loss=0.5256 seg=0.2625 cls=0.2631
[2026-02-08 18:03:58,353] INFO - Train epoch=1 step=17640/18750 loss=0.7888 seg=0.3631 cls=0.4257
[2026-02-08 18:04:00,339] INFO - Train epoch=1 step=17680/18750 loss=0.8410 seg=0.4260 cls=0.4150
[2026-02-08 18:04:02,315] INFO - Train epoch=1 step=17720/18750 loss=0.5836 seg=0.2919 cls=0.2916
[2026-02-08 18:04:04,295] INFO - Train epoch=1 step=17760/18750 loss=0.7273 seg=0.3977 cls=0.3297
[2026-02-08 18:04:06,337] INFO - Train epoch=1 step=17800/18750 loss=0.5562 seg=0.2433 cls=0.3129
[2026-02-08 18:04:08,361] INFO - Train epoch=1 step=17840/18750 loss=0.6287 seg=0.2666 cls=0.3621
[2026-02-08 18:04:10,378] INFO - Train epoch=1 step=17880/18750 loss=0.5203 seg=0.2825 cls=0.2378
[2026-02-08 18:04:12,332] INFO - Train epoch=1 step=17920/18750 loss=0.6245 seg=0.1912 cls=0.4333
[2026-02-08 18:04:14,294] INFO - Train epoch=1 step=17960/18750 loss=0.8369 seg=0.3558 cls=0.4811
[2026-02-08 18:04:16,292] INFO - Train epoch=1 step=18000/18750 loss=0.7477 seg=0.3392 cls=0.4084
[2026-02-08 18:04:18,575] INFO - Train epoch=1 step=18040/18750 loss=0.5025 seg=0.2065 cls=0.2960
[2026-02-08 18:04:20,841] INFO - Train epoch=1 step=18080/18750 loss=0.7311 seg=0.4148 cls=0.3164
[2026-02-08 18:04:22,904] INFO - Train epoch=1 step=18120/18750 loss=0.5001 seg=0.1239 cls=0.3762
[2026-02-08 18:04:24,981] INFO - Train epoch=1 step=18160/18750 loss=0.7608 seg=0.3915 cls=0.3694
[2026-02-08 18:04:27,438] INFO - Train epoch=1 step=18200/18750 loss=0.5415 seg=0.3531 cls=0.1884
[2026-02-08 18:04:29,453] INFO - Train epoch=1 step=18240/18750 loss=0.8015 seg=0.3832 cls=0.4183
[2026-02-08 18:04:31,477] INFO - Train epoch=1 step=18280/18750 loss=0.7959 seg=0.4404 cls=0.3556
[2026-02-08 18:04:33,555] INFO - Train epoch=1 step=18320/18750 loss=0.7588 seg=0.4262 cls=0.3326
[2026-02-08 18:04:35,630] INFO - Train epoch=1 step=18360/18750 loss=0.4992 seg=0.2633 cls=0.2359
[2026-02-08 18:04:37,702] INFO - Train epoch=1 step=18400/18750 loss=0.9251 seg=0.4148 cls=0.5104
[2026-02-08 18:04:39,762] INFO - Train epoch=1 step=18440/18750 loss=0.7082 seg=0.4121 cls=0.2962
[2026-02-08 18:04:41,813] INFO - Train epoch=1 step=18480/18750 loss=0.8861 seg=0.4800 cls=0.4060
[2026-02-08 18:04:43,880] INFO - Train epoch=1 step=18520/18750 loss=1.1243 seg=0.5139 cls=0.6103
[2026-02-08 18:04:45,960] INFO - Train epoch=1 step=18560/18750 loss=0.7580 seg=0.3863 cls=0.3717
[2026-02-08 18:04:48,035] INFO - Train epoch=1 step=18600/18750 loss=0.4652 seg=0.2469 cls=0.2183
[2026-02-08 18:04:50,135] INFO - Train epoch=1 step=18640/18750 loss=0.7589 seg=0.4024 cls=0.3565
[2026-02-08 18:04:52,212] INFO - Train epoch=1 step=18680/18750 loss=0.7279 seg=0.3242 cls=0.4037
[2026-02-08 18:04:54,279] INFO - Train epoch=1 step=18720/18750 loss=0.9165 seg=0.4024 cls=0.5141
[2026-02-08 18:04:56,740] INFO - Val epoch=1 step=1/7500 loss=0.7884 seg=0.3798 cls=0.4086
[2026-02-08 18:04:58,811] INFO - Val epoch=1 step=40/7500 loss=0.8458 seg=0.4645 cls=0.3813
[2026-02-08 18:05:00,917] INFO - Val epoch=1 step=80/7500 loss=0.9221 seg=0.5053 cls=0.4168
[2026-02-08 18:05:02,876] INFO - Val epoch=1 step=120/7500 loss=0.6588 seg=0.3232 cls=0.3356
[2026-02-08 18:05:04,836] INFO - Val epoch=1 step=160/7500 loss=0.8195 seg=0.3037 cls=0.5158
[2026-02-08 18:05:06,891] INFO - Val epoch=1 step=200/7500 loss=0.9908 seg=0.5727 cls=0.4181
[2026-02-08 18:05:08,780] INFO - Val epoch=1 step=240/7500 loss=0.7921 seg=0.4771 cls=0.3151
[2026-02-08 18:05:10,560] INFO - Val epoch=1 step=280/7500 loss=1.2009 seg=0.7562 cls=0.4447
[2026-02-08 18:05:12,457] INFO - Val epoch=1 step=320/7500 loss=0.9887 seg=0.6436 cls=0.3451
[2026-02-08 18:05:14,237] INFO - Val epoch=1 step=360/7500 loss=0.8421 seg=0.5141 cls=0.3281
[2026-02-08 18:05:16,083] INFO - Val epoch=1 step=400/7500 loss=1.1299 seg=0.5184 cls=0.6115
[2026-02-08 18:05:17,966] INFO - Val epoch=1 step=440/7500 loss=0.7361 seg=0.2961 cls=0.4400
[2026-02-08 18:05:19,715] INFO - Val epoch=1 step=480/7500 loss=1.1794 seg=0.7593 cls=0.4201
[2026-02-08 18:05:21,477] INFO - Val epoch=1 step=520/7500 loss=1.2062 seg=0.6972 cls=0.5090
[2026-02-08 18:05:23,257] INFO - Val epoch=1 step=560/7500 loss=1.0438 seg=0.5072 cls=0.5367
[2026-02-08 18:05:25,031] INFO - Val epoch=1 step=600/7500 loss=1.1350 seg=0.6750 cls=0.4600
[2026-02-08 18:05:26,904] INFO - Val epoch=1 step=640/7500 loss=0.9018 seg=0.4917 cls=0.4101
[2026-02-08 18:05:28,671] INFO - Val epoch=1 step=680/7500 loss=0.8695 seg=0.5298 cls=0.3397
[2026-02-08 18:05:30,415] INFO - Val epoch=1 step=720/7500 loss=0.8254 seg=0.4445 cls=0.3809
[2026-02-08 18:05:32,265] INFO - Val epoch=1 step=760/7500 loss=1.1237 seg=0.5750 cls=0.5487
[2026-02-08 18:05:34,020] INFO - Val epoch=1 step=800/7500 loss=1.0882 seg=0.5220 cls=0.5661
[2026-02-08 18:05:36,162] INFO - Val epoch=1 step=840/7500 loss=0.9438 seg=0.4589 cls=0.4849
[2026-02-08 18:05:38,152] INFO - Val epoch=1 step=880/7500 loss=0.7208 seg=0.4047 cls=0.3160
[2026-02-08 18:05:39,930] INFO - Val epoch=1 step=920/7500 loss=1.1186 seg=0.7619 cls=0.3567
[2026-02-08 18:05:41,740] INFO - Val epoch=1 step=960/7500 loss=0.8417 seg=0.4287 cls=0.4130
[2026-02-08 18:05:43,665] INFO - Val epoch=1 step=1000/7500 loss=0.7714 seg=0.4518 cls=0.3196
[2026-02-08 18:05:45,433] INFO - Val epoch=1 step=1040/7500 loss=0.7100 seg=0.2059 cls=0.5040
[2026-02-08 18:05:47,229] INFO - Val epoch=1 step=1080/7500 loss=1.2066 seg=0.5496 cls=0.6570
[2026-02-08 18:05:49,048] INFO - Val epoch=1 step=1120/7500 loss=0.9944 seg=0.5043 cls=0.4902
[2026-02-08 18:05:50,803] INFO - Val epoch=1 step=1160/7500 loss=1.0287 seg=0.5928 cls=0.4359
[2026-02-08 18:05:52,554] INFO - Val epoch=1 step=1200/7500 loss=0.8197 seg=0.3466 cls=0.4731
[2026-02-08 18:05:54,372] INFO - Val epoch=1 step=1240/7500 loss=0.9077 seg=0.5764 cls=0.3313
[2026-02-08 18:05:56,138] INFO - Val epoch=1 step=1280/7500 loss=0.8812 seg=0.3976 cls=0.4836
[2026-02-08 18:05:57,908] INFO - Val epoch=1 step=1320/7500 loss=0.7598 seg=0.4710 cls=0.2888
[2026-02-08 18:05:59,745] INFO - Val epoch=1 step=1360/7500 loss=1.0211 seg=0.4919 cls=0.5291
[2026-02-08 18:06:01,505] INFO - Val epoch=1 step=1400/7500 loss=0.7597 seg=0.3660 cls=0.3938
[2026-02-08 18:06:03,273] INFO - Val epoch=1 step=1440/7500 loss=0.7579 seg=0.4208 cls=0.3371
[2026-02-08 18:06:05,118] INFO - Val epoch=1 step=1480/7500 loss=0.5828 seg=0.2535 cls=0.3293
[2026-02-08 18:06:06,909] INFO - Val epoch=1 step=1520/7500 loss=0.5786 seg=0.2329 cls=0.3458
[2026-02-08 18:06:08,670] INFO - Val epoch=1 step=1560/7500 loss=0.6710 seg=0.2257 cls=0.4453
[2026-02-08 18:06:10,487] INFO - Val epoch=1 step=1600/7500 loss=1.0721 seg=0.6696 cls=0.4025
[2026-02-08 18:06:12,256] INFO - Val epoch=1 step=1640/7500 loss=0.7987 seg=0.2621 cls=0.5366
[2026-02-08 18:06:14,013] INFO - Val epoch=1 step=1680/7500 loss=1.2068 seg=0.8050 cls=0.4018
[2026-02-08 18:06:15,798] INFO - Val epoch=1 step=1720/7500 loss=0.8301 seg=0.3884 cls=0.4418
[2026-02-08 18:06:17,538] INFO - Val epoch=1 step=1760/7500 loss=0.9695 seg=0.4860 cls=0.4835
[2026-02-08 18:06:19,295] INFO - Val epoch=1 step=1800/7500 loss=1.4047 seg=0.8428 cls=0.5619
[2026-02-08 18:06:21,089] INFO - Val epoch=1 step=1840/7500 loss=1.0144 seg=0.5308 cls=0.4836
[2026-02-08 18:06:22,859] INFO - Val epoch=1 step=1880/7500 loss=0.8046 seg=0.4645 cls=0.3401
[2026-02-08 18:06:24,601] INFO - Val epoch=1 step=1920/7500 loss=1.0217 seg=0.3833 cls=0.6384
[2026-02-08 18:06:26,414] INFO - Val epoch=1 step=1960/7500 loss=0.9890 seg=0.4690 cls=0.5199
[2026-02-08 18:06:28,130] INFO - Val epoch=1 step=2000/7500 loss=0.8004 seg=0.3778 cls=0.4226
[2026-02-08 18:06:29,871] INFO - Val epoch=1 step=2040/7500 loss=0.9288 seg=0.4501 cls=0.4787
[2026-02-08 18:06:31,669] INFO - Val epoch=1 step=2080/7500 loss=0.9364 seg=0.4694 cls=0.4670
[2026-02-08 18:06:33,394] INFO - Val epoch=1 step=2120/7500 loss=0.9427 seg=0.5646 cls=0.3781
[2026-02-08 18:06:35,137] INFO - Val epoch=1 step=2160/7500 loss=1.0310 seg=0.4939 cls=0.5371
[2026-02-08 18:06:36,935] INFO - Val epoch=1 step=2200/7500 loss=1.3571 seg=0.5016 cls=0.8555
[2026-02-08 18:06:38,688] INFO - Val epoch=1 step=2240/7500 loss=1.1553 seg=0.6754 cls=0.4800
[2026-02-08 18:06:40,446] INFO - Val epoch=1 step=2280/7500 loss=0.9498 seg=0.5208 cls=0.4290
[2026-02-08 18:06:42,747] INFO - Val epoch=1 step=2320/7500 loss=1.0729 seg=0.5659 cls=0.5070
[2026-02-08 18:06:44,592] INFO - Val epoch=1 step=2360/7500 loss=1.0164 seg=0.5475 cls=0.4688
[2026-02-08 18:06:46,587] INFO - Val epoch=1 step=2400/7500 loss=0.6165 seg=0.4085 cls=0.2080
[2026-02-08 18:06:48,419] INFO - Val epoch=1 step=2440/7500 loss=0.8218 seg=0.2703 cls=0.5515
[2026-02-08 18:06:50,202] INFO - Val epoch=1 step=2480/7500 loss=0.6319 seg=0.3469 cls=0.2849
[2026-02-08 18:06:52,001] INFO - Val epoch=1 step=2520/7500 loss=0.6606 seg=0.2521 cls=0.4086
[2026-02-08 18:06:53,856] INFO - Val epoch=1 step=2560/7500 loss=1.3910 seg=0.7730 cls=0.6180
[2026-02-08 18:06:55,628] INFO - Val epoch=1 step=2600/7500 loss=0.9272 seg=0.5739 cls=0.3534
[2026-02-08 18:06:57,403] INFO - Val epoch=1 step=2640/7500 loss=0.7999 seg=0.4779 cls=0.3220
[2026-02-08 18:06:59,216] INFO - Val epoch=1 step=2680/7500 loss=1.0060 seg=0.6638 cls=0.3422
[2026-02-08 18:07:00,973] INFO - Val epoch=1 step=2720/7500 loss=1.1321 seg=0.6577 cls=0.4744
[2026-02-08 18:07:02,727] INFO - Val epoch=1 step=2760/7500 loss=0.9883 seg=0.4397 cls=0.5486
[2026-02-08 18:07:04,541] INFO - Val epoch=1 step=2800/7500 loss=0.9646 seg=0.5675 cls=0.3971
[2026-02-08 18:07:06,297] INFO - Val epoch=1 step=2840/7500 loss=0.8578 seg=0.4432 cls=0.4146
[2026-02-08 18:07:08,054] INFO - Val epoch=1 step=2880/7500 loss=0.9787 seg=0.5130 cls=0.4657
[2026-02-08 18:07:09,862] INFO - Val epoch=1 step=2920/7500 loss=0.7090 seg=0.4029 cls=0.3062
[2026-02-08 18:07:11,617] INFO - Val epoch=1 step=2960/7500 loss=1.3244 seg=0.9213 cls=0.4030
[2026-02-08 18:07:13,372] INFO - Val epoch=1 step=3000/7500 loss=1.1553 seg=0.6116 cls=0.5438
[2026-02-08 18:07:15,180] INFO - Val epoch=1 step=3040/7500 loss=1.0907 seg=0.6493 cls=0.4414
[2026-02-08 18:07:16,918] INFO - Val epoch=1 step=3080/7500 loss=1.1966 seg=0.8528 cls=0.3438
[2026-02-08 18:07:18,720] INFO - Val epoch=1 step=3120/7500 loss=0.8800 seg=0.4079 cls=0.4720
[2026-02-08 18:07:20,509] INFO - Val epoch=1 step=3160/7500 loss=0.7056 seg=0.3140 cls=0.3915
[2026-02-08 18:07:22,247] INFO - Val epoch=1 step=3200/7500 loss=0.7600 seg=0.3775 cls=0.3825
[2026-02-08 18:07:23,976] INFO - Val epoch=1 step=3240/7500 loss=0.8602 seg=0.4163 cls=0.4439
[2026-02-08 18:07:25,777] INFO - Val epoch=1 step=3280/7500 loss=0.8378 seg=0.5451 cls=0.2927
[2026-02-08 18:07:27,501] INFO - Val epoch=1 step=3320/7500 loss=1.1029 seg=0.7718 cls=0.3311
[2026-02-08 18:07:29,253] INFO - Val epoch=1 step=3360/7500 loss=1.1794 seg=0.6439 cls=0.5354
[2026-02-08 18:07:31,027] INFO - Val epoch=1 step=3400/7500 loss=1.0624 seg=0.8490 cls=0.2134
[2026-02-08 18:07:32,739] INFO - Val epoch=1 step=3440/7500 loss=0.8169 seg=0.3886 cls=0.4284
[2026-02-08 18:07:34,450] INFO - Val epoch=1 step=3480/7500 loss=1.9399 seg=1.0572 cls=0.8827
[2026-02-08 18:07:36,255] INFO - Val epoch=1 step=3520/7500 loss=0.8763 seg=0.3247 cls=0.5516
[2026-02-08 18:07:38,012] INFO - Val epoch=1 step=3560/7500 loss=0.9347 seg=0.6134 cls=0.3213
[2026-02-08 18:07:39,749] INFO - Val epoch=1 step=3600/7500 loss=1.1338 seg=0.6149 cls=0.5190
[2026-02-08 18:07:41,545] INFO - Val epoch=1 step=3640/7500 loss=1.3095 seg=0.8794 cls=0.4301
[2026-02-08 18:07:43,299] INFO - Val epoch=1 step=3680/7500 loss=1.2238 seg=0.6684 cls=0.5554
[2026-02-08 18:07:45,046] INFO - Val epoch=1 step=3720/7500 loss=0.8315 seg=0.5822 cls=0.2493
[2026-02-08 18:07:46,880] INFO - Val epoch=1 step=3760/7500 loss=0.9326 seg=0.4674 cls=0.4651
[2026-02-08 18:07:48,860] INFO - Val epoch=1 step=3800/7500 loss=0.8382 seg=0.5910 cls=0.2471
[2026-02-08 18:07:50,908] INFO - Val epoch=1 step=3840/7500 loss=1.3292 seg=0.8040 cls=0.5252
[2026-02-08 18:07:52,956] INFO - Val epoch=1 step=3880/7500 loss=0.6905 seg=0.2322 cls=0.4583
[2026-02-08 18:07:54,782] INFO - Val epoch=1 step=3920/7500 loss=1.4932 seg=1.1103 cls=0.3828
[2026-02-08 18:07:56,566] INFO - Val epoch=1 step=3960/7500 loss=1.0542 seg=0.4340 cls=0.6201
[2026-02-08 18:07:58,404] INFO - Val epoch=1 step=4000/7500 loss=0.9523 seg=0.6026 cls=0.3498
[2026-02-08 18:08:00,194] INFO - Val epoch=1 step=4040/7500 loss=0.5734 seg=0.3392 cls=0.2343
[2026-02-08 18:08:01,965] INFO - Val epoch=1 step=4080/7500 loss=0.9945 seg=0.3935 cls=0.6011
[2026-02-08 18:08:03,799] INFO - Val epoch=1 step=4120/7500 loss=0.9347 seg=0.5578 cls=0.3769
[2026-02-08 18:08:05,555] INFO - Val epoch=1 step=4160/7500 loss=1.2647 seg=0.7569 cls=0.5079
[2026-02-08 18:08:07,310] INFO - Val epoch=1 step=4200/7500 loss=0.9152 seg=0.4388 cls=0.4764
[2026-02-08 18:08:09,133] INFO - Val epoch=1 step=4240/7500 loss=0.9869 seg=0.2984 cls=0.6885
[2026-02-08 18:08:10,913] INFO - Val epoch=1 step=4280/7500 loss=1.0263 seg=0.6453 cls=0.3809
[2026-02-08 18:08:12,657] INFO - Val epoch=1 step=4320/7500 loss=1.0199 seg=0.4506 cls=0.5693
[2026-02-08 18:08:14,487] INFO - Val epoch=1 step=4360/7500 loss=1.3495 seg=0.7250 cls=0.6245
[2026-02-08 18:08:16,255] INFO - Val epoch=1 step=4400/7500 loss=0.5989 seg=0.3233 cls=0.2756
[2026-02-08 18:08:18,021] INFO - Val epoch=1 step=4440/7500 loss=0.5398 seg=0.3661 cls=0.1737
[2026-02-08 18:08:19,822] INFO - Val epoch=1 step=4480/7500 loss=1.1736 seg=0.8663 cls=0.3073
[2026-02-08 18:08:21,586] INFO - Val epoch=1 step=4520/7500 loss=0.9403 seg=0.5940 cls=0.3463
[2026-02-08 18:08:23,317] INFO - Val epoch=1 step=4560/7500 loss=0.7419 seg=0.3872 cls=0.3547
[2026-02-08 18:08:25,131] INFO - Val epoch=1 step=4600/7500 loss=1.0731 seg=0.6833 cls=0.3898
[2026-02-08 18:08:26,881] INFO - Val epoch=1 step=4640/7500 loss=0.8484 seg=0.3461 cls=0.5023
[2026-02-08 18:08:28,622] INFO - Val epoch=1 step=4680/7500 loss=0.7221 seg=0.3459 cls=0.3762
[2026-02-08 18:08:30,433] INFO - Val epoch=1 step=4720/7500 loss=0.8514 seg=0.5181 cls=0.3333
[2026-02-08 18:08:32,208] INFO - Val epoch=1 step=4760/7500 loss=0.9061 seg=0.6047 cls=0.3013
[2026-02-08 18:08:33,940] INFO - Val epoch=1 step=4800/7500 loss=0.6979 seg=0.4262 cls=0.2717
[2026-02-08 18:08:35,748] INFO - Val epoch=1 step=4840/7500 loss=0.6219 seg=0.3475 cls=0.2743
[2026-02-08 18:08:37,465] INFO - Val epoch=1 step=4880/7500 loss=0.8410 seg=0.4656 cls=0.3754
[2026-02-08 18:08:39,257] INFO - Val epoch=1 step=4920/7500 loss=1.1467 seg=0.6396 cls=0.5071
[2026-02-08 18:08:41,052] INFO - Val epoch=1 step=4960/7500 loss=0.7232 seg=0.4120 cls=0.3113
[2026-02-08 18:08:42,772] INFO - Val epoch=1 step=5000/7500 loss=1.2011 seg=0.8214 cls=0.3797
[2026-02-08 18:08:44,619] INFO - Val epoch=1 step=5040/7500 loss=1.3799 seg=0.9551 cls=0.4247
[2026-02-08 18:08:46,401] INFO - Val epoch=1 step=5080/7500 loss=0.8769 seg=0.3615 cls=0.5154
[2026-02-08 18:08:48,176] INFO - Val epoch=1 step=5120/7500 loss=0.7942 seg=0.4291 cls=0.3652
[2026-02-08 18:08:50,030] INFO - Val epoch=1 step=5160/7500 loss=1.0970 seg=0.5365 cls=0.5605
[2026-02-08 18:08:51,807] INFO - Val epoch=1 step=5200/7500 loss=0.8870 seg=0.2959 cls=0.5911
[2026-02-08 18:08:53,542] INFO - Val epoch=1 step=5240/7500 loss=1.2980 seg=0.6102 cls=0.6878
[2026-02-08 18:08:55,674] INFO - Val epoch=1 step=5280/7500 loss=0.8134 seg=0.4083 cls=0.4052
[2026-02-08 18:08:57,717] INFO - Val epoch=1 step=5320/7500 loss=1.3742 seg=0.7778 cls=0.5963
[2026-02-08 18:08:59,797] INFO - Val epoch=1 step=5360/7500 loss=0.9915 seg=0.5050 cls=0.4864
[2026-02-08 18:09:01,593] INFO - Val epoch=1 step=5400/7500 loss=1.1350 seg=0.7229 cls=0.4121
[2026-02-08 18:09:03,467] INFO - Val epoch=1 step=5440/7500 loss=1.3237 seg=0.7177 cls=0.6061
[2026-02-08 18:09:05,274] INFO - Val epoch=1 step=5480/7500 loss=1.0965 seg=0.7050 cls=0.3915
[2026-02-08 18:09:07,041] INFO - Val epoch=1 step=5520/7500 loss=1.0107 seg=0.5827 cls=0.4281
[2026-02-08 18:09:08,888] INFO - Val epoch=1 step=5560/7500 loss=0.7692 seg=0.2905 cls=0.4787
[2026-02-08 18:09:10,658] INFO - Val epoch=1 step=5600/7500 loss=1.2206 seg=0.7762 cls=0.4444
[2026-02-08 18:09:12,380] INFO - Val epoch=1 step=5640/7500 loss=1.0202 seg=0.5706 cls=0.4496
[2026-02-08 18:09:14,193] INFO - Val epoch=1 step=5680/7500 loss=1.6023 seg=0.8497 cls=0.7525
[2026-02-08 18:09:15,954] INFO - Val epoch=1 step=5720/7500 loss=0.9516 seg=0.6783 cls=0.2732
[2026-02-08 18:09:17,730] INFO - Val epoch=1 step=5760/7500 loss=1.1086 seg=0.6254 cls=0.4832
[2026-02-08 18:09:19,526] INFO - Val epoch=1 step=5800/7500 loss=0.8717 seg=0.3222 cls=0.5496
[2026-02-08 18:09:21,264] INFO - Val epoch=1 step=5840/7500 loss=1.0078 seg=0.8042 cls=0.2036
[2026-02-08 18:09:23,025] INFO - Val epoch=1 step=5880/7500 loss=0.8729 seg=0.5890 cls=0.2839
[2026-02-08 18:09:24,827] INFO - Val epoch=1 step=5920/7500 loss=0.8147 seg=0.4827 cls=0.3319
[2026-02-08 18:09:26,550] INFO - Val epoch=1 step=5960/7500 loss=1.1786 seg=0.5174 cls=0.6612
[2026-02-08 18:09:28,258] INFO - Val epoch=1 step=6000/7500 loss=1.1681 seg=0.6811 cls=0.4870
[2026-02-08 18:09:30,047] INFO - Val epoch=1 step=6040/7500 loss=1.0440 seg=0.6758 cls=0.3681
[2026-02-08 18:09:31,773] INFO - Val epoch=1 step=6080/7500 loss=0.8288 seg=0.5606 cls=0.2682
[2026-02-08 18:09:33,515] INFO - Val epoch=1 step=6120/7500 loss=0.4778 seg=0.2953 cls=0.1825
[2026-02-08 18:09:35,305] INFO - Val epoch=1 step=6160/7500 loss=1.3222 seg=0.7695 cls=0.5527
[2026-02-08 18:09:37,042] INFO - Val epoch=1 step=6200/7500 loss=1.0787 seg=0.6345 cls=0.4442
[2026-02-08 18:09:38,773] INFO - Val epoch=1 step=6240/7500 loss=1.4877 seg=0.7396 cls=0.7481
[2026-02-08 18:09:40,578] INFO - Val epoch=1 step=6280/7500 loss=1.5262 seg=0.8502 cls=0.6760
[2026-02-08 18:09:42,308] INFO - Val epoch=1 step=6320/7500 loss=0.8601 seg=0.1894 cls=0.6707
[2026-02-08 18:09:44,056] INFO - Val epoch=1 step=6360/7500 loss=1.0023 seg=0.4642 cls=0.5382
[2026-02-08 18:09:45,844] INFO - Val epoch=1 step=6400/7500 loss=1.2195 seg=0.5933 cls=0.6262
[2026-02-08 18:09:47,588] INFO - Val epoch=1 step=6440/7500 loss=1.1616 seg=0.5881 cls=0.5735
[2026-02-08 18:09:49,327] INFO - Val epoch=1 step=6480/7500 loss=0.9341 seg=0.4923 cls=0.4419
[2026-02-08 18:09:51,123] INFO - Val epoch=1 step=6520/7500 loss=0.6200 seg=0.2558 cls=0.3642
[2026-02-08 18:09:52,875] INFO - Val epoch=1 step=6560/7500 loss=0.8808 seg=0.5768 cls=0.3040
[2026-02-08 18:09:54,566] INFO - Val epoch=1 step=6600/7500 loss=0.9577 seg=0.5312 cls=0.4265
[2026-02-08 18:09:56,366] INFO - Val epoch=1 step=6640/7500 loss=0.8695 seg=0.4006 cls=0.4689
[2026-02-08 18:09:58,087] INFO - Val epoch=1 step=6680/7500 loss=1.2238 seg=0.9459 cls=0.2779
[2026-02-08 18:09:59,858] INFO - Val epoch=1 step=6720/7500 loss=1.3524 seg=1.0000 cls=0.3524
[2026-02-08 18:10:01,981] INFO - Val epoch=1 step=6760/7500 loss=0.6360 seg=0.2461 cls=0.3898
[2026-02-08 18:10:03,730] INFO - Val epoch=1 step=6800/7500 loss=1.2471 seg=0.6488 cls=0.5982
[2026-02-08 18:10:05,893] INFO - Val epoch=1 step=6840/7500 loss=1.5698 seg=0.9988 cls=0.5710
[2026-02-08 18:10:07,607] INFO - Val epoch=1 step=6880/7500 loss=0.6439 seg=0.2478 cls=0.3961
[2026-02-08 18:10:09,339] INFO - Val epoch=1 step=6920/7500 loss=1.2983 seg=0.9878 cls=0.3105
[2026-02-08 18:10:11,109] INFO - Val epoch=1 step=6960/7500 loss=0.9893 seg=0.6261 cls=0.3632
[2026-02-08 18:10:12,957] INFO - Val epoch=1 step=7000/7500 loss=0.9356 seg=0.4052 cls=0.5303
[2026-02-08 18:10:14,720] INFO - Val epoch=1 step=7040/7500 loss=0.8683 seg=0.3619 cls=0.5064
[2026-02-08 18:10:16,466] INFO - Val epoch=1 step=7080/7500 loss=1.1685 seg=0.6798 cls=0.4887
[2026-02-08 18:10:18,290] INFO - Val epoch=1 step=7120/7500 loss=0.9536 seg=0.3773 cls=0.5763
[2026-02-08 18:10:20,029] INFO - Val epoch=1 step=7160/7500 loss=1.0414 seg=0.4340 cls=0.6074
[2026-02-08 18:10:21,796] INFO - Val epoch=1 step=7200/7500 loss=0.8147 seg=0.4776 cls=0.3371
[2026-02-08 18:10:23,624] INFO - Val epoch=1 step=7240/7500 loss=0.7107 seg=0.3327 cls=0.3780
[2026-02-08 18:10:25,364] INFO - Val epoch=1 step=7280/7500 loss=1.1505 seg=0.6329 cls=0.5175
[2026-02-08 18:10:27,078] INFO - Val epoch=1 step=7320/7500 loss=0.9084 seg=0.5224 cls=0.3860
[2026-02-08 18:10:28,898] INFO - Val epoch=1 step=7360/7500 loss=1.0484 seg=0.6827 cls=0.3658
[2026-02-08 18:10:30,642] INFO - Val epoch=1 step=7400/7500 loss=0.9967 seg=0.3315 cls=0.6652
[2026-02-08 18:10:32,429] INFO - Val epoch=1 step=7440/7500 loss=1.0617 seg=0.6220 cls=0.4398
[2026-02-08 18:10:34,262] INFO - Val epoch=1 step=7480/7500 loss=1.4949 seg=1.0595 cls=0.4354
[2026-02-08 18:10:35,279] WARNING - Found 32189 WSI label conflicts during max aggregation; conflicting samples were skipped.
[2026-02-08 18:10:35,475] INFO - Epoch 1/20 | train_loss=0.5207 (seg=0.2377, cls=0.2829) | val_loss=1.1257 (seg=0.6226, cls=0.5031) | val_dice=0.8336 | val_acc=0.7594 | val_wsi_acc=0.8333 | val_wsi_auc=0.8903
[2026-02-08 18:10:35,676] INFO - Saved best checkpoint to /root/autodl-tmp/pathology-multitask-project/run/20260208_1748/best.pt
[2026-02-08 18:10:35,676] INFO - Updated best checkpoint summary at /root/autodl-tmp/pathology-multitask-project/run/20260208_1748/best_checkpoint.txt
[2026-02-08 18:10:36,163] INFO - Train epoch=2 step=1/18750 loss=0.7188 seg=0.2834 cls=0.4354
[2026-02-08 18:10:39,007] INFO - Train epoch=2 step=40/18750 loss=0.9283 seg=0.4455 cls=0.4828
[2026-02-08 18:10:41,432] INFO - Train epoch=2 step=80/18750 loss=0.6684 seg=0.2126 cls=0.4558
[2026-02-08 18:10:43,663] INFO - Train epoch=2 step=120/18750 loss=0.5089 seg=0.2787 cls=0.2302
[2026-02-08 18:10:45,825] INFO - Train epoch=2 step=160/18750 loss=0.8531 seg=0.4785 cls=0.3746
[2026-02-08 18:10:47,793] INFO - Train epoch=2 step=200/18750 loss=0.6519 seg=0.3124 cls=0.3395
[2026-02-08 18:10:49,835] INFO - Train epoch=2 step=240/18750 loss=0.8085 seg=0.3697 cls=0.4389
[2026-02-08 18:10:51,911] INFO - Train epoch=2 step=280/18750 loss=0.8678 seg=0.3330 cls=0.5348
[2026-02-08 18:10:53,906] INFO - Train epoch=2 step=320/18750 loss=0.8847 seg=0.3737 cls=0.5110
[2026-02-08 18:10:55,917] INFO - Train epoch=2 step=360/18750 loss=0.4988 seg=0.1928 cls=0.3060
[2026-02-08 18:10:57,945] INFO - Train epoch=2 step=400/18750 loss=0.5809 seg=0.2254 cls=0.3554
[2026-02-08 18:11:00,403] INFO - Train epoch=2 step=440/18750 loss=0.5274 seg=0.1500 cls=0.3774
[2026-02-08 18:11:02,470] INFO - Train epoch=2 step=480/18750 loss=0.8405 seg=0.3262 cls=0.5143
[2026-02-08 18:11:04,521] INFO - Train epoch=2 step=520/18750 loss=0.8439 seg=0.4074 cls=0.4365
[2026-02-08 18:11:06,633] INFO - Train epoch=2 step=560/18750 loss=0.5720 seg=0.2786 cls=0.2934
[2026-02-08 18:11:08,701] INFO - Train epoch=2 step=600/18750 loss=0.6478 seg=0.3286 cls=0.3192
[2026-02-08 18:11:10,766] INFO - Train epoch=2 step=640/18750 loss=0.8279 seg=0.3555 cls=0.4724
[2026-02-08 18:11:12,818] INFO - Train epoch=2 step=680/18750 loss=0.6608 seg=0.1847 cls=0.4762
[2026-02-08 18:11:14,841] INFO - Train epoch=2 step=720/18750 loss=0.6992 seg=0.2264 cls=0.4729
[2026-02-08 18:11:16,893] INFO - Train epoch=2 step=760/18750 loss=0.5064 seg=0.2399 cls=0.2666
[2026-02-08 18:11:18,920] INFO - Train epoch=2 step=800/18750 loss=0.9538 seg=0.4779 cls=0.4759
[2026-02-08 18:11:20,956] INFO - Train epoch=2 step=840/18750 loss=0.5990 seg=0.3168 cls=0.2822
[2026-02-08 18:11:22,999] INFO - Train epoch=2 step=880/18750 loss=0.8201 seg=0.3836 cls=0.4365
[2026-02-08 18:11:25,044] INFO - Train epoch=2 step=920/18750 loss=0.4927 seg=0.3551 cls=0.1375
[2026-02-08 18:11:27,043] INFO - Train epoch=2 step=960/18750 loss=0.7041 seg=0.2925 cls=0.4116
[2026-02-08 18:11:29,093] INFO - Train epoch=2 step=1000/18750 loss=0.4720 seg=0.2024 cls=0.2696
[2026-02-08 18:11:31,079] INFO - Train epoch=2 step=1040/18750 loss=0.5412 seg=0.2803 cls=0.2609
[2026-02-08 18:11:33,137] INFO - Train epoch=2 step=1080/18750 loss=0.9207 seg=0.5022 cls=0.4185
[2026-02-08 18:11:35,112] INFO - Train epoch=2 step=1120/18750 loss=0.5641 seg=0.2362 cls=0.3279
[2026-02-08 18:11:37,090] INFO - Train epoch=2 step=1160/18750 loss=0.6465 seg=0.3324 cls=0.3141
[2026-02-08 18:11:39,099] INFO - Train epoch=2 step=1200/18750 loss=0.4483 seg=0.2423 cls=0.2060
[2026-02-08 18:11:41,112] INFO - Train epoch=2 step=1240/18750 loss=0.8480 seg=0.3457 cls=0.5023
[2026-02-08 18:11:43,046] INFO - Train epoch=2 step=1280/18750 loss=0.9957 seg=0.5154 cls=0.4803
[2026-02-08 18:11:45,097] INFO - Train epoch=2 step=1320/18750 loss=0.6586 seg=0.2604 cls=0.3983
[2026-02-08 18:11:47,127] INFO - Train epoch=2 step=1360/18750 loss=0.8883 seg=0.4877 cls=0.4006
[2026-02-08 18:11:49,089] INFO - Train epoch=2 step=1400/18750 loss=0.5515 seg=0.2317 cls=0.3198
[2026-02-08 18:11:51,089] INFO - Train epoch=2 step=1440/18750 loss=0.7911 seg=0.3181 cls=0.4730
[2026-02-08 18:11:53,093] INFO - Train epoch=2 step=1480/18750 loss=0.7729 seg=0.4191 cls=0.3538
[2026-02-08 18:11:55,104] INFO - Train epoch=2 step=1520/18750 loss=0.7599 seg=0.2871 cls=0.4728
[2026-02-08 18:11:57,137] INFO - Train epoch=2 step=1560/18750 loss=0.9142 seg=0.5219 cls=0.3923
[2026-02-08 18:11:59,176] INFO - Train epoch=2 step=1600/18750 loss=0.8512 seg=0.3509 cls=0.5003
[2026-02-08 18:12:01,113] INFO - Train epoch=2 step=1640/18750 loss=0.6423 seg=0.3544 cls=0.2879
[2026-02-08 18:12:02,987] INFO - Train epoch=2 step=1680/18750 loss=0.5866 seg=0.2226 cls=0.3639
[2026-02-08 18:12:04,990] INFO - Train epoch=2 step=1720/18750 loss=0.7269 seg=0.4167 cls=0.3103
[2026-02-08 18:12:06,942] INFO - Train epoch=2 step=1760/18750 loss=0.6750 seg=0.4132 cls=0.2618
[2026-02-08 18:12:08,998] INFO - Train epoch=2 step=1800/18750 loss=0.4394 seg=0.1819 cls=0.2576
[2026-02-08 18:12:11,091] INFO - Train epoch=2 step=1840/18750 loss=0.9861 seg=0.5158 cls=0.4704
[2026-02-08 18:12:13,116] INFO - Train epoch=2 step=1880/18750 loss=0.7053 seg=0.3469 cls=0.3585
[2026-02-08 18:12:15,555] INFO - Train epoch=2 step=1920/18750 loss=0.6075 seg=0.3276 cls=0.2799
[2026-02-08 18:12:18,370] INFO - Train epoch=2 step=1960/18750 loss=0.5345 seg=0.2834 cls=0.2511
[2026-02-08 18:12:20,374] INFO - Train epoch=2 step=2000/18750 loss=0.7636 seg=0.3959 cls=0.3676
[2026-02-08 18:12:22,398] INFO - Train epoch=2 step=2040/18750 loss=0.4954 seg=0.2272 cls=0.2682
[2026-02-08 18:12:24,535] INFO - Train epoch=2 step=2080/18750 loss=0.5406 seg=0.2121 cls=0.3285
[2026-02-08 18:12:26,575] INFO - Train epoch=2 step=2120/18750 loss=0.5849 seg=0.3016 cls=0.2834
[2026-02-08 18:12:28,591] INFO - Train epoch=2 step=2160/18750 loss=0.8273 seg=0.3056 cls=0.5217
[2026-02-08 18:12:30,613] INFO - Train epoch=2 step=2200/18750 loss=0.4954 seg=0.1751 cls=0.3204
[2026-02-08 18:12:32,625] INFO - Train epoch=2 step=2240/18750 loss=0.5179 seg=0.2692 cls=0.2487
[2026-02-08 18:12:34,645] INFO - Train epoch=2 step=2280/18750 loss=0.5888 seg=0.3226 cls=0.2661
[2026-02-08 18:12:36,633] INFO - Train epoch=2 step=2320/18750 loss=0.7710 seg=0.3276 cls=0.4434
[2026-02-08 18:12:38,693] INFO - Train epoch=2 step=2360/18750 loss=0.8511 seg=0.4152 cls=0.4359
[2026-02-08 18:12:40,755] INFO - Train epoch=2 step=2400/18750 loss=0.8751 seg=0.2708 cls=0.6043
[2026-02-08 18:12:42,870] INFO - Train epoch=2 step=2440/18750 loss=0.8059 seg=0.3881 cls=0.4178
[2026-02-08 18:12:44,772] INFO - Train epoch=2 step=2480/18750 loss=0.7175 seg=0.3555 cls=0.3620
[2026-02-08 18:12:46,846] INFO - Train epoch=2 step=2520/18750 loss=0.5855 seg=0.2686 cls=0.3169
[2026-02-08 18:12:48,852] INFO - Train epoch=2 step=2560/18750 loss=0.6350 seg=0.2885 cls=0.3465
[2026-02-08 18:12:50,859] INFO - Train epoch=2 step=2600/18750 loss=0.4718 seg=0.2557 cls=0.2160
[2026-02-08 18:12:52,915] INFO - Train epoch=2 step=2640/18750 loss=0.5013 seg=0.3069 cls=0.1944
[2026-02-08 18:12:54,860] INFO - Train epoch=2 step=2680/18750 loss=0.4823 seg=0.2016 cls=0.2807
[2026-02-08 18:12:56,875] INFO - Train epoch=2 step=2720/18750 loss=1.4047 seg=0.5940 cls=0.8107
[2026-02-08 18:12:58,883] INFO - Train epoch=2 step=2760/18750 loss=0.4285 seg=0.1738 cls=0.2547
[2026-02-08 18:13:00,878] INFO - Train epoch=2 step=2800/18750 loss=0.7479 seg=0.2870 cls=0.4609
[2026-02-08 18:13:02,857] INFO - Train epoch=2 step=2840/18750 loss=0.4744 seg=0.2273 cls=0.2470
[2026-02-08 18:13:04,846] INFO - Train epoch=2 step=2880/18750 loss=0.7450 seg=0.4356 cls=0.3094
[2026-02-08 18:13:06,860] INFO - Train epoch=2 step=2920/18750 loss=0.8629 seg=0.3694 cls=0.4935
[2026-02-08 18:13:08,822] INFO - Train epoch=2 step=2960/18750 loss=0.4613 seg=0.1903 cls=0.2710
[2026-02-08 18:13:10,752] INFO - Train epoch=2 step=3000/18750 loss=0.4478 seg=0.2147 cls=0.2331
[2026-02-08 18:13:12,744] INFO - Train epoch=2 step=3040/18750 loss=0.6319 seg=0.3188 cls=0.3132
[2026-02-08 18:13:14,661] INFO - Train epoch=2 step=3080/18750 loss=0.5701 seg=0.1657 cls=0.4044
[2026-02-08 18:13:16,684] INFO - Train epoch=2 step=3120/18750 loss=0.4295 seg=0.2489 cls=0.1807
[2026-02-08 18:13:18,654] INFO - Train epoch=2 step=3160/18750 loss=0.5000 seg=0.2137 cls=0.2863
[2026-02-08 18:13:20,662] INFO - Train epoch=2 step=3200/18750 loss=0.7389 seg=0.3263 cls=0.4125
[2026-02-08 18:13:22,617] INFO - Train epoch=2 step=3240/18750 loss=0.7815 seg=0.3020 cls=0.4795
[2026-02-08 18:13:24,582] INFO - Train epoch=2 step=3280/18750 loss=0.6442 seg=0.2723 cls=0.3719
[2026-02-08 18:13:26,584] INFO - Train epoch=2 step=3320/18750 loss=0.9912 seg=0.3070 cls=0.6841
[2026-02-08 18:13:29,011] INFO - Train epoch=2 step=3360/18750 loss=0.5935 seg=0.2648 cls=0.3288
[2026-02-08 18:13:31,004] INFO - Train epoch=2 step=3400/18750 loss=0.7384 seg=0.3679 cls=0.3705
[2026-02-08 18:13:33,553] INFO - Train epoch=2 step=3440/18750 loss=0.7452 seg=0.3507 cls=0.3945
[2026-02-08 18:13:35,606] INFO - Train epoch=2 step=3480/18750 loss=0.4910 seg=0.1752 cls=0.3158
[2026-02-08 18:13:37,676] INFO - Train epoch=2 step=3520/18750 loss=1.1378 seg=0.5807 cls=0.5572
[2026-02-08 18:13:39,670] INFO - Train epoch=2 step=3560/18750 loss=0.6537 seg=0.3656 cls=0.2881
[2026-02-08 18:13:41,720] INFO - Train epoch=2 step=3600/18750 loss=0.8975 seg=0.3558 cls=0.5417
[2026-02-08 18:13:43,776] INFO - Train epoch=2 step=3640/18750 loss=0.5822 seg=0.3128 cls=0.2694
[2026-02-08 18:13:45,841] INFO - Train epoch=2 step=3680/18750 loss=0.5168 seg=0.3493 cls=0.1676
[2026-02-08 18:13:47,929] INFO - Train epoch=2 step=3720/18750 loss=0.6053 seg=0.1825 cls=0.4228
[2026-02-08 18:13:50,013] INFO - Train epoch=2 step=3760/18750 loss=1.1542 seg=0.5425 cls=0.6117
[2026-02-08 18:13:52,096] INFO - Train epoch=2 step=3800/18750 loss=0.4585 seg=0.2983 cls=0.1602
[2026-02-08 18:13:54,139] INFO - Train epoch=2 step=3840/18750 loss=0.6725 seg=0.3765 cls=0.2961
[2026-02-08 18:13:56,190] INFO - Train epoch=2 step=3880/18750 loss=0.8679 seg=0.4148 cls=0.4531
[2026-02-08 18:13:58,257] INFO - Train epoch=2 step=3920/18750 loss=0.4556 seg=0.2255 cls=0.2301
[2026-02-08 18:14:00,271] INFO - Train epoch=2 step=3960/18750 loss=0.6889 seg=0.3774 cls=0.3115
[2026-02-08 18:14:02,285] INFO - Train epoch=2 step=4000/18750 loss=0.4908 seg=0.3206 cls=0.1702
[2026-02-08 18:14:04,338] INFO - Train epoch=2 step=4040/18750 loss=0.7797 seg=0.3885 cls=0.3912
[2026-02-08 18:14:06,354] INFO - Train epoch=2 step=4080/18750 loss=0.8034 seg=0.3622 cls=0.4412
[2026-02-08 18:14:08,362] INFO - Train epoch=2 step=4120/18750 loss=0.6132 seg=0.3194 cls=0.2938
[2026-02-08 18:14:10,386] INFO - Train epoch=2 step=4160/18750 loss=0.6038 seg=0.2893 cls=0.3145
[2026-02-08 18:14:12,356] INFO - Train epoch=2 step=4200/18750 loss=0.4547 seg=0.1853 cls=0.2694
[2026-02-08 18:14:14,345] INFO - Train epoch=2 step=4240/18750 loss=0.4800 seg=0.2245 cls=0.2554
[2026-02-08 18:14:16,396] INFO - Train epoch=2 step=4280/18750 loss=0.6127 seg=0.2329 cls=0.3798
[2026-02-08 18:14:18,386] INFO - Train epoch=2 step=4320/18750 loss=0.8044 seg=0.4788 cls=0.3256
[2026-02-08 18:14:20,369] INFO - Train epoch=2 step=4360/18750 loss=0.6524 seg=0.2994 cls=0.3530
[2026-02-08 18:14:22,416] INFO - Train epoch=2 step=4400/18750 loss=0.9162 seg=0.3512 cls=0.5650
[2026-02-08 18:14:24,464] INFO - Train epoch=2 step=4440/18750 loss=0.4383 seg=0.3278 cls=0.1105
[2026-02-08 18:14:26,482] INFO - Train epoch=2 step=4480/18750 loss=0.4300 seg=0.3040 cls=0.1260
[2026-02-08 18:14:28,494] INFO - Train epoch=2 step=4520/18750 loss=0.6146 seg=0.3642 cls=0.2505
[2026-02-08 18:14:30,474] INFO - Train epoch=2 step=4560/18750 loss=0.6194 seg=0.3183 cls=0.3011
[2026-02-08 18:14:32,511] INFO - Train epoch=2 step=4600/18750 loss=0.6559 seg=0.1641 cls=0.4919
[2026-02-08 18:14:34,561] INFO - Train epoch=2 step=4640/18750 loss=0.4703 seg=0.2125 cls=0.2578
[2026-02-08 18:14:36,551] INFO - Train epoch=2 step=4680/18750 loss=0.7549 seg=0.2353 cls=0.5196
[2026-02-08 18:14:38,574] INFO - Train epoch=2 step=4720/18750 loss=0.6086 seg=0.3399 cls=0.2686
[2026-02-08 18:14:40,505] INFO - Train epoch=2 step=4760/18750 loss=0.6832 seg=0.3950 cls=0.2881
[2026-02-08 18:14:42,468] INFO - Train epoch=2 step=4800/18750 loss=0.6292 seg=0.3369 cls=0.2923
[2026-02-08 18:14:44,406] INFO - Train epoch=2 step=4840/18750 loss=0.4118 seg=0.1497 cls=0.2622
[2026-02-08 18:14:46,814] INFO - Train epoch=2 step=4880/18750 loss=0.9664 seg=0.4449 cls=0.5215
[2026-02-08 18:14:49,567] INFO - Train epoch=2 step=4920/18750 loss=0.4918 seg=0.2089 cls=0.2828
[2026-02-08 18:14:51,600] INFO - Train epoch=2 step=4960/18750 loss=0.3921 seg=0.1842 cls=0.2079
[2026-02-08 18:14:53,666] INFO - Train epoch=2 step=5000/18750 loss=0.5114 seg=0.2484 cls=0.2630
[2026-02-08 18:14:55,761] INFO - Train epoch=2 step=5040/18750 loss=0.7367 seg=0.2605 cls=0.4762
[2026-02-08 18:14:57,816] INFO - Train epoch=2 step=5080/18750 loss=0.7400 seg=0.5444 cls=0.1956
[2026-02-08 18:14:59,947] INFO - Train epoch=2 step=5120/18750 loss=0.6049 seg=0.3630 cls=0.2418
[2026-02-08 18:15:02,117] INFO - Train epoch=2 step=5160/18750 loss=0.6138 seg=0.3131 cls=0.3007
[2026-02-08 18:15:04,151] INFO - Train epoch=2 step=5200/18750 loss=0.7964 seg=0.2576 cls=0.5388
[2026-02-08 18:15:06,223] INFO - Train epoch=2 step=5240/18750 loss=0.9111 seg=0.4037 cls=0.5074
[2026-02-08 18:15:08,283] INFO - Train epoch=2 step=5280/18750 loss=0.6742 seg=0.3386 cls=0.3356
[2026-02-08 18:15:10,347] INFO - Train epoch=2 step=5320/18750 loss=0.7778 seg=0.3515 cls=0.4263
[2026-02-08 18:15:12,405] INFO - Train epoch=2 step=5360/18750 loss=0.5916 seg=0.2670 cls=0.3245
[2026-02-08 18:15:14,475] INFO - Train epoch=2 step=5400/18750 loss=0.5906 seg=0.3555 cls=0.2351
[2026-02-08 18:15:16,548] INFO - Train epoch=2 step=5440/18750 loss=0.6018 seg=0.2891 cls=0.3127
[2026-02-08 18:15:18,587] INFO - Train epoch=2 step=5480/18750 loss=0.8207 seg=0.4478 cls=0.3730
[2026-02-08 18:15:20,682] INFO - Train epoch=2 step=5520/18750 loss=0.6652 seg=0.3854 cls=0.2798
[2026-02-08 18:15:22,742] INFO - Train epoch=2 step=5560/18750 loss=0.3531 seg=0.1390 cls=0.2141
[2026-02-08 18:15:24,707] INFO - Train epoch=2 step=5600/18750 loss=0.6569 seg=0.2832 cls=0.3737
[2026-02-08 18:15:26,765] INFO - Train epoch=2 step=5640/18750 loss=0.7531 seg=0.3726 cls=0.3805
[2026-02-08 18:15:28,781] INFO - Train epoch=2 step=5680/18750 loss=0.8414 seg=0.4039 cls=0.4376
[2026-02-08 18:15:30,795] INFO - Train epoch=2 step=5720/18750 loss=1.2329 seg=0.4374 cls=0.7955
[2026-02-08 18:15:32,815] INFO - Train epoch=2 step=5760/18750 loss=0.6461 seg=0.3360 cls=0.3102
[2026-02-08 18:15:34,882] INFO - Train epoch=2 step=5800/18750 loss=0.7878 seg=0.3962 cls=0.3915
[2026-02-08 18:15:36,765] INFO - Train epoch=2 step=5840/18750 loss=0.6284 seg=0.2966 cls=0.3318
[2026-02-08 18:15:38,793] INFO - Train epoch=2 step=5880/18750 loss=0.4252 seg=0.2450 cls=0.1802
[2026-02-08 18:15:40,788] INFO - Train epoch=2 step=5920/18750 loss=1.0431 seg=0.6013 cls=0.4418
[2026-02-08 18:15:42,798] INFO - Train epoch=2 step=5960/18750 loss=0.5000 seg=0.2199 cls=0.2801
[2026-02-08 18:15:44,791] INFO - Train epoch=2 step=6000/18750 loss=1.0104 seg=0.3846 cls=0.6258
[2026-02-08 18:15:46,823] INFO - Train epoch=2 step=6040/18750 loss=0.5620 seg=0.2650 cls=0.2969
[2026-02-08 18:15:48,797] INFO - Train epoch=2 step=6080/18750 loss=0.6007 seg=0.2517 cls=0.3490
[2026-02-08 18:15:50,744] INFO - Train epoch=2 step=6120/18750 loss=0.5982 seg=0.3265 cls=0.2717
[2026-02-08 18:15:52,783] INFO - Train epoch=2 step=6160/18750 loss=1.0191 seg=0.5141 cls=0.5049
[2026-02-08 18:15:54,842] INFO - Train epoch=2 step=6200/18750 loss=0.6144 seg=0.2232 cls=0.3912
[2026-02-08 18:15:56,828] INFO - Train epoch=2 step=6240/18750 loss=0.5351 seg=0.1931 cls=0.3419
[2026-02-08 18:15:58,763] INFO - Train epoch=2 step=6280/18750 loss=0.3927 seg=0.2370 cls=0.1557
[2026-02-08 18:16:00,747] INFO - Train epoch=2 step=6320/18750 loss=0.9745 seg=0.2443 cls=0.7303
[2026-02-08 18:16:02,703] INFO - Train epoch=2 step=6360/18750 loss=0.4235 seg=0.2294 cls=0.1941
[2026-02-08 18:16:05,612] INFO - Train epoch=2 step=6400/18750 loss=0.5047 seg=0.2343 cls=0.2704
[2026-02-08 18:16:08,010] INFO - Train epoch=2 step=6440/18750 loss=0.8730 seg=0.3759 cls=0.4971
[2026-02-08 18:16:10,023] INFO - Train epoch=2 step=6480/18750 loss=0.6566 seg=0.2393 cls=0.4174
[2026-02-08 18:16:12,157] INFO - Train epoch=2 step=6520/18750 loss=0.5868 seg=0.2096 cls=0.3772
[2026-02-08 18:16:14,193] INFO - Train epoch=2 step=6560/18750 loss=0.4709 seg=0.3005 cls=0.1705
[2026-02-08 18:16:16,260] INFO - Train epoch=2 step=6600/18750 loss=0.6876 seg=0.3308 cls=0.3568
[2026-02-08 18:16:18,315] INFO - Train epoch=2 step=6640/18750 loss=0.7560 seg=0.3968 cls=0.3592
[2026-02-08 18:16:20,378] INFO - Train epoch=2 step=6680/18750 loss=0.5740 seg=0.2751 cls=0.2989
[2026-02-08 18:16:22,427] INFO - Train epoch=2 step=6720/18750 loss=0.7902 seg=0.3123 cls=0.4779
[2026-02-08 18:16:24,488] INFO - Train epoch=2 step=6760/18750 loss=0.6897 seg=0.3199 cls=0.3698
[2026-02-08 18:16:26,527] INFO - Train epoch=2 step=6800/18750 loss=0.7592 seg=0.3242 cls=0.4350
[2026-02-08 18:16:28,579] INFO - Train epoch=2 step=6840/18750 loss=1.0592 seg=0.4711 cls=0.5881
[2026-02-08 18:16:30,652] INFO - Train epoch=2 step=6880/18750 loss=0.9844 seg=0.4852 cls=0.4992
[2026-02-08 18:16:32,742] INFO - Train epoch=2 step=6920/18750 loss=0.6569 seg=0.4001 cls=0.2568
[2026-02-08 18:16:34,781] INFO - Train epoch=2 step=6960/18750 loss=0.5723 seg=0.3949 cls=0.1774
[2026-02-08 18:16:36,851] INFO - Train epoch=2 step=7000/18750 loss=0.5752 seg=0.3446 cls=0.2305
[2026-02-08 18:16:38,897] INFO - Train epoch=2 step=7040/18750 loss=0.6151 seg=0.2035 cls=0.4116
[2026-02-08 18:16:40,923] INFO - Train epoch=2 step=7080/18750 loss=0.6837 seg=0.3484 cls=0.3354
[2026-02-08 18:16:42,992] INFO - Train epoch=2 step=7120/18750 loss=0.5787 seg=0.2730 cls=0.3058
[2026-02-08 18:16:45,022] INFO - Train epoch=2 step=7160/18750 loss=0.3846 seg=0.1514 cls=0.2332
[2026-02-08 18:16:47,036] INFO - Train epoch=2 step=7200/18750 loss=0.5824 seg=0.3350 cls=0.2474
[2026-02-08 18:16:49,039] INFO - Train epoch=2 step=7240/18750 loss=0.4342 seg=0.2287 cls=0.2055
[2026-02-08 18:16:51,023] INFO - Train epoch=2 step=7280/18750 loss=0.9919 seg=0.3384 cls=0.6534
[2026-02-08 18:16:52,974] INFO - Train epoch=2 step=7320/18750 loss=0.6466 seg=0.3050 cls=0.3416
[2026-02-08 18:16:55,138] INFO - Train epoch=2 step=7360/18750 loss=0.6704 seg=0.2476 cls=0.4229
[2026-02-08 18:16:57,170] INFO - Train epoch=2 step=7400/18750 loss=1.0158 seg=0.4863 cls=0.5295
[2026-02-08 18:16:59,133] INFO - Train epoch=2 step=7440/18750 loss=0.4748 seg=0.2829 cls=0.1919
[2026-02-08 18:17:01,132] INFO - Train epoch=2 step=7480/18750 loss=0.5682 seg=0.4105 cls=0.1577
[2026-02-08 18:17:03,094] INFO - Train epoch=2 step=7520/18750 loss=0.4376 seg=0.2203 cls=0.2173
[2026-02-08 18:17:05,080] INFO - Train epoch=2 step=7560/18750 loss=0.7078 seg=0.1511 cls=0.5567
[2026-02-08 18:17:07,088] INFO - Train epoch=2 step=7600/18750 loss=0.7791 seg=0.4287 cls=0.3504
[2026-02-08 18:17:09,097] INFO - Train epoch=2 step=7640/18750 loss=0.7002 seg=0.4225 cls=0.2777
[2026-02-08 18:17:11,031] INFO - Train epoch=2 step=7680/18750 loss=1.0595 seg=0.5187 cls=0.5408
[2026-02-08 18:17:13,000] INFO - Train epoch=2 step=7720/18750 loss=0.4904 seg=0.1354 cls=0.3550
[2026-02-08 18:17:14,998] INFO - Train epoch=2 step=7760/18750 loss=0.4491 seg=0.2282 cls=0.2208
[2026-02-08 18:17:16,977] INFO - Train epoch=2 step=7800/18750 loss=0.5172 seg=0.2652 cls=0.2520
[2026-02-08 18:17:19,025] INFO - Train epoch=2 step=7840/18750 loss=0.4687 seg=0.2400 cls=0.2287
[2026-02-08 18:17:21,564] INFO - Train epoch=2 step=7880/18750 loss=0.4965 seg=0.2167 cls=0.2799
[2026-02-08 18:17:24,024] INFO - Train epoch=2 step=7920/18750 loss=0.5999 seg=0.3285 cls=0.2714
[2026-02-08 18:17:26,112] INFO - Train epoch=2 step=7960/18750 loss=0.7961 seg=0.2867 cls=0.5094
[2026-02-08 18:17:28,294] INFO - Train epoch=2 step=8000/18750 loss=0.7179 seg=0.2831 cls=0.4348
[2026-02-08 18:17:30,359] INFO - Train epoch=2 step=8040/18750 loss=0.4309 seg=0.2860 cls=0.1449
[2026-02-08 18:17:32,493] INFO - Train epoch=2 step=8080/18750 loss=0.4237 seg=0.2250 cls=0.1987
[2026-02-08 18:17:34,545] INFO - Train epoch=2 step=8120/18750 loss=0.7477 seg=0.3781 cls=0.3696
[2026-02-08 18:17:36,568] INFO - Train epoch=2 step=8160/18750 loss=0.9328 seg=0.4293 cls=0.5035
[2026-02-08 18:17:38,656] INFO - Train epoch=2 step=8200/18750 loss=0.8688 seg=0.4342 cls=0.4345
[2026-02-08 18:17:40,673] INFO - Train epoch=2 step=8240/18750 loss=0.7808 seg=0.4720 cls=0.3088
[2026-02-08 18:17:42,682] INFO - Train epoch=2 step=8280/18750 loss=0.5581 seg=0.2921 cls=0.2660
[2026-02-08 18:17:44,746] INFO - Train epoch=2 step=8320/18750 loss=0.5093 seg=0.2649 cls=0.2445
[2026-02-08 18:17:46,775] INFO - Train epoch=2 step=8360/18750 loss=1.1117 seg=0.3992 cls=0.7125
[2026-02-08 18:17:48,797] INFO - Train epoch=2 step=8400/18750 loss=0.7067 seg=0.3022 cls=0.4045
[2026-02-08 18:17:50,843] INFO - Train epoch=2 step=8440/18750 loss=0.6172 seg=0.2866 cls=0.3307
[2026-02-08 18:17:52,926] INFO - Train epoch=2 step=8480/18750 loss=0.7794 seg=0.4284 cls=0.3510
[2026-02-08 18:17:54,936] INFO - Train epoch=2 step=8520/18750 loss=0.7192 seg=0.4343 cls=0.2849
[2026-02-08 18:17:56,916] INFO - Train epoch=2 step=8560/18750 loss=0.7811 seg=0.2774 cls=0.5037
[2026-02-08 18:17:58,939] INFO - Train epoch=2 step=8600/18750 loss=0.7456 seg=0.3474 cls=0.3982
[2026-02-08 18:18:01,019] INFO - Train epoch=2 step=8640/18750 loss=0.5429 seg=0.2494 cls=0.2935
[2026-02-08 18:18:03,009] INFO - Train epoch=2 step=8680/18750 loss=0.4531 seg=0.2537 cls=0.1995
[2026-02-08 18:18:04,997] INFO - Train epoch=2 step=8720/18750 loss=0.9209 seg=0.2892 cls=0.6316
[2026-02-08 18:18:07,096] INFO - Train epoch=2 step=8760/18750 loss=1.1971 seg=0.5338 cls=0.6634
[2026-02-08 18:18:09,139] INFO - Train epoch=2 step=8800/18750 loss=0.6163 seg=0.3443 cls=0.2720
[2026-02-08 18:18:11,113] INFO - Train epoch=2 step=8840/18750 loss=0.6725 seg=0.3680 cls=0.3045
[2026-02-08 18:18:13,079] INFO - Train epoch=2 step=8880/18750 loss=0.5105 seg=0.2780 cls=0.2325
[2026-02-08 18:18:15,083] INFO - Train epoch=2 step=8920/18750 loss=1.0234 seg=0.5640 cls=0.4593
